#
# There is insufficient memory for the Java Runtime Environment to continue.
# Native memory allocation (mmap) failed to map 65536 bytes for Failed to commit metaspace.
# Possible reasons:
#   The system is out of physical RAM or swap space
#   The process is running with CompressedOops enabled, and the Java Heap may be blocking the growth of the native heap
# Possible solutions:
#   Reduce memory load on the system
#   Increase physical memory or swap space
#   Check if swap backing store is full
#   Decrease Java heap size (-Xmx/-Xms)
#   Decrease number of Java threads
#   Decrease Java thread stack sizes (-Xss)
#   Set larger code cache with -XX:ReservedCodeCacheSize=
#   JVM is running with Unscaled Compressed Oops mode in which the Java heap is
#     placed in the first 4GB address space. The Java Heap base address is the
#     maximum limit for the native heap growth. Please use -XX:HeapBaseMinAddress
#     to set the Java Heap base and to place the Java Heap above 4GB virtual address.
# This output file may be truncated or incomplete.
#
#  Out of Memory Error (virtualSpaceNode.cpp:110), pid=3616, tid=9012
#
# JRE version: OpenJDK Runtime Environment Temurin-18.0.1+10 (18.0.1+10) (build 18.0.1+10)
# Java VM: OpenJDK 64-Bit Server VM Temurin-18.0.1+10 (18.0.1+10, mixed mode, tiered, compressed oops, compressed class ptrs, g1 gc, windows-amd64)
# No core dump will be written. Minidumps are not enabled by default on client versions of Windows
#

---------------  S U M M A R Y ------------

Command Line: -Dfile.encoding=UTF-8 -XX:+ShowCodeDetailsInExceptionMessages com.patientservice.PatientServiceApplication

Host: Intel(R) Core(TM) i5-1035G1 CPU @ 1.00GHz, 8 cores, 7G,  Windows 10 , 64 bit Build 19041 (10.0.19041.1741)
Time: Wed Jun 22 23:26:29 2022 India Standard Time elapsed time: 10.242602 seconds (0d 0h 0m 10s)

---------------  T H R E A D  ---------------

Current thread (0x000002874d7febc0):  JavaThread "main" [_thread_in_vm, id=9012, stack(0x000000faf1d00000,0x000000faf1e00000)]

Stack: [0x000000faf1d00000,0x000000faf1e00000]
Native frames: (J=compiled Java code, j=interpreted, Vv=VM code, C=native code)
V  [jvm.dll+0x69cd4a]
V  [jvm.dll+0x84b63d]
V  [jvm.dll+0x84cf4e]
V  [jvm.dll+0x84d603]
V  [jvm.dll+0x25f19f]
V  [jvm.dll+0x84734b]
V  [jvm.dll+0x641d76]
V  [jvm.dll+0x1d91be]
V  [jvm.dll+0x64472b]
V  [jvm.dll+0x64452e]
V  [jvm.dll+0x64273e]
V  [jvm.dll+0x25cb4c]
V  [jvm.dll+0x6f1fad]
V  [jvm.dll+0x6f29df]
V  [jvm.dll+0x395249]
V  [jvm.dll+0x3943b4]
V  [jvm.dll+0x394358]
V  [jvm.dll+0x58113f]
V  [jvm.dll+0x5811e8]
V  [jvm.dll+0x3a721e]
V  [jvm.dll+0x3a6ce2]
C  0x00000287526b8a7e

Java frames: (J=compiled Java code, j=interpreted, Vv=VM code)
j  org.hibernate.jpa.boot.internal.EntityManagerFactoryBuilderImpl.populateSfBuilder(Lorg/hibernate/boot/SessionFactoryBuilder;Lorg/hibernate/boot/registry/StandardServiceRegistry;)V+141
j  org.hibernate.jpa.boot.internal.EntityManagerFactoryBuilderImpl.build()Ljavax/persistence/EntityManagerFactory;+18
j  org.springframework.orm.jpa.vendor.SpringHibernateJpaPersistenceProvider.createContainerEntityManagerFactory(Ljavax/persistence/spi/PersistenceUnitInfo;Ljava/util/Map;)Ljavax/persistence/EntityManagerFactory;+55
j  org.springframework.orm.jpa.LocalContainerEntityManagerFactoryBean.createNativeEntityManagerFactory()Ljavax/persistence/EntityManagerFactory;+129
j  org.springframework.orm.jpa.AbstractEntityManagerFactoryBean.buildNativeEntityManagerFactory()Ljavax/persistence/EntityManagerFactory;+1
j  org.springframework.orm.jpa.AbstractEntityManagerFactoryBean.afterPropertiesSet()V+192
j  org.springframework.orm.jpa.LocalContainerEntityManagerFactoryBean.afterPropertiesSet()V+77
j  org.springframework.beans.factory.support.AbstractAutowireCapableBeanFactory.invokeInitMethods(Ljava/lang/String;Ljava/lang/Object;Lorg/springframework/beans/factory/support/RootBeanDefinition;)V+106
j  org.springframework.beans.factory.support.AbstractAutowireCapableBeanFactory.initializeBean(Ljava/lang/String;Ljava/lang/Object;Lorg/springframework/beans/factory/support/RootBeanDefinition;)Ljava/lang/Object;+59
j  org.springframework.beans.factory.support.AbstractAutowireCapableBeanFactory.doCreateBean(Ljava/lang/String;Lorg/springframework/beans/factory/support/RootBeanDefinition;[Ljava/lang/Object;)Ljava/lang/Object;+245
j  org.springframework.beans.factory.support.AbstractAutowireCapableBeanFactory.createBean(Ljava/lang/String;Lorg/springframework/beans/factory/support/RootBeanDefinition;[Ljava/lang/Object;)Ljava/lang/Object;+169
j  org.springframework.beans.factory.support.AbstractBeanFactory.lambda$doGetBean$0(Ljava/lang/String;Lorg/springframework/beans/factory/support/RootBeanDefinition;[Ljava/lang/Object;)Ljava/lang/Object;+4
j  org.springframework.beans.factory.support.AbstractBeanFactory$$Lambda$269+0x000000010027f910.getObject()Ljava/lang/Object;+16
j  org.springframework.beans.factory.support.DefaultSingletonBeanRegistry.getSingleton(Ljava/lang/String;Lorg/springframework/beans/factory/ObjectFactory;)Ljava/lang/Object;+132
J 2874 c1 org.springframework.beans.factory.support.AbstractBeanFactory.doGetBean(Ljava/lang/String;Ljava/lang/Class;[Ljava/lang/Object;Z)Ljava/lang/Object; (832 bytes) @ 0x0000028753226eac [0x0000028753225140+0x0000000000001d6c]
j  org.springframework.beans.factory.support.AbstractBeanFactory.getBean(Ljava/lang/String;)Ljava/lang/Object;+5
j  org.springframework.context.support.AbstractApplicationContext.getBean(Ljava/lang/String;)Ljava/lang/Object;+9
j  org.springframework.context.support.AbstractApplicationContext.finishBeanFactoryInitialization(Lorg/springframework/beans/factory/config/ConfigurableListableBeanFactory;)V+100
j  org.springframework.context.support.AbstractApplicationContext.refresh()V+86
j  org.springframework.boot.web.servlet.context.ServletWebServerApplicationContext.refresh()V+1
j  org.springframework.boot.SpringApplication.refresh(Lorg/springframework/context/ConfigurableApplicationContext;)V+1
j  org.springframework.boot.SpringApplication.refreshContext(Lorg/springframework/context/ConfigurableApplicationContext;)V+16
j  org.springframework.boot.SpringApplication.run([Ljava/lang/String;)Lorg/springframework/context/ConfigurableApplicationContext;+107
j  org.springframework.boot.SpringApplication.run([Ljava/lang/Class;[Ljava/lang/String;)Lorg/springframework/context/ConfigurableApplicationContext;+9
j  org.springframework.boot.SpringApplication.run(Ljava/lang/Class;[Ljava/lang/String;)Lorg/springframework/context/ConfigurableApplicationContext;+9
j  com.patientservice.PatientServiceApplication.main([Ljava/lang/String;)V+3
v  ~StubRoutines::call_stub

---------------  P R O C E S S  ---------------

Threads class SMR info:
_java_thread_list=0x000002874d81c360, length=19, elements={
0x000002874d7febc0, 0x00000287696032a0, 0x00000287696049c0, 0x00000287696390b0,
0x000002876963a1f0, 0x000002876963cce0, 0x000002876963d680, 0x000002876d800080,
0x000002876d82c220, 0x000002876d863750, 0x000002876d99a010, 0x000002876d9a3140,
0x000002876ff42c50, 0x000002876e873270, 0x000002876e873c10, 0x000002876e873740,
0x000002876e8740e0, 0x000002876e874a80, 0x000002876e876290
}

Java Threads: ( => current thread )
=>0x000002874d7febc0 JavaThread "main" [_thread_in_vm, id=9012, stack(0x000000faf1d00000,0x000000faf1e00000)]
  0x00000287696032a0 JavaThread "Reference Handler" daemon [_thread_blocked, id=14204, stack(0x000000faf2400000,0x000000faf2500000)]
  0x00000287696049c0 JavaThread "Finalizer" daemon [_thread_blocked, id=9580, stack(0x000000faf2500000,0x000000faf2600000)]
  0x00000287696390b0 JavaThread "Signal Dispatcher" daemon [_thread_blocked, id=16228, stack(0x000000faf2600000,0x000000faf2700000)]
  0x000002876963a1f0 JavaThread "Attach Listener" daemon [_thread_blocked, id=15572, stack(0x000000faf2700000,0x000000faf2800000)]
  0x000002876963cce0 JavaThread "Service Thread" daemon [_thread_blocked, id=11940, stack(0x000000faf2800000,0x000000faf2900000)]
  0x000002876963d680 JavaThread "Monitor Deflation Thread" daemon [_thread_blocked, id=2612, stack(0x000000faf2900000,0x000000faf2a00000)]
  0x000002876d800080 JavaThread "C2 CompilerThread0" daemon [_thread_blocked, id=14064, stack(0x000000faf2a00000,0x000000faf2b00000)]
  0x000002876d82c220 JavaThread "C1 CompilerThread0" daemon [_thread_blocked, id=8744, stack(0x000000faf2b00000,0x000000faf2c00000)]
  0x000002876d863750 JavaThread "Sweeper thread" daemon [_thread_blocked, id=9712, stack(0x000000faf2c00000,0x000000faf2d00000)]
  0x000002876d99a010 JavaThread "Notification Thread" daemon [_thread_blocked, id=14232, stack(0x000000faf2d00000,0x000000faf2e00000)]
  0x000002876d9a3140 JavaThread "Common-Cleaner" daemon [_thread_blocked, id=10672, stack(0x000000faf2f00000,0x000000faf3000000)]
  0x000002876ff42c50 JavaThread "C2 CompilerThread1" daemon [_thread_blocked, id=10680, stack(0x000000faf3600000,0x000000faf3700000)]
  0x000002876e873270 JavaThread "Catalina-utility-1" [_thread_blocked, id=4736, stack(0x000000faf3b00000,0x000000faf3c00000)]
  0x000002876e873c10 JavaThread "Catalina-utility-2" [_thread_blocked, id=2400, stack(0x000000faf3c00000,0x000000faf3d00000)]
  0x000002876e873740 JavaThread "container-0" [_thread_blocked, id=2268, stack(0x000000faf3d00000,0x000000faf3e00000)]
  0x000002876e8740e0 JavaThread "mysql-cj-abandoned-connection-cleanup" daemon [_thread_blocked, id=12556, stack(0x000000faf3e00000,0x000000faf3f00000)]
  0x000002876e874a80 JavaThread "HikariPool-1 housekeeper" daemon [_thread_blocked, id=8120, stack(0x000000faf3f00000,0x000000faf4000000)]
  0x000002876e876290 JavaThread "HikariPool-1 connection adder" daemon [_thread_blocked, id=8996, stack(0x000000faf4000000,0x000000faf4100000)]

Other Threads:
  0x00000287695eca30 VMThread "VM Thread" [stack: 0x000000faf2300000,0x000000faf2400000] [id=2532]
  0x000002876d99e4e0 WatcherThread "VM Periodic Task Thread" [stack: 0x000000faf2e00000,0x000000faf2f00000] [id=3404]
  0x000002874d85d050 WorkerThread "GC Thread#0" [stack: 0x000000faf1e00000,0x000000faf1f00000] [id=8000]
  0x000002876e16eaa0 WorkerThread "GC Thread#1" [stack: 0x000000faf3000000,0x000000faf3100000] [id=11424]
  0x000002876e860710 WorkerThread "GC Thread#2" [stack: 0x000000faf3100000,0x000000faf3200000] [id=10316]
  0x000002876e385b40 WorkerThread "GC Thread#3" [stack: 0x000000faf3200000,0x000000faf3300000] [id=12972]
  0x000002876e8292f0 WorkerThread "GC Thread#4" [stack: 0x000000faf3300000,0x000000faf3400000] [id=16260]
  0x000002876e8611a0 WorkerThread "GC Thread#5" [stack: 0x000000faf3400000,0x000000faf3500000] [id=1312]
  0x000002876e8362a0 WorkerThread "GC Thread#6" [stack: 0x000000faf3500000,0x000000faf3600000] [id=14372]
  0x000002876e9f9c90 WorkerThread "GC Thread#7" [stack: 0x000000faf3800000,0x000000faf3900000] [id=11048]
  0x000002874d86d840 ConcurrentGCThread "G1 Main Marker" [stack: 0x000000faf1f00000,0x000000faf2000000] [id=4564]
  0x000002874d86e230 WorkerThread "G1 Conc#0" [stack: 0x000000faf2000000,0x000000faf2100000] [id=7084]
  0x000002876e818190 WorkerThread "G1 Conc#1" [stack: 0x000000faf3900000,0x000000faf3a00000] [id=14744]
  0x000002874d8be230 ConcurrentGCThread "G1 Refine#0" [stack: 0x000000faf2100000,0x000000faf2200000] [id=6476]
  0x000002874d8beb40 ConcurrentGCThread "G1 Service" [stack: 0x000000faf2200000,0x000000faf2300000] [id=13612]

Threads with active compile tasks:

VM state: not at safepoint (normal execution)

VM Mutex/Monitor currently owned by a thread:  ([mutex/lock_event])
[0x000002874d7f6de0] Metaspace_lock - owner thread: 0x000002874d7febc0

Heap address: 0x0000000083a00000, size: 1990 MB, Compressed Oops mode: 32-bit

CDS archive(s) not mapped
Compressed class space mapped at: 0x0000000100000000-0x0000000140000000, reserved size: 1073741824
Narrow klass base: 0x0000000000000000, Narrow klass shift: 3, Narrow klass range: 0x140000000

GC Precious Log:
 CardTable entry size: 512
 Card Set container configuration: InlinePtr #cards 5 size 8 Array Of Cards #cards 12 size 40 Howl #buckets 4 coarsen threshold 1843 Howl Bitmap #cards 512 size 80 coarsen threshold 460 Card regions per heap region 1 cards per card region 2048
 CPUs: 8 total, 8 available
 Memory: 7959M
 Large Page Support: Disabled
 NUMA Support: Disabled
 Compressed Oops: Enabled (32-bit)
 Heap Region Size: 1M
 Heap Min Capacity: 8M
 Heap Initial Capacity: 126M
 Heap Max Capacity: 1990M
 Pre-touch: Disabled
 Parallel Workers: 8
 Concurrent Workers: 2
 Concurrent Refinement Workers: 8
 Periodic GC: Disabled

Heap:
 garbage-first heap   total 40960K, used 28962K [0x0000000083a00000, 0x0000000100000000)
  region size 1024K, 9 young (9216K), 1 survivors (1024K)
 Metaspace       used 53551K, committed 53888K, reserved 1114112K
  class space    used 6562K, committed 6720K, reserved 1048576K

Heap Regions: E=young(eden), S=young(survivor), O=old, HS=humongous(starts), HC=humongous(continues), CS=collection set, F=free, OA=open archive, CA=closed archive, TAMS=top-at-mark-start (previous, next)
|   0|0x0000000083a00000, 0x0000000083b00000, 0x0000000083b00000|100%|HS|  |TAMS 0x0000000083b00000, 0x0000000083a00000| Complete 
|   1|0x0000000083b00000, 0x0000000083c00000, 0x0000000083c00000|100%| O|  |TAMS 0x0000000083c00000, 0x0000000083b00000| Untracked 
|   2|0x0000000083c00000, 0x0000000083d00000, 0x0000000083d00000|100%| O|  |TAMS 0x0000000083d00000, 0x0000000083c00000| Untracked 
|   3|0x0000000083d00000, 0x0000000083e00000, 0x0000000083e00000|100%| O|  |TAMS 0x0000000083e00000, 0x0000000083d00000| Untracked 
|   4|0x0000000083e00000, 0x0000000083f00000, 0x0000000083f00000|100%| O|  |TAMS 0x0000000083f00000, 0x0000000083e00000| Untracked 
|   5|0x0000000083f00000, 0x0000000084000000, 0x0000000084000000|100%| O|  |TAMS 0x0000000084000000, 0x0000000083f00000| Untracked 
|   6|0x0000000084000000, 0x0000000084100000, 0x0000000084100000|100%| O|  |TAMS 0x0000000084100000, 0x0000000084000000| Untracked 
|   7|0x0000000084100000, 0x0000000084200000, 0x0000000084200000|100%| O|  |TAMS 0x0000000084200000, 0x0000000084100000| Untracked 
|   8|0x0000000084200000, 0x0000000084272a00, 0x0000000084300000| 44%| O|  |TAMS 0x0000000084272a00, 0x0000000084200000| Untracked 
|   9|0x0000000084300000, 0x0000000084400000, 0x0000000084400000|100%| O|  |TAMS 0x0000000084400000, 0x0000000084300000| Untracked 
|  10|0x0000000084400000, 0x0000000084500000, 0x0000000084500000|100%| O|  |TAMS 0x0000000084500000, 0x0000000084400000| Untracked 
|  11|0x0000000084500000, 0x0000000084600000, 0x0000000084600000|100%| O|  |TAMS 0x0000000084600000, 0x0000000084500000| Untracked 
|  12|0x0000000084600000, 0x0000000084700000, 0x0000000084700000|100%| O|  |TAMS 0x0000000084700000, 0x0000000084600000| Untracked 
|  13|0x0000000084700000, 0x0000000084800000, 0x0000000084800000|100%| O|  |TAMS 0x0000000084800000, 0x0000000084700000| Untracked 
|  14|0x0000000084800000, 0x0000000084900000, 0x0000000084900000|100%| O|  |TAMS 0x0000000084900000, 0x0000000084800000| Untracked 
|  15|0x0000000084900000, 0x0000000084a00000, 0x0000000084a00000|100%| O|  |TAMS 0x0000000084a00000, 0x0000000084900000| Untracked 
|  16|0x0000000084a00000, 0x0000000084b00000, 0x0000000084b00000|100%| O|  |TAMS 0x0000000084b00000, 0x0000000084a00000| Untracked 
|  17|0x0000000084b00000, 0x0000000084c00000, 0x0000000084c00000|100%| O|  |TAMS 0x0000000084c00000, 0x0000000084b00000| Untracked 
|  18|0x0000000084c00000, 0x0000000084d00000, 0x0000000084d00000|100%| O|  |TAMS 0x0000000084d00000, 0x0000000084c00000| Untracked 
|  19|0x0000000084d00000, 0x0000000084e00000, 0x0000000084e00000|100%| O|  |TAMS 0x0000000084dad400, 0x0000000084d00000| Untracked 
|  20|0x0000000084e00000, 0x0000000084f00000, 0x0000000084f00000|100%| O|  |TAMS 0x0000000084e00000, 0x0000000084e00000| Untracked 
|  21|0x0000000084f00000, 0x0000000084ff6600, 0x0000000085000000| 96%| O|  |TAMS 0x0000000084f00000, 0x0000000084f00000| Untracked 
|  22|0x0000000085000000, 0x0000000085000000, 0x0000000085100000|  0%| F|  |TAMS 0x0000000085000000, 0x0000000085000000| Untracked 
|  23|0x0000000085100000, 0x0000000085100000, 0x0000000085200000|  0%| F|  |TAMS 0x0000000085100000, 0x0000000085100000| Untracked 
|  24|0x0000000085200000, 0x0000000085200000, 0x0000000085300000|  0%| F|  |TAMS 0x0000000085200000, 0x0000000085200000| Untracked 
|  25|0x0000000085300000, 0x0000000085300000, 0x0000000085400000|  0%| F|  |TAMS 0x0000000085300000, 0x0000000085300000| Untracked 
|  26|0x0000000085400000, 0x0000000085400000, 0x0000000085500000|  0%| F|  |TAMS 0x0000000085400000, 0x0000000085400000| Untracked 
|  27|0x0000000085500000, 0x0000000085500000, 0x0000000085600000|  0%| F|  |TAMS 0x0000000085500000, 0x0000000085500000| Untracked 
|  28|0x0000000085600000, 0x0000000085600000, 0x0000000085700000|  0%| F|  |TAMS 0x0000000085600000, 0x0000000085600000| Untracked 
|  29|0x0000000085700000, 0x00000000857df970, 0x0000000085800000| 87%| S|CS|TAMS 0x0000000085700000, 0x0000000085700000| Complete 
|  30|0x0000000085800000, 0x0000000085800000, 0x0000000085900000|  0%| F|  |TAMS 0x0000000085800000, 0x0000000085800000| Untracked 
|  31|0x0000000085900000, 0x0000000085900000, 0x0000000085a00000|  0%| F|  |TAMS 0x0000000085900000, 0x0000000085900000| Untracked 
|  32|0x0000000085a00000, 0x0000000085aaa900, 0x0000000085b00000| 66%| E|  |TAMS 0x0000000085a00000, 0x0000000085a00000| Complete 
|  33|0x0000000085b00000, 0x0000000085c00000, 0x0000000085c00000|100%| E|  |TAMS 0x0000000085b00000, 0x0000000085b00000| Complete 
|  34|0x0000000085c00000, 0x0000000085d00000, 0x0000000085d00000|100%| E|CS|TAMS 0x0000000085c00000, 0x0000000085c00000| Complete 
|  35|0x0000000085d00000, 0x0000000085e00000, 0x0000000085e00000|100%| E|CS|TAMS 0x0000000085d00000, 0x0000000085d00000| Complete 
|  36|0x0000000085e00000, 0x0000000085f00000, 0x0000000085f00000|100%| E|CS|TAMS 0x0000000085e00000, 0x0000000085e00000| Complete 
| 122|0x000000008b400000, 0x000000008b500000, 0x000000008b500000|100%| E|CS|TAMS 0x000000008b400000, 0x000000008b400000| Complete 
| 123|0x000000008b500000, 0x000000008b600000, 0x000000008b600000|100%| E|CS|TAMS 0x000000008b500000, 0x000000008b500000| Complete 
| 125|0x000000008b700000, 0x000000008b800000, 0x000000008b800000|100%| E|CS|TAMS 0x000000008b700000, 0x000000008b700000| Complete 

Card table byte_map: [0x0000028762500000,0x00000287628f0000] _byte_map_base: 0x00000287620e3000

Marking Bits (Prev, Next): (CMBitMap*) 0x000002874d85d690, (CMBitMap*) 0x000002874d85d650
 Prev Bits: [0x0000028764c00000, 0x0000028766b18000)
 Next Bits: [0x0000028762ce0000, 0x0000028764bf8000)

Polling page: 0x0000028752680000

Metaspace:

Usage:
  Non-class:     45.89 MB used.
      Class:      6.41 MB used.
       Both:     52.30 MB used.

Virtual space:
  Non-class space:       64.00 MB reserved,      46.06 MB ( 72%) committed,  1 nodes.
      Class space:        1.00 GB reserved,       6.56 MB ( <1%) committed,  1 nodes.
             Both:        1.06 GB reserved,      52.62 MB (  5%) committed. 

Chunk freelists:
   Non-Class:  1.92 MB
       Class:  1.34 MB
        Both:  3.27 MB

MaxMetaspaceSize: unlimited
CompressedClassSpaceSize: 1.00 GB
Initial GC threshold: 21.00 MB
Current GC threshold: 78.44 MB
CDS: off
MetaspaceReclaimPolicy: balanced
 - commit_granule_bytes: 65536.
 - commit_granule_words: 8192.
 - virtual_space_node_default_size: 8388608.
 - enlarge_chunks_in_place: 1.
 - new_chunks_are_fully_committed: 0.
 - uncommit_free_chunks: 1.
 - use_allocation_guard: 0.


Internal statistics:

num_allocs_failed_limit: 8.
num_arena_births: 402.
num_arena_deaths: 0.
num_vsnodes_births: 2.
num_vsnodes_deaths: 0.
num_space_committed: 842.
num_space_uncommitted: 0.
num_chunks_returned_to_freelist: 8.
num_chunks_taken_from_freelist: 1842.
num_chunk_merges: 5.
num_chunk_splits: 1329.
num_chunks_enlarged: 1085.
num_inconsistent_stats: 0.

CodeHeap 'non-profiled nmethods': size=120000Kb used=2612Kb max_used=2659Kb free=117388Kb
 bounds [0x000002875a170000, 0x000002875a410000, 0x00000287616a0000]
CodeHeap 'profiled nmethods': size=120000Kb used=8800Kb max_used=9941Kb free=111199Kb
 bounds [0x0000028752c40000, 0x0000028753600000, 0x000002875a170000]
CodeHeap 'non-nmethods': size=5760Kb used=1300Kb max_used=1329Kb free=4459Kb
 bounds [0x00000287526a0000, 0x0000028752910000, 0x0000028752c40000]
 total_blobs=4723 nmethods=4130 adapters=505
 compilation: enabled
              stopped_count=0, restarted_count=0
 full_count=0

Compilation events (20 events):
Event: 10.202 Thread 0x000002876d82c220 4604       3       java.util.List::of (4 bytes)
Event: 10.202 Thread 0x000002876d82c220 nmethod 4604 0x0000028752ed7d10 code [0x0000028752ed7ea0, 0x0000028752ed7f98]
Event: 10.202 Thread 0x000002876d82c220 4605       3       java.util.Spliterators$ArraySpliterator::<init> (33 bytes)
Event: 10.203 Thread 0x000002876d82c220 nmethod 4605 0x0000028752fcbd10 code [0x0000028752fcbea0, 0x0000028752fcc078]
Event: 10.205 Thread 0x000002876ff42c50 nmethod 4578 0x000002875a2a8810 code [0x000002875a2a8b00, 0x000002875a2aac80]
Event: 10.205 Thread 0x000002876ff42c50 4594       4       java.lang.reflect.AccessibleObject::isAnnotationPresent (6 bytes)
Event: 10.206 Thread 0x000002876ff42c50 nmethod 4594 0x000002875a1c5590 code [0x000002875a1c5700, 0x000002875a1c5798]
Event: 10.208 Thread 0x000002876ff42c50 4606       4       org.springframework.core.annotation.TypeMappedAnnotations::get (8 bytes)
Event: 10.209 Thread 0x000002876ff42c50 nmethod 4606 0x000002875a1c5290 code [0x000002875a1c5420, 0x000002875a1c54c8]
Event: 10.214 Thread 0x000002876d82c220 4607       3       java.lang.invoke.BoundMethodHandle::bindArgumentL (11 bytes)
Event: 10.214 Thread 0x000002876d82c220 nmethod 4607 0x0000028752c9ec10 code [0x0000028752c9ede0, 0x0000028752c9f2b8]
Event: 10.220 Thread 0x000002876d800080 nmethod 4587 0x000002875a408d90 code [0x000002875a409d60, 0x000002875a40b8d0]
Event: 10.224 Thread 0x000002876d82c220 4608   !   3       java.lang.Class::newInstance (134 bytes)
Event: 10.226 Thread 0x000002876d82c220 nmethod 4608 0x0000028752fe6610 code [0x0000028752fe6a80, 0x0000028752fe8928]
Event: 10.226 Thread 0x000002876d82c220 4609       3       jdk.internal.reflect.ReflectionFactory::newInstance (13 bytes)
Event: 10.226 Thread 0x000002876d82c220 nmethod 4609 0x0000028752e13710 code [0x0000028752e138c0, 0x0000028752e13ac8]
Event: 10.228 Thread 0x000002876d82c220 4610       3       java.util.Collections$UnmodifiableMap$UnmodifiableEntrySet$UnmodifiableEntry::getKey (10 bytes)
Event: 10.228 Thread 0x000002876d82c220 nmethod 4610 0x0000028752e13090 code [0x0000028752e13240, 0x0000028752e13408]
Event: 10.235 Thread 0x000002876d82c220 4611       3       java.lang.CompoundEnumeration::hasMoreElements (5 bytes)
Event: 10.235 Thread 0x000002876d82c220 nmethod 4611 0x0000028752e75910 code [0x0000028752e75aa0, 0x0000028752e75be8]

GC Heap History (20 events):
Event: 5.365 GC heap before
{Heap before GC invocations=6 (full 0):
 garbage-first heap   total 40960K, used 28426K [0x0000000083a00000, 0x0000000100000000)
  region size 1024K, 17 young (17408K), 2 survivors (2048K)
 Metaspace       used 30056K, committed 30400K, reserved 1114112K
  class space    used 3425K, committed 3584K, reserved 1048576K
}
Event: 5.372 GC heap after
{Heap after GC invocations=7 (full 0):
 garbage-first heap   total 40960K, used 14137K [0x0000000083a00000, 0x0000000100000000)
  region size 1024K, 3 young (3072K), 3 survivors (3072K)
 Metaspace       used 30056K, committed 30400K, reserved 1114112K
  class space    used 3425K, committed 3584K, reserved 1048576K
}
Event: 6.266 GC heap before
{Heap before GC invocations=7 (full 0):
 garbage-first heap   total 40960K, used 29497K [0x0000000083a00000, 0x0000000100000000)
  region size 1024K, 18 young (18432K), 3 survivors (3072K)
 Metaspace       used 33081K, committed 33344K, reserved 1114112K
  class space    used 3835K, committed 3968K, reserved 1048576K
}
Event: 6.277 GC heap after
{Heap after GC invocations=8 (full 0):
 garbage-first heap   total 40960K, used 15779K [0x0000000083a00000, 0x0000000100000000)
  region size 1024K, 3 young (3072K), 3 survivors (3072K)
 Metaspace       used 33081K, committed 33344K, reserved 1114112K
  class space    used 3835K, committed 3968K, reserved 1048576K
}
Event: 7.255 GC heap before
{Heap before GC invocations=8 (full 0):
 garbage-first heap   total 40960K, used 28067K [0x0000000083a00000, 0x0000000100000000)
  region size 1024K, 16 young (16384K), 3 survivors (3072K)
 Metaspace       used 35884K, committed 36160K, reserved 1114112K
  class space    used 4196K, committed 4352K, reserved 1048576K
}
Event: 7.266 GC heap after
{Heap after GC invocations=9 (full 0):
 garbage-first heap   total 40960K, used 17171K [0x0000000083a00000, 0x0000000100000000)
  region size 1024K, 2 young (2048K), 2 survivors (2048K)
 Metaspace       used 35884K, committed 36160K, reserved 1114112K
  class space    used 4196K, committed 4352K, reserved 1048576K
}
Event: 7.675 GC heap before
{Heap before GC invocations=10 (full 0):
 garbage-first heap   total 40960K, used 30483K [0x0000000083a00000, 0x0000000100000000)
  region size 1024K, 15 young (15360K), 2 survivors (2048K)
 Metaspace       used 37297K, committed 37632K, reserved 1114112K
  class space    used 4340K, committed 4480K, reserved 1048576K
}
Event: 7.681 GC heap after
{Heap after GC invocations=11 (full 0):
 garbage-first heap   total 40960K, used 18480K [0x0000000083a00000, 0x0000000100000000)
  region size 1024K, 2 young (2048K), 2 survivors (2048K)
 Metaspace       used 37297K, committed 37632K, reserved 1114112K
  class space    used 4340K, committed 4480K, reserved 1048576K
}
Event: 7.685 GC heap before
{Heap before GC invocations=11 (full 0):
 garbage-first heap   total 40960K, used 18480K [0x0000000083a00000, 0x0000000100000000)
  region size 1024K, 3 young (3072K), 2 survivors (2048K)
 Metaspace       used 37297K, committed 37632K, reserved 1114112K
  class space    used 4340K, committed 4480K, reserved 1048576K
}
Event: 7.688 GC heap after
{Heap after GC invocations=12 (full 0):
 garbage-first heap   total 40960K, used 19238K [0x0000000083a00000, 0x0000000100000000)
  region size 1024K, 1 young (1024K), 1 survivors (1024K)
 Metaspace       used 37297K, committed 37632K, reserved 1114112K
  class space    used 4340K, committed 4480K, reserved 1048576K
}
Event: 8.074 GC heap before
{Heap before GC invocations=13 (full 0):
 garbage-first heap   total 40960K, used 29478K [0x0000000083a00000, 0x0000000100000000)
  region size 1024K, 10 young (10240K), 1 survivors (1024K)
 Metaspace       used 38629K, committed 38976K, reserved 1114112K
  class space    used 4518K, committed 4672K, reserved 1048576K
}
Event: 8.077 GC heap after
{Heap after GC invocations=14 (full 0):
 garbage-first heap   total 40960K, used 19640K [0x0000000083a00000, 0x0000000100000000)
  region size 1024K, 2 young (2048K), 2 survivors (2048K)
 Metaspace       used 38629K, committed 38976K, reserved 1114112K
  class space    used 4518K, committed 4672K, reserved 1048576K
}
Event: 8.615 GC heap before
{Heap before GC invocations=14 (full 0):
 garbage-first heap   total 40960K, used 27832K [0x0000000083a00000, 0x0000000100000000)
  region size 1024K, 11 young (11264K), 2 survivors (2048K)
 Metaspace       used 41290K, committed 41600K, reserved 1114112K
  class space    used 4881K, committed 4992K, reserved 1048576K
}
Event: 8.617 GC heap after
{Heap after GC invocations=15 (full 0):
 garbage-first heap   total 40960K, used 20175K [0x0000000083a00000, 0x0000000100000000)
  region size 1024K, 2 young (2048K), 2 survivors (2048K)
 Metaspace       used 41290K, committed 41600K, reserved 1114112K
  class space    used 4881K, committed 4992K, reserved 1048576K
}
Event: 9.081 GC heap before
{Heap before GC invocations=16 (full 0):
 garbage-first heap   total 40960K, used 29391K [0x0000000083a00000, 0x0000000100000000)
  region size 1024K, 11 young (11264K), 2 survivors (2048K)
 Metaspace       used 43987K, committed 44352K, reserved 1114112K
  class space    used 5404K, committed 5632K, reserved 1048576K
}
Event: 9.084 GC heap after
{Heap after GC invocations=17 (full 0):
 garbage-first heap   total 40960K, used 20654K [0x0000000083a00000, 0x0000000100000000)
  region size 1024K, 2 young (2048K), 2 survivors (2048K)
 Metaspace       used 43987K, committed 44352K, reserved 1114112K
  class space    used 5404K, committed 5632K, reserved 1048576K
}
Event: 9.537 GC heap before
{Heap before GC invocations=17 (full 0):
 garbage-first heap   total 40960K, used 28846K [0x0000000083a00000, 0x0000000100000000)
  region size 1024K, 11 young (11264K), 2 survivors (2048K)
 Metaspace       used 47612K, committed 47936K, reserved 1114112K
  class space    used 5800K, committed 5952K, reserved 1048576K
}
Event: 9.541 GC heap after
{Heap after GC invocations=18 (full 0):
 garbage-first heap   total 40960K, used 21962K [0x0000000083a00000, 0x0000000100000000)
  region size 1024K, 2 young (2048K), 2 survivors (2048K)
 Metaspace       used 47612K, committed 47936K, reserved 1114112K
  class space    used 5800K, committed 5952K, reserved 1048576K
}
Event: 10.040 GC heap before
{Heap before GC invocations=19 (full 0):
 garbage-first heap   total 40960K, used 30154K [0x0000000083a00000, 0x0000000100000000)
  region size 1024K, 11 young (11264K), 2 survivors (2048K)
 Metaspace       used 51884K, committed 52224K, reserved 1114112K
  class space    used 6329K, committed 6464K, reserved 1048576K
}
Event: 10.043 GC heap after
{Heap after GC invocations=20 (full 0):
 garbage-first heap   total 40960K, used 22818K [0x0000000083a00000, 0x0000000100000000)
  region size 1024K, 1 young (1024K), 1 survivors (1024K)
 Metaspace       used 51884K, committed 52224K, reserved 1114112K
  class space    used 6329K, committed 6464K, reserved 1048576K
}

Deoptimization events (20 events):
Event: 9.980 Thread 0x000002874d7febc0 DEOPT PACKING pc=0x000002875a30f310 sp=0x000000faf1dfc8f0
Event: 9.980 Thread 0x000002874d7febc0 DEOPT UNPACKING pc=0x00000287526f5c23 sp=0x000000faf1dfc8b0 mode 2
Event: 9.988 Thread 0x000002876e876290 Uncommon trap: trap_request=0xffffff45 fr.pc=0x000002875a3632c8 relative=0x00000000000000a8
Event: 9.988 Thread 0x000002876e876290 Uncommon trap: reason=unstable_if action=reinterpret pc=0x000002875a3632c8 method=java.lang.CharacterDataLatin1.digit(II)I @ 12 c2
Event: 9.988 Thread 0x000002876e876290 DEOPT PACKING pc=0x000002875a3632c8 sp=0x000000faf40feb60
Event: 9.989 Thread 0x000002876e876290 DEOPT UNPACKING pc=0x00000287526f5c23 sp=0x000000faf40fead8 mode 2
Event: 10.059 Thread 0x000002876e876290 DEOPT PACKING pc=0x00000287535cf63e sp=0x000000faf40fe0f0
Event: 10.059 Thread 0x000002876e876290 DEOPT UNPACKING pc=0x00000287526f6763 sp=0x000000faf40fd520 mode 0
Event: 10.064 Thread 0x000002876e876290 DEOPT PACKING pc=0x00000287535cf63e sp=0x000000faf40fdc10
Event: 10.064 Thread 0x000002876e876290 DEOPT UNPACKING pc=0x00000287526f6763 sp=0x000000faf40fd040 mode 0
Event: 10.071 Thread 0x000002876e876290 DEOPT PACKING pc=0x00000287535cf63e sp=0x000000faf40fdcb0
Event: 10.071 Thread 0x000002876e876290 DEOPT UNPACKING pc=0x00000287526f6763 sp=0x000000faf40fd0e0 mode 0
Event: 10.137 Thread 0x000002876e876290 Uncommon trap: trap_request=0xffffff45 fr.pc=0x000002875a19f4d0 relative=0x00000000000005b0
Event: 10.137 Thread 0x000002876e876290 Uncommon trap: reason=unstable_if action=reinterpret pc=0x000002875a19f4d0 method=java.lang.AbstractStringBuilder.append(Ljava/lang/String;)Ljava/lang/AbstractStringBuilder; @ 1 c2
Event: 10.137 Thread 0x000002876e876290 DEOPT PACKING pc=0x000002875a19f4d0 sp=0x000000faf40febd0
Event: 10.137 Thread 0x000002876e876290 DEOPT UNPACKING pc=0x00000287526f5c23 sp=0x000000faf40feb50 mode 2
Event: 10.147 Thread 0x000002874d7febc0 Uncommon trap: trap_request=0xffffff76 fr.pc=0x000002875a3fa30c relative=0x0000000000000b0c
Event: 10.147 Thread 0x000002874d7febc0 Uncommon trap: reason=predicate action=maybe_recompile pc=0x000002875a3fa30c method=java.util.TreeMap.getEntry(Ljava/lang/Object;)Ljava/util/TreeMap$Entry; @ 29 c2
Event: 10.147 Thread 0x000002874d7febc0 DEOPT PACKING pc=0x000002875a3fa30c sp=0x000000faf1dfe080
Event: 10.147 Thread 0x000002874d7febc0 DEOPT UNPACKING pc=0x00000287526f5c23 sp=0x000000faf1dfe028 mode 2

Classes loaded (20 events):
Event: 9.853 Loading class jdk/internal/access/foreign/MemorySegmentProxy
Event: 9.853 Loading class jdk/internal/access/foreign/MemorySegmentProxy done
Event: 9.868 Loading class java/util/concurrent/ThreadPoolExecutor$DiscardOldestPolicy
Event: 9.868 Loading class java/util/concurrent/ThreadPoolExecutor$DiscardOldestPolicy done
Event: 9.869 Loading class java/util/concurrent/ThreadPoolExecutor$CallerRunsPolicy
Event: 9.869 Loading class java/util/concurrent/ThreadPoolExecutor$CallerRunsPolicy done
Event: 9.870 Loading class java/util/concurrent/locks/AbstractQueuedSynchronizer$ExclusiveNode
Event: 9.870 Loading class java/util/concurrent/locks/AbstractQueuedSynchronizer$ExclusiveNode done
Event: 9.974 Loading class java/io/CharArrayWriter
Event: 9.974 Loading class java/io/CharArrayWriter done
Event: 9.974 Loading class java/lang/StringIndexOutOfBoundsException
Event: 9.974 Loading class java/lang/StringIndexOutOfBoundsException done
Event: 10.150 Loading class java/util/concurrent/atomic/AtomicReferenceFieldUpdater
Event: 10.150 Loading class java/util/concurrent/atomic/AtomicReferenceFieldUpdater done
Event: 10.150 Loading class java/util/concurrent/atomic/AtomicReferenceFieldUpdater$AtomicReferenceFieldUpdaterImpl
Event: 10.150 Loading class java/util/concurrent/atomic/AtomicReferenceFieldUpdater$AtomicReferenceFieldUpdaterImpl done
Event: 10.150 Loading class java/util/concurrent/atomic/AtomicReferenceFieldUpdater$AtomicReferenceFieldUpdaterImpl$1
Event: 10.151 Loading class java/util/concurrent/atomic/AtomicReferenceFieldUpdater$AtomicReferenceFieldUpdaterImpl$1 done
Event: 10.186 Loading class jdk/internal/ValueBased
Event: 10.186 Loading class jdk/internal/ValueBased done

Classes unloaded (0 events):
No events

Classes redefined (0 events):
No events

Internal exceptions (20 events):
Event: 6.398 Thread 0x000002874d7febc0 Exception <a 'java/lang/NoSuchMethodError'{0x000000008b528f18}: 'int java.lang.invoke.DirectMethodHandle$Holder.invokeSpecial(java.lang.Object, java.lang.Object, java.lang.Object, java.lang.Object, java.lang.Object)'> (0x000000008b528f18) 
thrown [s\src\hotspot\share\interpreter\linkResolver.cpp, line 766]
Event: 6.620 Thread 0x000002874d7febc0 Exception <a 'java/lang/NoSuchMethodError'{0x0000000085edb0f0}: 'void java.lang.invoke.DirectMethodHandle$Holder.invokeInterface(java.lang.Object, java.lang.Object, int)'> (0x0000000085edb0f0) 
thrown [s\src\hotspot\share\interpreter\linkResolver.cpp, line 766]
Event: 6.645 Thread 0x000002874d7febc0 Exception <a 'java/lang/IncompatibleClassChangeError'{0x0000000085d2aea0}: Found class java.lang.Object, but interface was expected> (0x0000000085d2aea0) 
thrown [s\src\hotspot\share\interpreter\linkResolver.cpp, line 833]
Event: 6.646 Thread 0x000002874d7febc0 Exception <a 'java/lang/NoSuchMethodError'{0x0000000085d2ff60}: 'void java.lang.invoke.DirectMethodHandle$Holder.invokeStatic(java.lang.Object, int, java.lang.Object)'> (0x0000000085d2ff60) 
thrown [s\src\hotspot\share\interpreter\linkResolver.cpp, line 766]
Event: 6.657 Thread 0x000002874d7febc0 Exception <a 'java/lang/NoSuchMethodError'{0x0000000085d5f5a8}: 'int java.lang.invoke.DirectMethodHandle$Holder.invokeSpecial(java.lang.Object, java.lang.Object, int)'> (0x0000000085d5f5a8) 
thrown [s\src\hotspot\share\interpreter\linkResolver.cpp, line 766]
Event: 6.971 Thread 0x000002874d7febc0 Exception <a 'java/lang/NoSuchMethodError'{0x0000000085901148}: 'java.lang.Object java.lang.invoke.DirectMethodHandle$Holder.invokeStaticInit(java.lang.Object, int, int, int, int)'> (0x0000000085901148) 
thrown [s\src\hotspot\share\interpreter\linkResolver.cpp, line 766]
Event: 7.091 Thread 0x000002874d7febc0 Exception <a 'java/lang/NoSuchMethodError'{0x000000008598cb98}: 'java.lang.Object java.lang.invoke.DirectMethodHandle$Holder.invokeStaticInit(java.lang.Object, java.lang.Object, int, int, int, int)'> (0x000000008598cb98) 
thrown [s\src\hotspot\share\interpreter\linkResolver.cpp, line 766]
Event: 7.210 Thread 0x000002874d7febc0 Exception <a 'java/lang/NoSuchMethodError'{0x00000000856139c0}: 'int java.lang.invoke.DirectMethodHandle$Holder.invokeVirtual(java.lang.Object, java.lang.Object, java.lang.Object, java.lang.Object)'> (0x00000000856139c0) 
thrown [s\src\hotspot\share\interpreter\linkResolver.cpp, line 766]
Event: 7.211 Thread 0x000002874d7febc0 Exception <a 'java/lang/NoSuchMethodError'{0x00000000856174d8}: 'int java.lang.invoke.DelegatingMethodHandle$Holder.reinvoke_L(java.lang.Object, java.lang.Object, java.lang.Object, java.lang.Object)'> (0x00000000856174d8) 
thrown [s\src\hotspot\share\interpreter\linkResolver.cpp, line 766]
Event: 7.642 Thread 0x000002874d7febc0 Exception <a 'java/io/FileNotFoundException'{0x00000000856d7660}> (0x00000000856d7660) 
thrown [s\src\hotspot\share\prims\jni.cpp, line 516]
Event: 7.752 Thread 0x000002874d7febc0 Exception <a 'java/lang/NoSuchMethodError'{0x000000008b7efba8}: 'int java.lang.invoke.DirectMethodHandle$Holder.invokeInterface(java.lang.Object, java.lang.Object, java.lang.Object, java.lang.Object)'> (0x000000008b7efba8) 
thrown [s\src\hotspot\share\interpreter\linkResolver.cpp, line 766]
Event: 7.855 Thread 0x000002874d7febc0 Exception <a 'java/io/FileNotFoundException'{0x0000000085ef6578}> (0x0000000085ef6578) 
thrown [s\src\hotspot\share\prims\jni.cpp, line 516]
Event: 7.905 Thread 0x000002874d7febc0 Exception <a 'java/lang/NoSuchMethodError'{0x0000000085d9b238}: 'void java.lang.invoke.Invokers$Holder.invokeExact_MT(java.lang.Object, java.lang.Object, java.lang.Object, java.lang.Object)'> (0x0000000085d9b238) 
thrown [s\src\hotspot\share\interpreter\linkResolver.cpp, line 766]
Event: 7.906 Thread 0x000002874d7febc0 Exception <a 'java/lang/NoSuchMethodError'{0x0000000085d9f0b0}: 'void java.lang.invoke.DirectMethodHandle$Holder.invokeVirtual(java.lang.Object, java.lang.Object)'> (0x0000000085d9f0b0) 
thrown [s\src\hotspot\share\interpreter\linkResolver.cpp, line 766]
Event: 8.021 Thread 0x000002874d7febc0 Exception <a 'java/lang/NoSuchMethodError'{0x00000000859ad508}: 'java.lang.Object java.lang.invoke.DirectMethodHandle$Holder.newInvokeSpecial(java.lang.Object, java.lang.Object, java.lang.Object, java.lang.Object, java.lang.Object, java.lang.Object, java.lang.Object, java.lang.Object, java.lang.Object, java.lang.Object, java.lang.Object)'> (0x00000000859ad508) 
thrown [s\src\hotspot\share\interpreter\linkResolver.cpp, line 766]
Event: 8.023 Thread 0x000002874d7febc0 Exception <a 'java/lang/NoSuchMethodError'{0x00000000859b2730}: 'java.lang.Object java.lang.invoke.DirectMethodHandle$Holder.invokeSpecial(java.lang.Object, java.lang.Object, java.lang.Object, java.lang.Object, java.lang.Object, java.lang.Object, java.lang.Object, java.lang.Object, java.lang.Object, java.lang.Object, java.lang.Object, java.lang.Object)'> (0x00000000859b2730) 
thrown [s\src\hotspot\share\interpreter\linkResolver.cpp, line 766]
Event: 9.470 Thread 0x000002874d7febc0 Exception <a 'sun/nio/fs/WindowsException'{0x000000008595a218}> (0x000000008595a218) 
thrown [s\src\hotspot\share\prims\jni.cpp, line 516]
Event: 9.976 Thread 0x000002874d7febc0 Exception <a 'java/lang/NoSuchMethodError'{0x0000000085cab120}: 'java.lang.Object java.lang.invoke.DirectMethodHandle$Holder.invokeStaticInit(java.lang.Object, java.lang.Object, java.lang.Object, java.lang.Object)'> (0x0000000085cab120) 
thrown [s\src\hotspot\share\interpreter\linkResolver.cpp, line 766]
Event: 10.137 Thread 0x000002876e876290 Implicit null exception at 0x000002875a19ef52 to 0x000002875a19f4b8
Event: 10.216 Thread 0x000002874d7febc0 Exception <a 'java/lang/NoSuchMethodError'{0x0000000085ba1668}: 'java.lang.Object java.lang.invoke.DirectMethodHandle$Holder.newInvokeSpecial(java.lang.Object, java.lang.Object, int)'> (0x0000000085ba1668) 
thrown [s\src\hotspot\share\interpreter\linkResolver.cpp, line 766]

VM Operations (20 events):
Event: 9.481 Executing VM operation: HandshakeAllThreads
Event: 9.481 Executing VM operation: HandshakeAllThreads done
Event: 9.537 Executing VM operation: G1CollectForAllocation
Event: 9.541 Executing VM operation: G1CollectForAllocation done
Event: 9.564 Executing VM operation: G1Concurrent
Event: 9.568 Executing VM operation: G1Concurrent done
Event: 9.578 Executing VM operation: G1Concurrent
Event: 9.578 Executing VM operation: G1Concurrent done
Event: 9.633 Executing VM operation: HandshakeAllThreads
Event: 9.633 Executing VM operation: HandshakeAllThreads done
Event: 9.759 Executing VM operation: HandshakeAllThreads
Event: 9.759 Executing VM operation: HandshakeAllThreads done
Event: 9.871 Executing VM operation: HandshakeAllThreads
Event: 9.871 Executing VM operation: HandshakeAllThreads done
Event: 9.871 Executing VM operation: HandshakeAllThreads
Event: 9.871 Executing VM operation: HandshakeAllThreads done
Event: 9.901 Executing VM operation: HandshakeAllThreads
Event: 9.902 Executing VM operation: HandshakeAllThreads done
Event: 10.040 Executing VM operation: G1CollectForAllocation
Event: 10.043 Executing VM operation: G1CollectForAllocation done

Events (20 events):
Event: 9.911 Thread 0x000002876d863750 flushing nmethod 0x00000287531d3990
Event: 9.911 Thread 0x000002876d863750 flushing nmethod 0x00000287531dbd10
Event: 9.911 Thread 0x000002876d863750 flushing nmethod 0x00000287531df290
Event: 9.911 Thread 0x000002876d863750 flushing nmethod 0x00000287531e1690
Event: 9.911 Thread 0x000002876d863750 flushing nmethod 0x00000287531e2610
Event: 9.911 Thread 0x000002876d863750 flushing nmethod 0x0000028753201710
Event: 9.911 Thread 0x000002876d863750 flushing nmethod 0x0000028753218d10
Event: 9.911 Thread 0x000002876d863750 flushing nmethod 0x0000028753245210
Event: 9.911 Thread 0x000002876d863750 flushing nmethod 0x000002875326b890
Event: 9.911 Thread 0x000002876d863750 flushing nmethod 0x000002875326c190
Event: 9.911 Thread 0x000002876d863750 flushing nmethod 0x000002875326e090
Event: 9.911 Thread 0x000002876d863750 flushing nmethod 0x000002875327c610
Event: 9.911 Thread 0x000002876d863750 flushing nmethod 0x0000028753293010
Event: 9.911 Thread 0x000002876d863750 flushing nmethod 0x000002875329ee90
Event: 9.911 Thread 0x000002876d863750 flushing nmethod 0x00000287532aa090
Event: 9.911 Thread 0x000002876d863750 flushing nmethod 0x00000287532af990
Event: 9.912 Thread 0x000002876d863750 flushing nmethod 0x00000287532e8710
Event: 9.912 Thread 0x000002876d863750 flushing nmethod 0x000002875336d990
Event: 9.912 Thread 0x000002876d863750 flushing nmethod 0x000002875338b790
Event: 9.986 Thread 0x000002876e876290 Thread added: 0x000002876e876290


Dynamic libraries:
0x00007ff624e20000 - 0x00007ff624e2e000 	C:\Users\DELL\.p2\pool\plugins\org.eclipse.justj.openjdk.hotspot.jre.full.win32.x86_64_18.0.1.v20220515-1614\jre\bin\javaw.exe
0x00007ffcbb310000 - 0x00007ffcbb507000 	C:\Windows\SYSTEM32\ntdll.dll
0x00007ffcba340000 - 0x00007ffcba3fd000 	C:\Windows\System32\KERNEL32.DLL
0x00007ffcb8de0000 - 0x00007ffcb90ad000 	C:\Windows\System32\KERNELBASE.dll
0x00007ffcb8b80000 - 0x00007ffcb8c80000 	C:\Windows\System32\ucrtbase.dll
0x00007ffcb3ef0000 - 0x00007ffcb3f07000 	C:\Users\DELL\.p2\pool\plugins\org.eclipse.justj.openjdk.hotspot.jre.full.win32.x86_64_18.0.1.v20220515-1614\jre\bin\jli.dll
0x00007ffcb9c80000 - 0x00007ffcb9e20000 	C:\Windows\System32\USER32.dll
0x00007ffcb8aa0000 - 0x00007ffcb8ac2000 	C:\Windows\System32\win32u.dll
0x00007ffcb9fb0000 - 0x00007ffcb9fda000 	C:\Windows\System32\GDI32.dll
0x00007ffcb9230000 - 0x00007ffcb933b000 	C:\Windows\System32\gdi32full.dll
0x00007ffcb9100000 - 0x00007ffcb919d000 	C:\Windows\System32\msvcp_win.dll
0x00007ffcb3ed0000 - 0x00007ffcb3ee9000 	C:\Users\DELL\.p2\pool\plugins\org.eclipse.justj.openjdk.hotspot.jre.full.win32.x86_64_18.0.1.v20220515-1614\jre\bin\VCRUNTIME140.dll
0x00007ffc9e8a0000 - 0x00007ffc9eb3a000 	C:\Windows\WinSxS\amd64_microsoft.windows.common-controls_6595b64144ccf1df_6.0.19041.1110_none_60b5254171f9507e\COMCTL32.dll
0x00007ffcbb190000 - 0x00007ffcbb22e000 	C:\Windows\System32\msvcrt.dll
0x00007ffcba4b0000 - 0x00007ffcba4e0000 	C:\Windows\System32\IMM32.DLL
0x00007ffcb3e50000 - 0x00007ffcb3e5c000 	C:\Users\DELL\.p2\pool\plugins\org.eclipse.justj.openjdk.hotspot.jre.full.win32.x86_64_18.0.1.v20220515-1614\jre\bin\vcruntime140_1.dll
0x00007ffca14a0000 - 0x00007ffca1531000 	C:\Users\DELL\.p2\pool\plugins\org.eclipse.justj.openjdk.hotspot.jre.full.win32.x86_64_18.0.1.v20220515-1614\jre\bin\msvcp140.dll
0x00007ffca0720000 - 0x00007ffca13a9000 	C:\Users\DELL\.p2\pool\plugins\org.eclipse.justj.openjdk.hotspot.jre.full.win32.x86_64_18.0.1.v20220515-1614\jre\bin\server\jvm.dll
0x00007ffcbaf20000 - 0x00007ffcbafce000 	C:\Windows\System32\ADVAPI32.dll
0x00007ffcbb230000 - 0x00007ffcbb2cc000 	C:\Windows\System32\sechost.dll
0x00007ffcbab10000 - 0x00007ffcbac35000 	C:\Windows\System32\RPCRT4.dll
0x00007ffcb9c70000 - 0x00007ffcb9c78000 	C:\Windows\System32\PSAPI.DLL
0x00007ffc96030000 - 0x00007ffc96039000 	C:\Windows\SYSTEM32\WSOCK32.dll
0x00007ffcbadf0000 - 0x00007ffcbae5b000 	C:\Windows\System32\WS2_32.dll
0x00007ffcb6870000 - 0x00007ffcb6897000 	C:\Windows\SYSTEM32\WINMM.dll
0x00007ffcb1270000 - 0x00007ffcb127a000 	C:\Windows\SYSTEM32\VERSION.dll
0x00007ffcb7280000 - 0x00007ffcb7292000 	C:\Windows\SYSTEM32\kernel.appcore.dll
0x00007ffcb2f30000 - 0x00007ffcb2f3a000 	C:\Users\DELL\.p2\pool\plugins\org.eclipse.justj.openjdk.hotspot.jre.full.win32.x86_64_18.0.1.v20220515-1614\jre\bin\jimage.dll
0x00007ffcb6680000 - 0x00007ffcb6864000 	C:\Windows\SYSTEM32\DBGHELP.DLL
0x00007ffcb6650000 - 0x00007ffcb667c000 	C:\Windows\SYSTEM32\dbgcore.DLL
0x00007ffcb91a0000 - 0x00007ffcb9222000 	C:\Windows\System32\bcryptPrimitives.dll
0x00007ffca1dc0000 - 0x00007ffca1de5000 	C:\Users\DELL\.p2\pool\plugins\org.eclipse.justj.openjdk.hotspot.jre.full.win32.x86_64_18.0.1.v20220515-1614\jre\bin\java.dll
0x00007ffca1da0000 - 0x00007ffca1db8000 	C:\Users\DELL\.p2\pool\plugins\org.eclipse.justj.openjdk.hotspot.jre.full.win32.x86_64_18.0.1.v20220515-1614\jre\bin\zip.dll
0x00007ffcb9520000 - 0x00007ffcb9c64000 	C:\Windows\System32\SHELL32.dll
0x00007ffcb6ad0000 - 0x00007ffcb7264000 	C:\Windows\SYSTEM32\windows.storage.dll
0x00007ffcb9fe0000 - 0x00007ffcba334000 	C:\Windows\System32\combase.dll
0x00007ffcb8490000 - 0x00007ffcb84bc000 	C:\Windows\SYSTEM32\Wldp.dll
0x00007ffcba500000 - 0x00007ffcba5ad000 	C:\Windows\System32\SHCORE.dll
0x00007ffcbae60000 - 0x00007ffcbaeb5000 	C:\Windows\System32\shlwapi.dll
0x00007ffcb8970000 - 0x00007ffcb898f000 	C:\Windows\SYSTEM32\profapi.dll
0x00007ffca1c80000 - 0x00007ffca1c93000 	C:\Users\DELL\.p2\pool\plugins\org.eclipse.justj.openjdk.hotspot.jre.full.win32.x86_64_18.0.1.v20220515-1614\jre\bin\net.dll
0x00007ffca3d50000 - 0x00007ffca3e5a000 	C:\Windows\SYSTEM32\WINHTTP.dll
0x00007ffcb81f0000 - 0x00007ffcb825a000 	C:\Windows\system32\mswsock.dll
0x00007ffca1c60000 - 0x00007ffca1c76000 	C:\Users\DELL\.p2\pool\plugins\org.eclipse.justj.openjdk.hotspot.jre.full.win32.x86_64_18.0.1.v20220515-1614\jre\bin\nio.dll
0x00007ffcb2f20000 - 0x00007ffcb2f30000 	C:\Users\DELL\.p2\pool\plugins\org.eclipse.justj.openjdk.hotspot.jre.full.win32.x86_64_18.0.1.v20220515-1614\jre\bin\verify.dll
0x00007ffcb7e90000 - 0x00007ffcb7ecb000 	C:\Windows\SYSTEM32\IPHLPAPI.DLL
0x00007ffcb9e20000 - 0x00007ffcb9e28000 	C:\Windows\System32\NSI.dll
0x00007ffcaece0000 - 0x00007ffcaecf7000 	C:\Windows\SYSTEM32\dhcpcsvc6.DLL
0x00007ffcaf050000 - 0x00007ffcaf06d000 	C:\Windows\SYSTEM32\dhcpcsvc.DLL
0x00007ffcb7ed0000 - 0x00007ffcb7f9b000 	C:\Windows\SYSTEM32\DNSAPI.dll
0x00007ffcb1280000 - 0x00007ffcb128a000 	C:\Windows\System32\rasadhlp.dll
0x00007ffca1ec0000 - 0x00007ffca1f40000 	C:\Windows\System32\fwpuclnt.dll
0x00007ffcb9340000 - 0x00007ffcb9367000 	C:\Windows\System32\bcrypt.dll
0x00007ffca1d90000 - 0x00007ffca1d99000 	C:\Users\DELL\.p2\pool\plugins\org.eclipse.justj.openjdk.hotspot.jre.full.win32.x86_64_18.0.1.v20220515-1614\jre\bin\management.dll
0x00007ffca1c50000 - 0x00007ffca1c5b000 	C:\Users\DELL\.p2\pool\plugins\org.eclipse.justj.openjdk.hotspot.jre.full.win32.x86_64_18.0.1.v20220515-1614\jre\bin\management_ext.dll
0x00007ffc91eb0000 - 0x00007ffc91ec7000 	C:\Windows\system32\napinsp.dll
0x00007ffc91e90000 - 0x00007ffc91eab000 	C:\Windows\system32\pnrpnsp.dll
0x00007ffcb3330000 - 0x00007ffcb3345000 	C:\Windows\system32\wshbth.dll
0x00007ffcb3d20000 - 0x00007ffcb3d3d000 	C:\Windows\system32\NLAapi.dll
0x00007ffc8f1e0000 - 0x00007ffc8f1f2000 	C:\Windows\System32\winrnr.dll
0x00007ffcb83e0000 - 0x00007ffcb83f8000 	C:\Windows\SYSTEM32\CRYPTSP.dll
0x00007ffcb7b00000 - 0x00007ffcb7b34000 	C:\Windows\system32\rsaenh.dll
0x00007ffcb88f0000 - 0x00007ffcb891e000 	C:\Windows\SYSTEM32\USERENV.dll
0x00007ffcb8400000 - 0x00007ffcb840c000 	C:\Windows\SYSTEM32\CRYPTBASE.dll
0x00007ffca0600000 - 0x00007ffca060e000 	C:\Users\DELL\.p2\pool\plugins\org.eclipse.justj.openjdk.hotspot.jre.full.win32.x86_64_18.0.1.v20220515-1614\jre\bin\sunmscapi.dll
0x00007ffcb8c80000 - 0x00007ffcb8dd6000 	C:\Windows\System32\CRYPT32.dll
0x00007ffcb8500000 - 0x00007ffcb8527000 	C:\Windows\SYSTEM32\ncrypt.dll
0x00007ffcb84c0000 - 0x00007ffcb84fb000 	C:\Windows\SYSTEM32\NTASN1.dll

dbghelp: loaded successfully - version: 4.0.5 - missing functions: none
symbol engine: initialized successfully - sym options: 0x614 - pdb path: .;C:\Users\DELL\.p2\pool\plugins\org.eclipse.justj.openjdk.hotspot.jre.full.win32.x86_64_18.0.1.v20220515-1614\jre\bin;C:\Windows\SYSTEM32;C:\Windows\WinSxS\amd64_microsoft.windows.common-controls_6595b64144ccf1df_6.0.19041.1110_none_60b5254171f9507e;C:\Users\DELL\.p2\pool\plugins\org.eclipse.justj.openjdk.hotspot.jre.full.win32.x86_64_18.0.1.v20220515-1614\jre\bin\server

VM Arguments:
jvm_args: -Dfile.encoding=UTF-8 -XX:+ShowCodeDetailsInExceptionMessages 
java_command: com.patientservice.PatientServiceApplication
java_class_path (initial): D:\Comprehnesive\Back End\Back End\Patient-service\target\classes;C:\Users\DELL\.m2\repository\org\springframework\boot\spring-boot-starter-data-jpa\2.7.0\spring-boot-starter-data-jpa-2.7.0.jar;C:\Users\DELL\.m2\repository\org\springframework\boot\spring-boot-starter-aop\2.7.0\spring-boot-starter-aop-2.7.0.jar;C:\Users\DELL\.m2\repository\org\springframework\spring-aop\5.3.20\spring-aop-5.3.20.jar;C:\Users\DELL\.m2\repository\org\aspectj\aspectjweaver\1.9.7\aspectjweaver-1.9.7.jar;C:\Users\DELL\.m2\repository\org\springframework\boot\spring-boot-starter-jdbc\2.7.0\spring-boot-starter-jdbc-2.7.0.jar;C:\Users\DELL\.m2\repository\com\zaxxer\HikariCP\4.0.3\HikariCP-4.0.3.jar;C:\Users\DELL\.m2\repository\org\springframework\spring-jdbc\5.3.20\spring-jdbc-5.3.20.jar;C:\Users\DELL\.m2\repository\jakarta\transaction\jakarta.transaction-api\1.3.3\jakarta.transaction-api-1.3.3.jar;C:\Users\DELL\.m2\repository\jakarta\persistence\jakarta.persistence-api\2.2.3\jakarta.persistence-api-2.2.3.jar;C:\Users\DELL\.m2\repository\org\hibernate\hibernate-core\5.6.9.Final\hibernate-core-5.6.9.Final.jar;C:\Users\DELL\.m2\repository\org\jboss\logging\jboss-logging\3.4.3.Final\jboss-logging-3.4.3.Final.jar;C:\Users\DELL\.m2\repository\net\bytebuddy\byte-buddy\1.12.10\byte-buddy-1.12.10.jar;C:\Users\DELL\.m2\repository\antlr\antlr\2.7.7\antlr-2.7.7.jar;C:\Users\DELL\.m2\repository\org\jboss\jandex\2.4.2.Final\jandex-2.4.2.Final.jar;C:\Users\DELL\.m2\repository\com\fasterxml\classmate\1.5.1\classmate-1.5.1.jar;C:\Users\DELL\.m2\repository\org\hibernate\common\hibernate-commons-annotations\5.1.2.Final\hibernate-commons-annotations-5.1.2.Final.jar;C:\Users\DELL\.m2\repository\org\glassfish\jaxb\jaxb-runtime\2.3.6\jaxb-runtime-2.3.6.jar;C:\Users\DELL\.m2\repository\org\glassfish\jaxb\txw2\2.3.6\txw2-2.3.6.jar;C:\Users\DELL\.m2\repository\com\sun\istack\istack-commons-runtime\3.0.12\istack-commons-runtime-3.0.12.jar;C:\Users\DELL\.m2\repository\com\sun\activation\jakarta.activation\1.2.2\jakarta.activation-1.2.2.jar;C:\Users\DELL\.m2\repository\org\springframework\data\spring-data-jpa\2.7.0\spring-data-jpa-2.7.0.jar;C:\Users\DELL\.m2\repository\org\springframework\data\spring-data-commons\2.7.0\spring-data-commons-2.7.0.jar;C:\Users\DELL\.m2\repository\org\springframework\spring-orm\5.3.20\spring-orm-5.3.20.jar;C:\Users\DELL\.m2\repository\org\springframework\spring-context\5.3.20\spring-context-5.3.20.jar;C:\Users\DELL\.m2\repository\org\springframework\spring-tx\5.3.20\spring-tx-5.3.20.jar;C:\Users\DELL\.m2\repository\org\springframework\spring-beans\5.3.20\spring-beans-5.3.20.jar;C:\Users\DELL\.m2\repository\org\slf4j\slf4j-api\1.7.36\slf4j-api-1.7.36.jar;C:\Users\DELL\.m2\repository\org\springframework\spring-aspects\5.3.20\spring-aspects-5.3.20.jar;C:\Users\DELL\.m2\repository\org\springframework\boot\spring-boot-starter-web\2.7.0\spring-boot-starter-web-2.7.0.jar;C:\Users\DELL\.m2\repository\org\springframework\boot\spring-boot-starter\2.7.0\spring-boot-starter-2.7.0.jar;C:\Users\DELL\.m2\repository\org\springframework\boot\spring-boot\2.7.0\spring-boot-2.7.0.jar;C:\Users\DELL\.m2\repository\org\springframework\boot\spring-boot-autoconfigure\2.7.0\spring-boot-autoconfigure-2.7.0.jar;C:\Users\DELL\.m2\repository\org\springframework\boot\spring-boot-starter-logging\2.7.0\spring-boot-starter-logging-2.7.0.jar;C:\Users\DELL\.m2\repository\ch\qos\logback\logback-classic\1.2.11\logback-classic-1.2.11.jar;C:\Users\DELL\.m2\repository\ch\qos\logback\logback-core\1.2.11\logback-core-1.2.11.jar;C:\Users\DELL\.m2\repository\org\apache\logging\log4j\log4j-to-slf4j\2.17.2\log4j-to-slf4j-2.17.2.jar;C:\Users\DELL\.m2\repository\org\apache\logging\log4j\log4j-api\2.17.2\log4j-api-2.17.2.jar;C:\Users\DELL\.m2\repository\org\slf4j\jul-to-slf4j\1.7.36\jul-to-slf4j-1.7.36.jar;C:\Users\DELL\.m2\repository\jakarta\annotation\jakarta.annotation-api\1.3.5\jakarta.annotation-api-1.3.5.jar;C:\Users\DELL\.m2\repository\org\yaml\snakeyaml\1.30\snakeyaml-1.30.jar;C:\Users\DELL\.m2\repository\org\springframework\boot\spring-boot-starter-json\2.7.0\spring-boot-starter-json-2.7.0.jar;C:\Users\DELL\.m2\repository\com\fasterxml\jackson\core\jackson-databind\2.13.3\jackson-databind-2.13.3.jar;C:\Users\DELL\.m2\repository\com\fasterxml\jackson\datatype\jackson-datatype-jdk8\2.13.3\jackson-datatype-jdk8-2.13.3.jar;C:\Users\DELL\.m2\repository\com\fasterxml\jackson\datatype\jackson-datatype-jsr310\2.13.3\jackson-datatype-jsr310-2.13.3.jar;C:\Users\DELL\.m2\repository\com\fasterxml\jackson\module\jackson-module-parameter-names\2.13.3\jackson-module-parameter-names-2.13.3.jar;C:\Users\DELL\.m2\repository\org\springframework\boot\spring-boot-starter-tomcat\2.7.0\spring-boot-starter-tomcat-2.7.0.jar;C:\Users\DELL\.m2\repository\org\apache\tomcat\embed\tomcat-embed-core\9.0.63\tomcat-embed-core-9.0.63.jar;C:\Users\DELL\.m2\repository\org\apache\tomcat\embed\tomcat-embed-el\9.0.63\tomcat-embed-el-9.0.63.jar;C:\Users\DELL\.m2\repository\org\apache\tomcat\embed\tomcat-embed-websocket\9.0.63\tomcat-embed-websocket-9.0.63.jar;C:\Users\DELL\.m2\repository\org\springframework\spring-web\5.3.20\spring-web-5.3.20.jar;C:\Users\DELL\.m2\repository\org\springframework\spring-webmvc\5.3.20\spring-webmvc-5.3.20.jar;C:\Users\DELL\.m2\repository\org\springframework\spring-expression\5.3.20\spring-expression-5.3.20.jar;C:\Users\DELL\.m2\repository\org\springframework\cloud\spring-cloud-starter-netflix-eureka-client\3.1.3\spring-cloud-starter-netflix-eureka-client-3.1.3.jar;C:\Users\DELL\.m2\repository\org\springframework\cloud\spring-cloud-starter\3.1.3\spring-cloud-starter-3.1.3.jar;C:\Users\DELL\.m2\repository\org\springframework\cloud\spring-cloud-context\3.1.3\spring-cloud-context-3.1.3.jar;C:\Users\DELL\.m2\repository\org\springframework\security\spring-security-crypto\5.7.1\spring-security-crypto-5.7.1.jar;C:\Users\DELL\.m2\repository\org\springframework\cloud\spring-cloud-commons\3.1.3\spring-cloud-commons-3.1.3.jar;C:\Users\DELL\.m2\repository\org\springframework\security\spring-security-rsa\1.0.10.RELEASE\spring-security-rsa-1.0.10.RELEASE.jar;C:\Users\DELL\.m2\repository\org\bouncycastle\bcpkix-jdk15on\1.68\bcpkix-jdk15on-1.68.jar;C:\Users\DELL\.m2\repository\org\bouncycastle\bcprov-jdk15on\1.68\bcprov-jdk15on-1.68.jar;C:\Users\DELL\.m2\repository\org\springframework\cloud\spring-cloud-netflix-eureka-client\3.1.3\spring-cloud-netflix-eureka-client-3.1.3.jar;C:\Users\DELL\.m2\repository\com\netflix\eureka\eureka-client\1.10.17\eureka-client-1.10.17.jar;C:\Users\DELL\.m2\repository\com\netflix\netflix-commons\netflix-eventbus\0.3.0\netflix-eventbus-0.3.0.jar;C:\Users\DELL\.m2\repository\com\netflix\netflix-commons\netflix-infix\0.3.0\netflix-infix-0.3.0.jar;C:\Users\DELL\.m2\repository\commons-jxpath\commons-jxpath\1.3\commons-jxpath-1.3.jar;C:\Users\DELL\.m2\repository\joda-time\joda-time\2.3\joda-time-2.3.jar;C:\Users\DELL\.m2\repository\org\antlr\antlr-runtime\3.4\antlr-runtime-3.4.jar;C:\Users\DELL\.m2\repository\org\antlr\stringtemplate\3.2.1\stringtemplate-3.2.1.jar;C:\Users\DELL\.m2\repository\com\google\code\gson\gson\2.9.0\gson-2.9.0.jar;C:\Users\DELL\.m2\repository\org\apache\commons\commons-math\2.2\commons-math-2.2.jar;C:\Users\DELL\.m2\repository\com\thoughtworks\xstream\xstream\1.4.18\xstream-1.4.18.jar;C:\Users\DELL\.m2\repository\io\github\x-stream\mxparser\1.2.2\mxparser-1.2.2.jar;C:\Users\DELL\.m2\repository\xmlpull\xmlpull\1.1.3.1\xmlpull-1.1.3.1.jar;C:\Users\DELL\.m2\repository\javax\ws\rs\jsr311-api\1.1.1\jsr311-api-1.1.1.jar;C:\Users\DELL\.m2\repository\com\netflix\servo\servo-core\0.12.21\servo-core-0.12.21.jar;C:\Users\DELL\.m2\repository\com\google\guava\guava\19.0\guava-19.0.jar;C:\Users\DELL\.m2\repository\org\apache\httpcomponents\httpclient\4.5.13\httpclient-4.5.13.jar;C:\Users\DELL\.m2\repository\org\apache\httpcomponents\httpcore\4.4.15\httpcore-4.4.15.jar;C:\Users\DELL\.m2\repository\commons-codec\commons-codec\1.15\commons-codec-1.15.jar;C:\Users\DELL\.m2\repository\commons-configuration\commons-configuration\1.10\commons-configuration-1.10.jar;C:\Users\DELL\.m2\repository\commons-lang\commons-lang\2.6\commons-lang-2.6.jar;C:\Users\DELL\.m2\repository\com\google\inject\guice\4.1.0\guice-4.1.0.jar;C:\Users\DELL\.m2\repository\javax\inject\javax.inject\1\javax.inject-1.jar;C:\Users\DELL\.m2\repository\com\fasterxml\jackson\core\jackson-annotations\2.13.3\jackson-annotations-2.13.3.jar;C:\Users\DELL\.m2\repository\com\fasterxml\jackson\core\jackson-core\2.13.3\jackson-core-2.13.3.jar;C:\Users\DELL\.m2\repository\org\codehaus\jettison\jettison\1.4.0\jettison-1.4.0.jar;C:\Users\DELL\.m2\repository\com\netflix\eureka\eureka-core\1.10.17\eureka-core-1.10.17.jar;C:\Users\DELL\.m2\repository\com\fasterxml\woodstox\woodstox-core\6.2.1\woodstox-core-6.2.1.jar;C:\Users\DELL\.m2\repository\org\codehaus\woodstox\stax2-api\4.2.1\stax2-api-4.2.1.jar;C:\Users\DELL\.m2\repository\org\springframework\cloud\spring-cloud-starter-loadbalancer\3.1.3\spring-cloud-starter-loadbalancer-3.1.3.jar;C:\Users\DELL\.m2\repository\org\springframework\cloud\spring-cloud-loadbalancer\3.1.3\spring-cloud-loadbalancer-3.1.3.jar;C:\Users\DELL\.m2\repository\io\projectreactor\reactor-core\3.4.18\reactor-core-3.4.18.jar;C:\Users\DELL\.m2\repository\org\reactivestreams\reactive-streams\1.0.3\reactive-streams-1.0.3.jar;C:\Users\DELL\.m2\repository\io\projectreactor\addons\reactor-extra\3.4.8\reactor-extra-3.4.8.jar;C:\Users\DELL\.m2\repository\org\springframework\boot\spring-boot-starter-cache\2.7.0\spring-boot-starter-cache-2.7.0.jar;C:\Users\DELL\.m2\repository\org\springframework\spring-context-support\5.3.20\spring-context-support-5.3.20.jar;C:\Users\DELL\.m2\repository\com\stoyanr\evictor\1.0.0\evictor-1.0.0.jar;C:\Users\DELL\.m2\repository\mysql\mysql-connector-java\8.0.29\mysql-connector-java-8.0.29.jar;C:\Users\DELL\.m2\repository\org\projectlombok\lombok\1.18.24\lombok-1.18.24.jar;C:\Users\DELL\.m2\repository\jakarta\xml\bind\jakarta.xml.bind-api\2.3.3\jakarta.xml.bind-api-2.3.3.jar;C:\Users\DELL\.m2\repository\jakarta\activation\jakarta.activation-api\1.2.2\jakarta.activation-api-1.2.2.jar;C:\Users\DELL\.m2\repository\org\springframework\spring-core\5.3.20\spring-core-5.3.20.jar;C:\Users\DELL\.m2\repository\org\springframework\spring-jcl\5.3.20\spring-jcl-5.3.20.jar
Launcher Type: SUN_STANDARD

[Global flags]
     intx CICompilerCount                          = 4                                         {product} {ergonomic}
     uint ConcGCThreads                            = 2                                         {product} {ergonomic}
     uint G1ConcRefinementThreads                  = 8                                         {product} {ergonomic}
   size_t G1HeapRegionSize                         = 1048576                                   {product} {ergonomic}
    uintx GCDrainStackTargetSize                   = 64                                        {product} {ergonomic}
   size_t InitialHeapSize                          = 132120576                                 {product} {ergonomic}
   size_t MarkStackSize                            = 4194304                                   {product} {ergonomic}
   size_t MaxHeapSize                              = 2086666240                                {product} {ergonomic}
   size_t MaxNewSize                               = 1251999744                                {product} {ergonomic}
   size_t MinHeapDeltaBytes                        = 1048576                                   {product} {ergonomic}
   size_t MinHeapSize                              = 8388608                                   {product} {ergonomic}
    uintx NonNMethodCodeHeapSize                   = 5839372                                {pd product} {ergonomic}
    uintx NonProfiledCodeHeapSize                  = 122909434                              {pd product} {ergonomic}
    uintx ProfiledCodeHeapSize                     = 122909434                              {pd product} {ergonomic}
    uintx ReservedCodeCacheSize                    = 251658240                              {pd product} {ergonomic}
     bool SegmentedCodeCache                       = true                                      {product} {ergonomic}
     bool ShowCodeDetailsInExceptionMessages       = true                                   {manageable} {command line}
   size_t SoftMaxHeapSize                          = 2086666240                             {manageable} {ergonomic}
     bool UseCompressedClassPointers               = true                           {product lp64_product} {ergonomic}
     bool UseCompressedOops                        = true                           {product lp64_product} {ergonomic}
     bool UseG1GC                                  = true                                      {product} {ergonomic}
     bool UseLargePagesIndividualAllocation        = false                                  {pd product} {ergonomic}

Logging:
Log output configuration:
 #0: stdout all=warning uptime,level,tags foldmultilines=false
 #1: stderr all=off uptime,level,tags foldmultilines=false

Environment Variables:
PATH=C:/Users/DELL/.p2/pool/plugins/org.eclipse.justj.openjdk.hotspot.jre.full.win32.x86_64_18.0.1.v20220515-1614/jre/bin/server;C:/Users/DELL/.p2/pool/plugins/org.eclipse.justj.openjdk.hotspot.jre.full.win32.x86_64_18.0.1.v20220515-1614/jre/bin;C:\Program Files\Common Files\Oracle\Java\javapath;C:\Python310\Scripts\;C:\Python310\;C:\Program Files (x86)\Common Files\Oracle\Java\javapath;C:\Windows\system32;C:\Windows;C:\Windows\System32\Wbem;"C:\Windows\System32\WindowsPowerShell\v1.0\C:\Program Files\Java\jdk\bin;";C:\Windows\System32\OpenSSH\;C:\Maven\apache-maven-3.8.5\bin;C:\Program Files\nodejs\;C:\ProgramData\chocolatey\bin;C:\Program Files\MySQL\MySQL Shell 8.0\bin\;C:\Users\DELL\AppData\Local\Microsoft\WindowsApps;C:\Maven\bin\;C:\Users\DELL\AppData\Roaming\npm;C:\Program Files\JetBrains\IntelliJ IDEA Community Edition 2022.1.2\bin;;C:\Users\DELL\AppData\Local\Programs\Microsoft VS Code\bin;C:\Users\DELL\OneDrive\Desktop;
USERNAME=DELL
OS=Windows_NT
PROCESSOR_IDENTIFIER=Intel64 Family 6 Model 126 Stepping 5, GenuineIntel



---------------  S Y S T E M  ---------------

OS:
 Windows 10 , 64 bit Build 19041 (10.0.19041.1741)
OS uptime: 0 days 0:48 hours

CPU: total 8 (initial active 8) (4 cores per cpu, 2 threads per core) family 6 model 126 stepping 5 microcode 0xa8, cx8, cmov, fxsr, ht, mmx, 3dnowpref, sse, sse2, sse3, ssse3, sse4.1, sse4.2, popcnt, lzcnt, tsc, tscinvbit, avx, avx2, aes, erms, clmul, bmi1, bmi2, adx, avx512f, avx512dq, avx512cd, avx512bw, avx512vl, sha, fma, vzeroupper, avx512_vpopcntdq, avx512_vpclmulqdq, avx512_vaes, avx512_vnni, clflush, clflushopt, avx512_vbmi2, avx512_vbmi

Memory: 4k page, system-wide physical 7959M (1068M free)
TotalPageFile size 9959M (AvailPageFile size 91M)
current process WorkingSet (physical memory assigned to process): 197M, peak: 197M
current process commit charge ("private bytes"): 227M, peak: 243M

vm_info: OpenJDK 64-Bit Server VM (18.0.1+10) for windows-amd64 JRE (18.0.1+10), built on Apr 20 2022 05:04:48 by "" with MS VC++ 16.7 (VS2019)

END.
