#
# There is insufficient memory for the Java Runtime Environment to continue.
# Native memory allocation (malloc) failed to allocate 887936 bytes for Chunk::new
# Possible reasons:
#   The system is out of physical RAM or swap space
#   The process is running with CompressedOops enabled, and the Java Heap may be blocking the growth of the native heap
# Possible solutions:
#   Reduce memory load on the system
#   Increase physical memory or swap space
#   Check if swap backing store is full
#   Decrease Java heap size (-Xmx/-Xms)
#   Decrease number of Java threads
#   Decrease Java thread stack sizes (-Xss)
#   Set larger code cache with -XX:ReservedCodeCacheSize=
#   JVM is running with Unscaled Compressed Oops mode in which the Java heap is
#     placed in the first 4GB address space. The Java Heap base address is the
#     maximum limit for the native heap growth. Please use -XX:HeapBaseMinAddress
#     to set the Java Heap base and to place the Java Heap above 4GB virtual address.
# This output file may be truncated or incomplete.
#
#  Out of Memory Error (arena.cpp:184), pid=3676, tid=11940
#
# JRE version: OpenJDK Runtime Environment Temurin-18.0.1+10 (18.0.1+10) (build 18.0.1+10)
# Java VM: OpenJDK 64-Bit Server VM Temurin-18.0.1+10 (18.0.1+10, mixed mode, tiered, compressed oops, compressed class ptrs, g1 gc, windows-amd64)
# No core dump will be written. Minidumps are not enabled by default on client versions of Windows
#

---------------  S U M M A R Y ------------

Command Line: -Dfile.encoding=UTF-8 -XX:+ShowCodeDetailsInExceptionMessages com.patientservice.PatientServiceApplication

Host: Intel(R) Core(TM) i5-1035G1 CPU @ 1.00GHz, 8 cores, 7G,  Windows 10 , 64 bit Build 19041 (10.0.19041.1741)
Time: Wed Jun 22 23:20:58 2022 India Standard Time elapsed time: 1178.962122 seconds (0d 0h 19m 38s)

---------------  T H R E A D  ---------------

Current thread (0x0000024ebfc48cf0):  JavaThread "C2 CompilerThread0" daemon [_thread_in_native, id=11940, stack(0x000000750b000000,0x000000750b100000)]


Current CompileTask:
C2:1178962 8405 %     4       com.fasterxml.jackson.databind.deser.BeanDeserializerFactory::addBeanProps @ 636 (862 bytes)

Stack: [0x000000750b000000,0x000000750b100000]
Native frames: (J=compiled Java code, j=interpreted, Vv=VM code, C=native code)
V  [jvm.dll+0x69cd4a]
V  [jvm.dll+0x84b63d]
V  [jvm.dll+0x84cf4e]
V  [jvm.dll+0x84d603]
V  [jvm.dll+0x25f19f]
V  [jvm.dll+0xba54f]
V  [jvm.dll+0xba8c5]
V  [jvm.dll+0x2ca37f]
V  [jvm.dll+0x5a32f0]
V  [jvm.dll+0x23a4be]
V  [jvm.dll+0x233b92]
V  [jvm.dll+0x23140b]
V  [jvm.dll+0x1bbd3c]
V  [jvm.dll+0x240faa]
V  [jvm.dll+0x23f275]
V  [jvm.dll+0x7fdcfb]
V  [jvm.dll+0x7f814a]
V  [jvm.dll+0x69bba5]
C  [ucrtbase.dll+0x21bb2]
C  [KERNEL32.DLL+0x17034]
C  [ntdll.dll+0x52651]


---------------  P R O C E S S  ---------------

Threads class SMR info:
_java_thread_list=0x0000024ec354bc50, length=39, elements={
0x0000024ebfc14290, 0x0000024ebfc155d0, 0x0000024ebb9db550, 0x0000024ebb9dbe00,
0x0000024ebb9de800, 0x0000024ebfc3f8f0, 0x0000024ebfc48cf0, 0x0000024ebfc4a5f0,
0x0000024ebfc5ced0, 0x0000024ebfdda480, 0x0000024ebfde7720, 0x0000024ec2486050,
0x0000024ec1d3f980, 0x0000024ec1d3fe40, 0x0000024ec1fbcef0, 0x0000024ec1fbd3c0,
0x0000024ec1fbdd60, 0x0000024ec1fbc080, 0x0000024ec3835200, 0x0000024ec38339f0,
0x0000024ec3836540, 0x0000024ec3833520, 0x0000024ec3836a10, 0x0000024ec3836070,
0x0000024ec3837880, 0x0000024ec38386f0, 0x0000024ec3833050, 0x0000024ec3834860,
0x0000024ec3839560, 0x0000024ec3836ee0, 0x0000024ec3835ba0, 0x0000024ec38373b0,
0x0000024ec3837d50, 0x0000024ec3833ec0, 0x0000024ec3839090, 0x0000024ec3834390,
0x0000024ec3838220, 0x0000024ec383a8a0, 0x0000024ec09e21d0
}

Java Threads: ( => current thread )
  0x0000024ebfc14290 JavaThread "Reference Handler" daemon [_thread_blocked, id=2036, stack(0x000000750aa00000,0x000000750ab00000)]
  0x0000024ebfc155d0 JavaThread "Finalizer" daemon [_thread_blocked, id=4032, stack(0x000000750ab00000,0x000000750ac00000)]
  0x0000024ebb9db550 JavaThread "Signal Dispatcher" daemon [_thread_blocked, id=4840, stack(0x000000750ac00000,0x000000750ad00000)]
  0x0000024ebb9dbe00 JavaThread "Attach Listener" daemon [_thread_blocked, id=15936, stack(0x000000750ad00000,0x000000750ae00000)]
  0x0000024ebb9de800 JavaThread "Service Thread" daemon [_thread_blocked, id=13728, stack(0x000000750ae00000,0x000000750af00000)]
  0x0000024ebfc3f8f0 JavaThread "Monitor Deflation Thread" daemon [_thread_blocked, id=3448, stack(0x000000750af00000,0x000000750b000000)]
=>0x0000024ebfc48cf0 JavaThread "C2 CompilerThread0" daemon [_thread_in_native, id=11940, stack(0x000000750b000000,0x000000750b100000)]
  0x0000024ebfc4a5f0 JavaThread "C1 CompilerThread0" daemon [_thread_blocked, id=3684, stack(0x000000750b100000,0x000000750b200000)]
  0x0000024ebfc5ced0 JavaThread "Sweeper thread" daemon [_thread_blocked, id=13752, stack(0x000000750b200000,0x000000750b300000)]
  0x0000024ebfdda480 JavaThread "Notification Thread" daemon [_thread_blocked, id=1736, stack(0x000000750b300000,0x000000750b400000)]
  0x0000024ebfde7720 JavaThread "Common-Cleaner" daemon [_thread_blocked, id=3080, stack(0x000000750b500000,0x000000750b600000)]
  0x0000024ec2486050 JavaThread "Catalina-utility-1" [_thread_blocked, id=1380, stack(0x000000750be00000,0x000000750bf00000)]
  0x0000024ec1d3f980 JavaThread "Catalina-utility-2" [_thread_blocked, id=9092, stack(0x000000750c100000,0x000000750c200000)]
  0x0000024ec1d3fe40 JavaThread "container-0" [_thread_blocked, id=15380, stack(0x000000750c200000,0x000000750c300000)]
  0x0000024ec1fbcef0 JavaThread "mysql-cj-abandoned-connection-cleanup" daemon [_thread_blocked, id=15376, stack(0x000000750c300000,0x000000750c400000)]
  0x0000024ec1fbd3c0 JavaThread "HikariPool-1 housekeeper" daemon [_thread_blocked, id=15452, stack(0x000000750c500000,0x000000750c600000)]
  0x0000024ec1fbdd60 JavaThread "spring.cloud.inetutils" daemon [_thread_blocked, id=1312, stack(0x000000750c700000,0x000000750c800000)]
  0x0000024ec1fbc080 JavaThread "AsyncResolver-bootstrap-0" daemon [_thread_blocked, id=2312, stack(0x000000750c800000,0x000000750c900000)]
  0x0000024ec3835200 JavaThread "DiscoveryClient-0" daemon [_thread_blocked, id=14860, stack(0x000000750c900000,0x000000750ca00000)]
  0x0000024ec38339f0 JavaThread "DiscoveryClient-1" daemon [_thread_blocked, id=7384, stack(0x000000750ca00000,0x000000750cb00000)]
  0x0000024ec3836540 JavaThread "DiscoveryClient-InstanceInfoReplicator-0" daemon [_thread_blocked, id=4868, stack(0x000000750cb00000,0x000000750cc00000)]
  0x0000024ec3833520 JavaThread "http-nio-9091-exec-1" daemon [_thread_blocked, id=12312, stack(0x000000750cc00000,0x000000750cd00000)]
  0x0000024ec3836a10 JavaThread "http-nio-9091-exec-2" daemon [_thread_blocked, id=15732, stack(0x000000750cd00000,0x000000750ce00000)]
  0x0000024ec3836070 JavaThread "http-nio-9091-exec-3" daemon [_thread_blocked, id=10004, stack(0x000000750ce00000,0x000000750cf00000)]
  0x0000024ec3837880 JavaThread "http-nio-9091-exec-4" daemon [_thread_blocked, id=15768, stack(0x000000750cf00000,0x000000750d000000)]
  0x0000024ec38386f0 JavaThread "http-nio-9091-exec-5" daemon [_thread_blocked, id=6212, stack(0x000000750d000000,0x000000750d100000)]
  0x0000024ec3833050 JavaThread "http-nio-9091-exec-6" daemon [_thread_blocked, id=10728, stack(0x000000750d100000,0x000000750d200000)]
  0x0000024ec3834860 JavaThread "http-nio-9091-exec-7" daemon [_thread_blocked, id=3028, stack(0x000000750d200000,0x000000750d300000)]
  0x0000024ec3839560 JavaThread "http-nio-9091-exec-8" daemon [_thread_blocked, id=3976, stack(0x000000750d300000,0x000000750d400000)]
  0x0000024ec3836ee0 JavaThread "http-nio-9091-exec-9" daemon [_thread_blocked, id=11924, stack(0x000000750d400000,0x000000750d500000)]
  0x0000024ec3835ba0 JavaThread "http-nio-9091-exec-10" daemon [_thread_blocked, id=1752, stack(0x000000750d500000,0x000000750d600000)]
  0x0000024ec38373b0 JavaThread "http-nio-9091-Poller" daemon [_thread_in_native, id=9788, stack(0x000000750d600000,0x000000750d700000)]
  0x0000024ec3837d50 JavaThread "http-nio-9091-Acceptor" daemon [_thread_in_native, id=9560, stack(0x000000750d700000,0x000000750d800000)]
  0x0000024ec3833ec0 JavaThread "DestroyJavaVM" [_thread_blocked, id=14876, stack(0x000000750a300000,0x000000750a400000)]
  0x0000024ec3839090 JavaThread "DiscoveryClient-CacheRefreshExecutor-0" daemon [_thread_blocked, id=1908, stack(0x000000750c600000,0x000000750c700000)]
  0x0000024ec3834390 JavaThread "DiscoveryClient-HeartbeatExecutor-0" daemon [_thread_blocked, id=11980, stack(0x000000750d800000,0x000000750d900000)]
  0x0000024ec3838220 JavaThread "AsyncResolver-bootstrap-executor-0" daemon [_thread_blocked, id=12656, stack(0x000000750b600000,0x000000750b700000)]
  0x0000024ec383a8a0 JavaThread "boundedElastic-evictor-1" daemon [_thread_blocked, id=8992, stack(0x000000750a100000,0x000000750a200000)]
  0x0000024ec09e21d0 JavaThread "pool-9-thread-1" daemon [_thread_blocked, id=10100, stack(0x000000750b700000,0x000000750b800000)]

Other Threads:
  0x0000024ebb9cde20 VMThread "VM Thread" [stack: 0x000000750a900000,0x000000750aa00000] [id=2888]
  0x0000024ebfc8e7f0 WatcherThread "VM Periodic Task Thread" [stack: 0x000000750b400000,0x000000750b500000] [id=1884]
  0x0000024ea1baeff0 WorkerThread "GC Thread#0" [stack: 0x000000750a400000,0x000000750a500000] [id=3724]
  0x0000024ec0c640e0 WorkerThread "GC Thread#1" [stack: 0x000000750b800000,0x000000750b900000] [id=11676]
  0x0000024ec0c64e30 WorkerThread "GC Thread#2" [stack: 0x000000750b900000,0x000000750ba00000] [id=10316]
  0x0000024ec0b63b70 WorkerThread "GC Thread#3" [stack: 0x000000750ba00000,0x000000750bb00000] [id=2948]
  0x0000024ec0d65a50 WorkerThread "GC Thread#4" [stack: 0x000000750bb00000,0x000000750bc00000] [id=7960]
  0x0000024ec07d1eb0 WorkerThread "GC Thread#5" [stack: 0x000000750bc00000,0x000000750bd00000] [id=11372]
  0x0000024ec0c68cf0 WorkerThread "GC Thread#6" [stack: 0x000000750bd00000,0x000000750be00000] [id=8140]
  0x0000024ec13e0940 WorkerThread "GC Thread#7" [stack: 0x000000750bf00000,0x000000750c000000] [id=11816]
  0x0000024ea1bbf6f0 ConcurrentGCThread "G1 Main Marker" [stack: 0x000000750a500000,0x000000750a600000] [id=9756]
  0x0000024ea1bc0790 WorkerThread "G1 Conc#0" [stack: 0x000000750a600000,0x000000750a700000] [id=3552]
  0x0000024ec1855070 WorkerThread "G1 Conc#1" [stack: 0x000000750c000000,0x000000750c100000] [id=6588]
  0x0000024ea1c0aed0 ConcurrentGCThread "G1 Refine#0" [stack: 0x000000750a700000,0x000000750a800000] [id=11820]
  0x0000024ea1c0c700 ConcurrentGCThread "G1 Service" [stack: 0x000000750a800000,0x000000750a900000] [id=11876]

Threads with active compile tasks:
C2 CompilerThread0  1178992 8405 %     4       com.fasterxml.jackson.databind.deser.BeanDeserializerFactory::addBeanProps @ 636 (862 bytes)

VM state: not at safepoint (normal execution)

VM Mutex/Monitor currently owned by a thread: None

Heap address: 0x0000000083a00000, size: 1990 MB, Compressed Oops mode: 32-bit

CDS archive(s) not mapped
Compressed class space mapped at: 0x0000000100000000-0x0000000140000000, reserved size: 1073741824
Narrow klass base: 0x0000000000000000, Narrow klass shift: 3, Narrow klass range: 0x140000000

GC Precious Log:
 CardTable entry size: 512
 Card Set container configuration: InlinePtr #cards 5 size 8 Array Of Cards #cards 12 size 40 Howl #buckets 4 coarsen threshold 1843 Howl Bitmap #cards 512 size 80 coarsen threshold 460 Card regions per heap region 1 cards per card region 2048
 CPUs: 8 total, 8 available
 Memory: 7959M
 Large Page Support: Disabled
 NUMA Support: Disabled
 Compressed Oops: Enabled (32-bit)
 Heap Region Size: 1M
 Heap Min Capacity: 8M
 Heap Initial Capacity: 126M
 Heap Max Capacity: 1990M
 Pre-touch: Disabled
 Parallel Workers: 8
 Concurrent Workers: 2
 Concurrent Refinement Workers: 8
 Periodic GC: Disabled

Heap:
 garbage-first heap   total 73728K, used 45523K [0x0000000083a00000, 0x0000000100000000)
  region size 1024K, 14 young (14336K), 2 survivors (2048K)
 Metaspace       used 78342K, committed 78848K, reserved 1179648K
  class space    used 9750K, committed 9984K, reserved 1048576K

Heap Regions: E=young(eden), S=young(survivor), O=old, HS=humongous(starts), HC=humongous(continues), CS=collection set, F=free, OA=open archive, CA=closed archive, TAMS=top-at-mark-start (previous, next)
|   0|0x0000000083a00000, 0x0000000083b00000, 0x0000000083b00000|100%|HS|  |TAMS 0x0000000083b00000, 0x0000000083a00000| Complete 
|   1|0x0000000083b00000, 0x0000000083c00000, 0x0000000083c00000|100%| O|  |TAMS 0x0000000083c00000, 0x0000000083b00000| Untracked 
|   2|0x0000000083c00000, 0x0000000083d00000, 0x0000000083d00000|100%| O|  |TAMS 0x0000000083d00000, 0x0000000083c00000| Untracked 
|   3|0x0000000083d00000, 0x0000000083e00000, 0x0000000083e00000|100%| O|  |TAMS 0x0000000083e00000, 0x0000000083d00000| Untracked 
|   4|0x0000000083e00000, 0x0000000083f00000, 0x0000000083f00000|100%| O|  |TAMS 0x0000000083f00000, 0x0000000083e00000| Untracked 
|   5|0x0000000083f00000, 0x0000000084000000, 0x0000000084000000|100%| O|  |TAMS 0x0000000084000000, 0x0000000083f00000| Untracked 
|   6|0x0000000084000000, 0x0000000084100000, 0x0000000084100000|100%| O|  |TAMS 0x0000000084100000, 0x0000000084000000| Untracked 
|   7|0x0000000084100000, 0x0000000084200000, 0x0000000084200000|100%| O|  |TAMS 0x0000000084200000, 0x0000000084100000| Untracked 
|   8|0x0000000084200000, 0x0000000084300000, 0x0000000084300000|100%| O|  |TAMS 0x0000000084300000, 0x0000000084200000| Untracked 
|   9|0x0000000084300000, 0x0000000084400000, 0x0000000084400000|100%| O|  |TAMS 0x0000000084400000, 0x0000000084300000| Untracked 
|  10|0x0000000084400000, 0x0000000084500000, 0x0000000084500000|100%| O|  |TAMS 0x0000000084500000, 0x0000000084400000| Untracked 
|  11|0x0000000084500000, 0x0000000084600000, 0x0000000084600000|100%| O|  |TAMS 0x0000000084600000, 0x0000000084500000| Untracked 
|  12|0x0000000084600000, 0x00000000846c8400, 0x0000000084700000| 78%| O|  |TAMS 0x00000000846c8400, 0x0000000084600000| Untracked 
|  13|0x0000000084700000, 0x0000000084800000, 0x0000000084800000|100%| O|  |TAMS 0x0000000084800000, 0x0000000084700000| Untracked 
|  14|0x0000000084800000, 0x0000000084900000, 0x0000000084900000|100%| O|  |TAMS 0x0000000084900000, 0x0000000084800000| Untracked 
|  15|0x0000000084900000, 0x0000000084a00000, 0x0000000084a00000|100%| O|  |TAMS 0x0000000084a00000, 0x0000000084900000| Untracked 
|  16|0x0000000084a00000, 0x0000000084b00000, 0x0000000084b00000|100%| O|  |TAMS 0x0000000084b00000, 0x0000000084a00000| Untracked 
|  17|0x0000000084b00000, 0x0000000084c00000, 0x0000000084c00000|100%| O|  |TAMS 0x0000000084c00000, 0x0000000084b00000| Untracked 
|  18|0x0000000084c00000, 0x0000000084d00000, 0x0000000084d00000|100%| O|  |TAMS 0x0000000084d00000, 0x0000000084c00000| Untracked 
|  19|0x0000000084d00000, 0x0000000084e00000, 0x0000000084e00000|100%| O|  |TAMS 0x0000000084e00000, 0x0000000084d00000| Untracked 
|  20|0x0000000084e00000, 0x0000000084f00000, 0x0000000084f00000|100%| O|  |TAMS 0x0000000084f00000, 0x0000000084e00000| Untracked 
|  21|0x0000000084f00000, 0x0000000085000000, 0x0000000085000000|100%| O|  |TAMS 0x0000000084fa5e00, 0x0000000084f00000| Untracked 
|  22|0x0000000085000000, 0x0000000085100000, 0x0000000085100000|100%| O|  |TAMS 0x0000000085000000, 0x0000000085000000| Untracked 
|  23|0x0000000085100000, 0x0000000085200000, 0x0000000085200000|100%| O|  |TAMS 0x0000000085100000, 0x0000000085100000| Untracked 
|  24|0x0000000085200000, 0x0000000085300000, 0x0000000085300000|100%| O|  |TAMS 0x0000000085200000, 0x0000000085200000| Untracked 
|  25|0x0000000085300000, 0x0000000085400000, 0x0000000085400000|100%| O|  |TAMS 0x0000000085300000, 0x0000000085300000| Untracked 
|  26|0x0000000085400000, 0x0000000085500000, 0x0000000085500000|100%| O|  |TAMS 0x0000000085400000, 0x0000000085400000| Untracked 
|  27|0x0000000085500000, 0x0000000085600000, 0x0000000085600000|100%| O|  |TAMS 0x0000000085500000, 0x0000000085500000| Untracked 
|  28|0x0000000085600000, 0x0000000085700000, 0x0000000085700000|100%| O|  |TAMS 0x0000000085600000, 0x0000000085600000| Untracked 
|  29|0x0000000085700000, 0x0000000085800000, 0x0000000085800000|100%| O|  |TAMS 0x0000000085700000, 0x0000000085700000| Untracked 
|  30|0x0000000085800000, 0x0000000085900000, 0x0000000085900000|100%| O|  |TAMS 0x0000000085800000, 0x0000000085800000| Untracked 
|  31|0x0000000085900000, 0x00000000859e7200, 0x0000000085a00000| 90%| O|  |TAMS 0x0000000085900000, 0x0000000085900000| Untracked 
|  32|0x0000000085a00000, 0x0000000085a00000, 0x0000000085b00000|  0%| F|  |TAMS 0x0000000085a00000, 0x0000000085a00000| Untracked 
|  33|0x0000000085b00000, 0x0000000085b00000, 0x0000000085c00000|  0%| F|  |TAMS 0x0000000085b00000, 0x0000000085b00000| Untracked 
|  34|0x0000000085c00000, 0x0000000085c00000, 0x0000000085d00000|  0%| F|  |TAMS 0x0000000085c00000, 0x0000000085c00000| Untracked 
|  35|0x0000000085d00000, 0x0000000085d00000, 0x0000000085e00000|  0%| F|  |TAMS 0x0000000085d00000, 0x0000000085d00000| Untracked 
|  36|0x0000000085e00000, 0x0000000085e00000, 0x0000000085f00000|  0%| F|  |TAMS 0x0000000085e00000, 0x0000000085e00000| Untracked 
|  37|0x0000000085f00000, 0x0000000085f00000, 0x0000000086000000|  0%| F|  |TAMS 0x0000000085f00000, 0x0000000085f00000| Untracked 
|  38|0x0000000086000000, 0x0000000086000000, 0x0000000086100000|  0%| F|  |TAMS 0x0000000086000000, 0x0000000086000000| Untracked 
|  39|0x0000000086100000, 0x0000000086100000, 0x0000000086200000|  0%| F|  |TAMS 0x0000000086100000, 0x0000000086100000| Untracked 
|  40|0x0000000086200000, 0x0000000086200000, 0x0000000086300000|  0%| F|  |TAMS 0x0000000086200000, 0x0000000086200000| Untracked 
|  41|0x0000000086300000, 0x0000000086300000, 0x0000000086400000|  0%| F|  |TAMS 0x0000000086300000, 0x0000000086300000| Untracked 
|  42|0x0000000086400000, 0x0000000086400000, 0x0000000086500000|  0%| F|  |TAMS 0x0000000086400000, 0x0000000086400000| Untracked 
|  43|0x0000000086500000, 0x0000000086500000, 0x0000000086600000|  0%| F|  |TAMS 0x0000000086500000, 0x0000000086500000| Untracked 
|  44|0x0000000086600000, 0x0000000086600000, 0x0000000086700000|  0%| F|  |TAMS 0x0000000086600000, 0x0000000086600000| Untracked 
|  45|0x0000000086700000, 0x00000000867c56e8, 0x0000000086800000| 77%| S|CS|TAMS 0x0000000086700000, 0x0000000086700000| Complete 
|  46|0x0000000086800000, 0x0000000086900000, 0x0000000086900000|100%| S|CS|TAMS 0x0000000086800000, 0x0000000086800000| Complete 
|  47|0x0000000086900000, 0x0000000086900000, 0x0000000086a00000|  0%| F|  |TAMS 0x0000000086900000, 0x0000000086900000| Untracked 
|  48|0x0000000086a00000, 0x0000000086a00000, 0x0000000086b00000|  0%| F|  |TAMS 0x0000000086a00000, 0x0000000086a00000| Untracked 
|  49|0x0000000086b00000, 0x0000000086b00000, 0x0000000086c00000|  0%| F|  |TAMS 0x0000000086b00000, 0x0000000086b00000| Untracked 
|  50|0x0000000086c00000, 0x0000000086c00000, 0x0000000086d00000|  0%| F|  |TAMS 0x0000000086c00000, 0x0000000086c00000| Untracked 
|  51|0x0000000086d00000, 0x0000000086d00000, 0x0000000086e00000|  0%| F|  |TAMS 0x0000000086d00000, 0x0000000086d00000| Untracked 
|  52|0x0000000086e00000, 0x0000000086e00000, 0x0000000086f00000|  0%| F|  |TAMS 0x0000000086e00000, 0x0000000086e00000| Untracked 
|  53|0x0000000086f00000, 0x0000000086f00000, 0x0000000087000000|  0%| F|  |TAMS 0x0000000086f00000, 0x0000000086f00000| Untracked 
|  54|0x0000000087000000, 0x0000000087000000, 0x0000000087100000|  0%| F|  |TAMS 0x0000000087000000, 0x0000000087000000| Untracked 
|  55|0x0000000087100000, 0x0000000087100000, 0x0000000087200000|  0%| F|  |TAMS 0x0000000087100000, 0x0000000087100000| Untracked 
|  56|0x0000000087200000, 0x0000000087200000, 0x0000000087300000|  0%| F|  |TAMS 0x0000000087200000, 0x0000000087200000| Untracked 
|  57|0x0000000087300000, 0x0000000087300000, 0x0000000087400000|  0%| F|  |TAMS 0x0000000087300000, 0x0000000087300000| Untracked 
|  58|0x0000000087400000, 0x0000000087400000, 0x0000000087500000|  0%| F|  |TAMS 0x0000000087400000, 0x0000000087400000| Untracked 
|  59|0x0000000087500000, 0x0000000087500000, 0x0000000087600000|  0%| F|  |TAMS 0x0000000087500000, 0x0000000087500000| Untracked 
|  60|0x0000000087600000, 0x0000000087651140, 0x0000000087700000| 31%| E|  |TAMS 0x0000000087600000, 0x0000000087600000| Complete 
|  61|0x0000000087700000, 0x0000000087800000, 0x0000000087800000|100%| E|CS|TAMS 0x0000000087700000, 0x0000000087700000| Complete 
|  62|0x0000000087800000, 0x0000000087900000, 0x0000000087900000|100%| E|CS|TAMS 0x0000000087800000, 0x0000000087800000| Complete 
|  63|0x0000000087900000, 0x0000000087a00000, 0x0000000087a00000|100%| E|CS|TAMS 0x0000000087900000, 0x0000000087900000| Complete 
|  64|0x0000000087a00000, 0x0000000087b00000, 0x0000000087b00000|100%| E|CS|TAMS 0x0000000087a00000, 0x0000000087a00000| Complete 
|  65|0x0000000087b00000, 0x0000000087c00000, 0x0000000087c00000|100%| E|CS|TAMS 0x0000000087b00000, 0x0000000087b00000| Complete 
|  66|0x0000000087c00000, 0x0000000087d00000, 0x0000000087d00000|100%| E|CS|TAMS 0x0000000087c00000, 0x0000000087c00000| Complete 
|  67|0x0000000087d00000, 0x0000000087e00000, 0x0000000087e00000|100%| E|CS|TAMS 0x0000000087d00000, 0x0000000087d00000| Complete 
|  68|0x0000000087e00000, 0x0000000087f00000, 0x0000000087f00000|100%| E|CS|TAMS 0x0000000087e00000, 0x0000000087e00000| Complete 
|  69|0x0000000087f00000, 0x0000000088000000, 0x0000000088000000|100%| E|CS|TAMS 0x0000000087f00000, 0x0000000087f00000| Complete 
|  70|0x0000000088000000, 0x0000000088100000, 0x0000000088100000|100%| E|CS|TAMS 0x0000000088000000, 0x0000000088000000| Complete 
| 125|0x000000008b700000, 0x000000008b800000, 0x000000008b800000|100%| E|CS|TAMS 0x000000008b700000, 0x000000008b700000| Complete 

Card table byte_map: [0x0000024eb4940000,0x0000024eb4d30000] _byte_map_base: 0x0000024eb4523000

Marking Bits (Prev, Next): (CMBitMap*) 0x0000024ea1baf540, (CMBitMap*) 0x0000024ea1baf500
 Prev Bits: [0x0000024eb7040000, 0x0000024eb8f58000)
 Next Bits: [0x0000024eb5120000, 0x0000024eb7038000)

Polling page: 0x0000024e9fa70000

Metaspace:

Usage:
  Non-class:     66.98 MB used.
      Class:      9.52 MB used.
       Both:     76.51 MB used.

Virtual space:
  Non-class space:      128.00 MB reserved,      67.25 MB ( 53%) committed,  2 nodes.
      Class space:        1.00 GB reserved,       9.75 MB ( <1%) committed,  1 nodes.
             Both:        1.12 GB reserved,      77.00 MB (  7%) committed. 

Chunk freelists:
   Non-Class:  314.00 KB
       Class:  2.14 MB
        Both:  2.45 MB

MaxMetaspaceSize: unlimited
CompressedClassSpaceSize: 1.00 GB
Initial GC threshold: 21.00 MB
Current GC threshold: 98.75 MB
CDS: off
MetaspaceReclaimPolicy: balanced
 - commit_granule_bytes: 65536.
 - commit_granule_words: 8192.
 - virtual_space_node_default_size: 8388608.
 - enlarge_chunks_in_place: 1.
 - new_chunks_are_fully_committed: 0.
 - uncommit_free_chunks: 1.
 - use_allocation_guard: 0.


Internal statistics:

num_allocs_failed_limit: 9.
num_arena_births: 646.
num_arena_deaths: 0.
num_vsnodes_births: 3.
num_vsnodes_deaths: 0.
num_space_committed: 1232.
num_space_uncommitted: 0.
num_chunks_returned_to_freelist: 9.
num_chunks_taken_from_freelist: 2973.
num_chunk_merges: 9.
num_chunk_splits: 2181.
num_chunks_enlarged: 1804.
num_inconsistent_stats: 0.

CodeHeap 'non-profiled nmethods': size=120000Kb used=4254Kb max_used=4781Kb free=115745Kb
 bounds [0x0000024eaccf0000, 0x0000024ead1a0000, 0x0000024eb4220000]
CodeHeap 'profiled nmethods': size=120000Kb used=14325Kb max_used=15613Kb free=105674Kb
 bounds [0x0000024ea57c0000, 0x0000024ea6700000, 0x0000024eaccf0000]
CodeHeap 'non-nmethods': size=5760Kb used=1373Kb max_used=1418Kb free=4386Kb
 bounds [0x0000024ea5220000, 0x0000024ea5490000, 0x0000024ea57c0000]
 total_blobs=7586 nmethods=6904 adapters=594
 compilation: enabled
              stopped_count=0, restarted_count=0
 full_count=0

Compilation events (20 events):
Event: 1178.526 Thread 0x0000024ebfc48cf0 nmethod 8397 0x0000024eacefc910 code [0x0000024eacefca80, 0x0000024eacefcb38]
Event: 1178.529 Thread 0x0000024ebfc4a5f0 8398       1       org.springframework.util.LinkedCaseInsensitiveMap::access$500 (5 bytes)
Event: 1178.529 Thread 0x0000024ebfc4a5f0 nmethod 8398 0x0000024ead10be10 code [0x0000024ead10bfa0, 0x0000024ead10c058]
Event: 1178.529 Thread 0x0000024ebfc4a5f0 8399       3       java.util.concurrent.ConcurrentSkipListMap$Iter::hasNext (13 bytes)
Event: 1178.530 Thread 0x0000024ebfc4a5f0 nmethod 8399 0x0000024ea5b49210 code [0x0000024ea5b493a0, 0x0000024ea5b49518]
Event: 1178.530 Thread 0x0000024ebfc4a5f0 8400       3       sun.nio.ch.NioSocketImpl::<init> (43 bytes)
Event: 1178.531 Thread 0x0000024ebfc4a5f0 nmethod 8400 0x0000024ea6338310 code [0x0000024ea6338560, 0x0000024ea6339038]
Event: 1178.531 Thread 0x0000024ebfc4a5f0 8401       3       java.net.SocksSocketImpl::<init> (38 bytes)
Event: 1178.531 Thread 0x0000024ebfc4a5f0 nmethod 8401 0x0000024ea5d42890 code [0x0000024ea5d42a40, 0x0000024ea5d42c48]
Event: 1178.723 Thread 0x0000024ebfc4a5f0 8402       3       sun.util.calendar.ZoneInfo::getOffsets (8 bytes)
Event: 1178.723 Thread 0x0000024ebfc4a5f0 nmethod 8402 0x0000024ea5b4c310 code [0x0000024ea5b4c4a0, 0x0000024ea5b4c5e8]
Event: 1178.726 Thread 0x0000024ebfc48cf0 8403       4       com.fasterxml.jackson.databind.module.SimpleSerializers::_addSerializer (87 bytes)
Event: 1178.734 Thread 0x0000024ebfc4a5f0 8407       3       java.net.Socket::<init> (50 bytes)
Event: 1178.735 Thread 0x0000024ebfc4a5f0 nmethod 8407 0x0000024ea5b4a590 code [0x0000024ea5b4a740, 0x0000024ea5b4aa88]
Event: 1178.735 Thread 0x0000024ebfc4a5f0 8408       3       java.net.SocketImpl::createPlatformSocketImpl (9 bytes)
Event: 1178.735 Thread 0x0000024ebfc4a5f0 nmethod 8408 0x0000024ea60e1390 code [0x0000024ea60e1540, 0x0000024ea60e16c8]
Event: 1178.781 Thread 0x0000024ebfc48cf0 nmethod 8403 0x0000024ead03c810 code [0x0000024ead03ca20, 0x0000024ead03dd90]
Event: 1178.781 Thread 0x0000024ebfc48cf0 8406       4       com.fasterxml.jackson.databind.JavaType::isAbstract (11 bytes)
Event: 1178.783 Thread 0x0000024ebfc48cf0 nmethod 8406 0x0000024eace7f090 code [0x0000024eace7f200, 0x0000024eace7f318]
Event: 1178.783 Thread 0x0000024ebfc48cf0 8405 %     4       com.fasterxml.jackson.databind.deser.BeanDeserializerFactory::addBeanProps @ 636 (862 bytes)

GC Heap History (20 events):
Event: 4.674 GC heap before
{Heap before GC invocations=11 (full 0):
 garbage-first heap   total 61440K, used 46113K [0x0000000083a00000, 0x0000000100000000)
  region size 1024K, 29 young (29696K), 3 survivors (3072K)
 Metaspace       used 51496K, committed 51904K, reserved 1114112K
  class space    used 6269K, committed 6464K, reserved 1048576K
}
Event: 4.678 GC heap after
{Heap after GC invocations=12 (full 0):
 garbage-first heap   total 61440K, used 21926K [0x0000000083a00000, 0x0000000100000000)
  region size 1024K, 4 young (4096K), 4 survivors (4096K)
 Metaspace       used 51496K, committed 51904K, reserved 1114112K
  class space    used 6269K, committed 6464K, reserved 1048576K
}
Event: 5.039 GC heap before
{Heap before GC invocations=12 (full 0):
 garbage-first heap   total 61440K, used 45478K [0x0000000083a00000, 0x0000000100000000)
  region size 1024K, 28 young (28672K), 4 survivors (4096K)
 Metaspace       used 55957K, committed 56320K, reserved 1114112K
  class space    used 6848K, committed 7040K, reserved 1048576K
}
Event: 5.046 GC heap after
{Heap after GC invocations=13 (full 0):
 garbage-first heap   total 61440K, used 23787K [0x0000000083a00000, 0x0000000100000000)
  region size 1024K, 2 young (2048K), 2 survivors (2048K)
 Metaspace       used 55957K, committed 56320K, reserved 1114112K
  class space    used 6848K, committed 7040K, reserved 1048576K
}
Event: 5.466 GC heap before
{Heap before GC invocations=13 (full 0):
 garbage-first heap   total 61440K, used 41195K [0x0000000083a00000, 0x0000000100000000)
  region size 1024K, 20 young (20480K), 2 survivors (2048K)
 Metaspace       used 60058K, committed 60416K, reserved 1114112K
  class space    used 7489K, committed 7680K, reserved 1048576K
}
Event: 5.470 GC heap after
{Heap after GC invocations=14 (full 0):
 garbage-first heap   total 73728K, used 24636K [0x0000000083a00000, 0x0000000100000000)
  region size 1024K, 3 young (3072K), 3 survivors (3072K)
 Metaspace       used 60058K, committed 60416K, reserved 1114112K
  class space    used 7489K, committed 7680K, reserved 1048576K
}
Event: 6.175 GC heap before
{Heap before GC invocations=15 (full 0):
 garbage-first heap   total 73728K, used 56380K [0x0000000083a00000, 0x0000000100000000)
  region size 1024K, 34 young (34816K), 3 survivors (3072K)
 Metaspace       used 64646K, committed 65024K, reserved 1114112K
  class space    used 8150K, committed 8320K, reserved 1048576K
}
Event: 6.180 GC heap after
{Heap after GC invocations=16 (full 0):
 garbage-first heap   total 73728K, used 27335K [0x0000000083a00000, 0x0000000100000000)
  region size 1024K, 5 young (5120K), 5 survivors (5120K)
 Metaspace       used 64646K, committed 65024K, reserved 1114112K
  class space    used 8150K, committed 8320K, reserved 1048576K
}
Event: 7.114 GC heap before
{Heap before GC invocations=16 (full 0):
 garbage-first heap   total 73728K, used 57031K [0x0000000083a00000, 0x0000000100000000)
  region size 1024K, 34 young (34816K), 5 survivors (5120K)
 Metaspace       used 68962K, committed 69440K, reserved 1114112K
  class space    used 8727K, committed 8960K, reserved 1048576K
}
Event: 7.121 GC heap after
{Heap after GC invocations=17 (full 0):
 garbage-first heap   total 73728K, used 31417K [0x0000000083a00000, 0x0000000100000000)
  region size 1024K, 4 young (4096K), 4 survivors (4096K)
 Metaspace       used 68962K, committed 69440K, reserved 1114112K
  class space    used 8727K, committed 8960K, reserved 1048576K
}
Event: 97.453 GC heap before
{Heap before GC invocations=17 (full 0):
 garbage-first heap   total 73728K, used 57017K [0x0000000083a00000, 0x0000000100000000)
  region size 1024K, 29 young (29696K), 4 survivors (4096K)
 Metaspace       used 72622K, committed 73152K, reserved 1114112K
  class space    used 9200K, committed 9472K, reserved 1048576K
}
Event: 97.461 GC heap after
{Heap after GC invocations=18 (full 0):
 garbage-first heap   total 73728K, used 33001K [0x0000000083a00000, 0x0000000100000000)
  region size 1024K, 2 young (2048K), 2 survivors (2048K)
 Metaspace       used 72622K, committed 73152K, reserved 1114112K
  class space    used 9200K, committed 9472K, reserved 1048576K
}
Event: 307.074 GC heap before
{Heap before GC invocations=18 (full 0):
 garbage-first heap   total 73728K, used 56553K [0x0000000083a00000, 0x0000000100000000)
  region size 1024K, 26 young (26624K), 2 survivors (2048K)
 Metaspace       used 75334K, committed 75776K, reserved 1179648K
  class space    used 9446K, committed 9664K, reserved 1048576K
}
Event: 307.082 GC heap after
{Heap after GC invocations=19 (full 0):
 garbage-first heap   total 73728K, used 33320K [0x0000000083a00000, 0x0000000100000000)
  region size 1024K, 3 young (3072K), 3 survivors (3072K)
 Metaspace       used 75334K, committed 75776K, reserved 1179648K
  class space    used 9446K, committed 9664K, reserved 1048576K
}
Event: 547.954 GC heap before
{Heap before GC invocations=19 (full 0):
 garbage-first heap   total 73728K, used 56872K [0x0000000083a00000, 0x0000000100000000)
  region size 1024K, 27 young (27648K), 3 survivors (3072K)
 Metaspace       used 76690K, committed 77184K, reserved 1179648K
  class space    used 9564K, committed 9792K, reserved 1048576K
}
Event: 547.959 GC heap after
{Heap after GC invocations=20 (full 0):
 garbage-first heap   total 73728K, used 33550K [0x0000000083a00000, 0x0000000100000000)
  region size 1024K, 3 young (3072K), 3 survivors (3072K)
 Metaspace       used 76690K, committed 77184K, reserved 1179648K
  class space    used 9564K, committed 9792K, reserved 1048576K
}
Event: 758.263 GC heap before
{Heap before GC invocations=20 (full 0):
 garbage-first heap   total 73728K, used 58126K [0x0000000083a00000, 0x0000000100000000)
  region size 1024K, 28 young (28672K), 3 survivors (3072K)
 Metaspace       used 78088K, committed 78592K, reserved 1179648K
  class space    used 9746K, committed 9984K, reserved 1048576K
}
Event: 758.270 GC heap after
{Heap after GC invocations=21 (full 0):
 garbage-first heap   total 73728K, used 34124K [0x0000000083a00000, 0x0000000100000000)
  region size 1024K, 2 young (2048K), 2 survivors (2048K)
 Metaspace       used 78088K, committed 78592K, reserved 1179648K
  class space    used 9746K, committed 9984K, reserved 1048576K
}
Event: 1058.435 GC heap before
{Heap before GC invocations=21 (full 0):
 garbage-first heap   total 73728K, used 58700K [0x0000000083a00000, 0x0000000100000000)
  region size 1024K, 27 young (27648K), 2 survivors (2048K)
 Metaspace       used 78294K, committed 78784K, reserved 1179648K
  class space    used 9748K, committed 9984K, reserved 1048576K
}
Event: 1058.442 GC heap after
{Heap after GC invocations=22 (full 0):
 garbage-first heap   total 73728K, used 34259K [0x0000000083a00000, 0x0000000100000000)
  region size 1024K, 2 young (2048K), 2 survivors (2048K)
 Metaspace       used 78294K, committed 78784K, reserved 1179648K
  class space    used 9748K, committed 9984K, reserved 1048576K
}

Deoptimization events (20 events):
Event: 608.015 Thread 0x0000024ec38339f0 DEOPT PACKING pc=0x0000024ea63d52cc sp=0x000000750cafef00
Event: 608.015 Thread 0x0000024ec3836540 DEOPT PACKING pc=0x0000024ea63d52cc sp=0x000000750cbfeea0
Event: 608.015 Thread 0x0000024ec3836540 DEOPT UNPACKING pc=0x0000024ea5276763 sp=0x000000750cbfe360 mode 0
Event: 608.015 Thread 0x0000024ec38339f0 DEOPT UNPACKING pc=0x0000024ea5276763 sp=0x000000750cafe3c0 mode 0
Event: 608.015 Thread 0x0000024ec3834390 DEOPT PACKING pc=0x0000024ea63d52cc sp=0x000000750d8ff0b0
Event: 608.015 Thread 0x0000024ec3834390 DEOPT UNPACKING pc=0x0000024ea5276763 sp=0x000000750d8fe570 mode 0
Event: 608.109 Thread 0x0000024ec3835200 DEOPT PACKING pc=0x0000024ea63d52cc sp=0x000000750c9fef50
Event: 608.109 Thread 0x0000024ec3835200 DEOPT UNPACKING pc=0x0000024ea5276763 sp=0x000000750c9fe410 mode 0
Event: 608.109 Thread 0x0000024ec3839090 DEOPT PACKING pc=0x0000024ea63d52cc sp=0x000000750c6ff570
Event: 608.109 Thread 0x0000024ec3839090 DEOPT UNPACKING pc=0x0000024ea5276763 sp=0x000000750c6fea30 mode 0
Event: 908.451 Thread 0x0000024ec3839090 DEOPT PACKING pc=0x0000024ea6063e20 sp=0x000000750c6fe390
Event: 908.451 Thread 0x0000024ec3839090 DEOPT UNPACKING pc=0x0000024ea5276763 sp=0x000000750c6fd830 mode 0
Event: 938.312 Thread 0x0000024ec3834390 Uncommon trap: trap_request=0xffffff45 fr.pc=0x0000024eacd299c0 relative=0x0000000000001440
Event: 938.312 Thread 0x0000024ec3834390 Uncommon trap: reason=unstable_if action=reinterpret pc=0x0000024eacd299c0 method=java.util.WeakHashMap.remove(Ljava/lang/Object;)Ljava/lang/Object; @ 92 c2
Event: 938.312 Thread 0x0000024ec3834390 DEOPT PACKING pc=0x0000024eacd299c0 sp=0x000000750d8fe5a0
Event: 938.313 Thread 0x0000024ec3834390 DEOPT UNPACKING pc=0x0000024ea5275c23 sp=0x000000750d8fe488 mode 2
Event: 1178.527 Thread 0x0000024ec3834390 Uncommon trap: trap_request=0xfffffff4 fr.pc=0x0000024eacefcaec relative=0x000000000000006c
Event: 1178.527 Thread 0x0000024ec3834390 Uncommon trap: reason=null_check action=make_not_entrant pc=0x0000024eacefcaec method=com.fasterxml.jackson.databind.JavaType.isAbstract()Z @ 4 c2
Event: 1178.527 Thread 0x0000024ec3834390 DEOPT PACKING pc=0x0000024eacefcaec sp=0x000000750d8fd950
Event: 1178.527 Thread 0x0000024ec3834390 DEOPT UNPACKING pc=0x0000024ea5275c23 sp=0x000000750d8fd8d8 mode 2

Classes loaded (20 events):
Event: 581.329 Loading class java/time/Clock$FixedClock
Event: 581.329 Loading class java/time/Clock$FixedClock done
Event: 581.332 Loading class java/time/Clock$TickClock
Event: 581.333 Loading class java/time/Clock$TickClock done
Event: 581.333 Loading class java/time/Clock$SystemClock
Event: 581.333 Loading class java/time/Clock$SystemClock done
Event: 581.386 Loading class java/util/concurrent/atomic/AtomicLongFieldUpdater
Event: 581.386 Loading class java/util/concurrent/atomic/AtomicLongFieldUpdater done
Event: 581.386 Loading class java/util/concurrent/atomic/AtomicLongFieldUpdater$CASUpdater
Event: 581.387 Loading class java/util/concurrent/atomic/AtomicLongFieldUpdater$CASUpdater done
Event: 581.387 Loading class java/util/concurrent/atomic/AtomicLongFieldUpdater$CASUpdater$1
Event: 581.387 Loading class java/util/concurrent/atomic/AtomicLongFieldUpdater$CASUpdater$1 done
Event: 616.459 Loading class java/util/concurrent/ConcurrentSkipListMap$SubMap
Event: 616.461 Loading class java/util/concurrent/ConcurrentSkipListMap$SubMap done
Event: 616.461 Loading class java/util/concurrent/ConcurrentSkipListMap$Values
Event: 616.461 Loading class java/util/concurrent/ConcurrentSkipListMap$Values done
Event: 616.462 Loading class java/util/concurrent/ConcurrentSkipListMap$SubMap$SubMapValueIterator
Event: 616.462 Loading class java/util/concurrent/ConcurrentSkipListMap$SubMap$SubMapIter
Event: 616.462 Loading class java/util/concurrent/ConcurrentSkipListMap$SubMap$SubMapIter done
Event: 616.462 Loading class java/util/concurrent/ConcurrentSkipListMap$SubMap$SubMapValueIterator done

Classes unloaded (0 events):
No events

Classes redefined (0 events):
No events

Internal exceptions (20 events):
Event: 1148.512 Thread 0x0000024ec3834390 Exception <a 'java/net/ConnectException'{0x0000000087aac360}: Connection refused: connect> (0x0000000087aac360) 
thrown [s\src\hotspot\share\prims\jni.cpp, line 535]
Event: 1148.512 Thread 0x0000024ec3834390 Exception <a 'java/net/SocketException'{0x0000000087aac940}: Socket is not connected: shutdown> (0x0000000087aac940) 
thrown [s\src\hotspot\share\prims\jni.cpp, line 535]
Event: 1148.513 Thread 0x0000024ec3834390 Exception <a 'java/net/ConnectException'{0x0000000087ab1778}: Connection refused: connect> (0x0000000087ab1778) 
thrown [s\src\hotspot\share\prims\jni.cpp, line 535]
Event: 1148.513 Thread 0x0000024ec3834390 Exception <a 'java/net/SocketException'{0x0000000087ab1d58}: Socket is not connected: shutdown> (0x0000000087ab1d58) 
thrown [s\src\hotspot\share\prims\jni.cpp, line 535]
Event: 1148.717 Thread 0x0000024ec3839090 Exception <a 'java/net/ConnectException'{0x00000000879a20f0}: Connection refused: connect> (0x00000000879a20f0) 
thrown [s\src\hotspot\share\prims\jni.cpp, line 535]
Event: 1148.717 Thread 0x0000024ec3839090 Exception <a 'java/net/SocketException'{0x00000000879a26d0}: Socket is not connected: shutdown> (0x00000000879a26d0) 
thrown [s\src\hotspot\share\prims\jni.cpp, line 535]
Event: 1148.717 Thread 0x0000024ec3839090 Exception <a 'java/net/ConnectException'{0x00000000879a31c0}: Connection refused: connect> (0x00000000879a31c0) 
thrown [s\src\hotspot\share\prims\jni.cpp, line 535]
Event: 1148.717 Thread 0x0000024ec3839090 Exception <a 'java/net/SocketException'{0x00000000879a37a0}: Socket is not connected: shutdown> (0x00000000879a37a0) 
thrown [s\src\hotspot\share\prims\jni.cpp, line 535]
Event: 1178.498 Thread 0x0000024ec3836540 Exception <a 'java/net/ConnectException'{0x0000000087851e90}: Connection refused: connect> (0x0000000087851e90) 
thrown [s\src\hotspot\share\prims\jni.cpp, line 535]
Event: 1178.498 Thread 0x0000024ec3836540 Exception <a 'java/net/SocketException'{0x0000000087852470}: Socket is not connected: shutdown> (0x0000000087852470) 
thrown [s\src\hotspot\share\prims\jni.cpp, line 535]
Event: 1178.499 Thread 0x0000024ec3836540 Exception <a 'java/net/ConnectException'{0x0000000087852f60}: Connection refused: connect> (0x0000000087852f60) 
thrown [s\src\hotspot\share\prims\jni.cpp, line 535]
Event: 1178.499 Thread 0x0000024ec3836540 Exception <a 'java/net/SocketException'{0x0000000087853540}: Socket is not connected: shutdown> (0x0000000087853540) 
thrown [s\src\hotspot\share\prims\jni.cpp, line 535]
Event: 1178.530 Thread 0x0000024ec3834390 Exception <a 'java/net/ConnectException'{0x00000000877224d0}: Connection refused: connect> (0x00000000877224d0) 
thrown [s\src\hotspot\share\prims\jni.cpp, line 535]
Event: 1178.530 Thread 0x0000024ec3834390 Exception <a 'java/net/SocketException'{0x0000000087722ab0}: Socket is not connected: shutdown> (0x0000000087722ab0) 
thrown [s\src\hotspot\share\prims\jni.cpp, line 535]
Event: 1178.531 Thread 0x0000024ec3834390 Exception <a 'java/net/ConnectException'{0x00000000877235a0}: Connection refused: connect> (0x00000000877235a0) 
thrown [s\src\hotspot\share\prims\jni.cpp, line 535]
Event: 1178.531 Thread 0x0000024ec3834390 Exception <a 'java/net/SocketException'{0x0000000087723b80}: Socket is not connected: shutdown> (0x0000000087723b80) 
thrown [s\src\hotspot\share\prims\jni.cpp, line 535]
Event: 1178.735 Thread 0x0000024ec3839090 Exception <a 'java/net/ConnectException'{0x0000000087616b10}: Connection refused: connect> (0x0000000087616b10) 
thrown [s\src\hotspot\share\prims\jni.cpp, line 535]
Event: 1178.735 Thread 0x0000024ec3839090 Exception <a 'java/net/SocketException'{0x00000000876170f0}: Socket is not connected: shutdown> (0x00000000876170f0) 
thrown [s\src\hotspot\share\prims\jni.cpp, line 535]
Event: 1178.735 Thread 0x0000024ec3839090 Exception <a 'java/net/ConnectException'{0x0000000087617be0}: Connection refused: connect> (0x0000000087617be0) 
thrown [s\src\hotspot\share\prims\jni.cpp, line 535]
Event: 1178.735 Thread 0x0000024ec3839090 Exception <a 'java/net/SocketException'{0x00000000876181c0}: Socket is not connected: shutdown> (0x00000000876181c0) 
thrown [s\src\hotspot\share\prims\jni.cpp, line 535]

VM Operations (20 events):
Event: 938.313 Executing VM operation: Cleanup
Event: 938.313 Executing VM operation: Cleanup done
Event: 939.316 Executing VM operation: Cleanup
Event: 939.317 Executing VM operation: Cleanup done
Event: 968.545 Executing VM operation: Cleanup
Event: 968.545 Executing VM operation: Cleanup done
Event: 996.757 Executing VM operation: Cleanup
Event: 996.757 Executing VM operation: Cleanup done
Event: 998.764 Executing VM operation: Cleanup
Event: 998.764 Executing VM operation: Cleanup done
Event: 1028.983 Executing VM operation: Cleanup
Event: 1028.983 Executing VM operation: Cleanup done
Event: 1058.435 Executing VM operation: G1CollectForAllocation
Event: 1058.442 Executing VM operation: G1CollectForAllocation done
Event: 1088.701 Executing VM operation: Cleanup
Event: 1088.701 Executing VM operation: Cleanup done
Event: 1118.907 Executing VM operation: Cleanup
Event: 1118.907 Executing VM operation: Cleanup done
Event: 1149.150 Executing VM operation: Cleanup
Event: 1149.150 Executing VM operation: Cleanup done

Events (20 events):
Event: 938.331 Thread 0x0000024ebfc5ced0 flushing nmethod 0x0000024ea6348e90
Event: 938.331 Thread 0x0000024ebfc5ced0 flushing nmethod 0x0000024ea634be90
Event: 938.331 Thread 0x0000024ebfc5ced0 flushing nmethod 0x0000024ea634fd10
Event: 938.331 Thread 0x0000024ebfc5ced0 flushing nmethod 0x0000024ea6354a90
Event: 938.331 Thread 0x0000024ebfc5ced0 flushing nmethod 0x0000024ea6361290
Event: 938.331 Thread 0x0000024ebfc5ced0 flushing nmethod 0x0000024ea636ee10
Event: 938.331 Thread 0x0000024ebfc5ced0 flushing nmethod 0x0000024ea636f210
Event: 938.331 Thread 0x0000024ebfc5ced0 flushing nmethod 0x0000024ea6393190
Event: 938.331 Thread 0x0000024ebfc5ced0 flushing nmethod 0x0000024ea6393510
Event: 938.331 Thread 0x0000024ebfc5ced0 flushing nmethod 0x0000024ea63d4790
Event: 938.331 Thread 0x0000024ebfc5ced0 flushing nmethod 0x0000024ea63e1b90
Event: 938.332 Thread 0x0000024ebfc5ced0 flushing nmethod 0x0000024ea6410a90
Event: 938.332 Thread 0x0000024ebfc5ced0 flushing nmethod 0x0000024ea6428590
Event: 938.332 Thread 0x0000024ebfc5ced0 flushing nmethod 0x0000024ea646aa10
Event: 938.332 Thread 0x0000024ebfc5ced0 flushing nmethod 0x0000024ea64a5190
Event: 938.332 Thread 0x0000024ebfc5ced0 flushing nmethod 0x0000024ea64a5610
Event: 938.332 Thread 0x0000024ebfc5ced0 flushing nmethod 0x0000024ea64d0f10
Event: 938.332 Thread 0x0000024ebfc5ced0 flushing nmethod 0x0000024ea656aa90
Event: 938.333 Thread 0x0000024ebfc5ced0 flushing nmethod 0x0000024ea657e990
Event: 938.333 Thread 0x0000024ebfc5ced0 flushing nmethod 0x0000024ea664a990


Dynamic libraries:
0x00007ff624e20000 - 0x00007ff624e2e000 	C:\Users\DELL\.p2\pool\plugins\org.eclipse.justj.openjdk.hotspot.jre.full.win32.x86_64_18.0.1.v20220515-1614\jre\bin\javaw.exe
0x00007ffcbb310000 - 0x00007ffcbb507000 	C:\Windows\SYSTEM32\ntdll.dll
0x00007ffcba340000 - 0x00007ffcba3fd000 	C:\Windows\System32\KERNEL32.DLL
0x00007ffcb8de0000 - 0x00007ffcb90ad000 	C:\Windows\System32\KERNELBASE.dll
0x00007ffcb8b80000 - 0x00007ffcb8c80000 	C:\Windows\System32\ucrtbase.dll
0x00007ffcb3ef0000 - 0x00007ffcb3f07000 	C:\Users\DELL\.p2\pool\plugins\org.eclipse.justj.openjdk.hotspot.jre.full.win32.x86_64_18.0.1.v20220515-1614\jre\bin\jli.dll
0x00007ffcb3ed0000 - 0x00007ffcb3ee9000 	C:\Users\DELL\.p2\pool\plugins\org.eclipse.justj.openjdk.hotspot.jre.full.win32.x86_64_18.0.1.v20220515-1614\jre\bin\VCRUNTIME140.dll
0x00007ffcb9c80000 - 0x00007ffcb9e20000 	C:\Windows\System32\USER32.dll
0x00007ffcb8aa0000 - 0x00007ffcb8ac2000 	C:\Windows\System32\win32u.dll
0x00007ffcb9fb0000 - 0x00007ffcb9fda000 	C:\Windows\System32\GDI32.dll
0x00007ffc9e8a0000 - 0x00007ffc9eb3a000 	C:\Windows\WinSxS\amd64_microsoft.windows.common-controls_6595b64144ccf1df_6.0.19041.1110_none_60b5254171f9507e\COMCTL32.dll
0x00007ffcb9230000 - 0x00007ffcb933b000 	C:\Windows\System32\gdi32full.dll
0x00007ffcbb190000 - 0x00007ffcbb22e000 	C:\Windows\System32\msvcrt.dll
0x00007ffcb9100000 - 0x00007ffcb919d000 	C:\Windows\System32\msvcp_win.dll
0x00007ffcba4b0000 - 0x00007ffcba4e0000 	C:\Windows\System32\IMM32.DLL
0x00007ffcb3e50000 - 0x00007ffcb3e5c000 	C:\Users\DELL\.p2\pool\plugins\org.eclipse.justj.openjdk.hotspot.jre.full.win32.x86_64_18.0.1.v20220515-1614\jre\bin\vcruntime140_1.dll
0x00007ffca14a0000 - 0x00007ffca1531000 	C:\Users\DELL\.p2\pool\plugins\org.eclipse.justj.openjdk.hotspot.jre.full.win32.x86_64_18.0.1.v20220515-1614\jre\bin\msvcp140.dll
0x00007ffca0720000 - 0x00007ffca13a9000 	C:\Users\DELL\.p2\pool\plugins\org.eclipse.justj.openjdk.hotspot.jre.full.win32.x86_64_18.0.1.v20220515-1614\jre\bin\server\jvm.dll
0x00007ffcbaf20000 - 0x00007ffcbafce000 	C:\Windows\System32\ADVAPI32.dll
0x00007ffcbb230000 - 0x00007ffcbb2cc000 	C:\Windows\System32\sechost.dll
0x00007ffcbab10000 - 0x00007ffcbac35000 	C:\Windows\System32\RPCRT4.dll
0x00007ffcb9c70000 - 0x00007ffcb9c78000 	C:\Windows\System32\PSAPI.DLL
0x00007ffcb6870000 - 0x00007ffcb6897000 	C:\Windows\SYSTEM32\WINMM.dll
0x00007ffc96030000 - 0x00007ffc96039000 	C:\Windows\SYSTEM32\WSOCK32.dll
0x00007ffcb1270000 - 0x00007ffcb127a000 	C:\Windows\SYSTEM32\VERSION.dll
0x00007ffcbadf0000 - 0x00007ffcbae5b000 	C:\Windows\System32\WS2_32.dll
0x00007ffcb7280000 - 0x00007ffcb7292000 	C:\Windows\SYSTEM32\kernel.appcore.dll
0x00007ffcb2f30000 - 0x00007ffcb2f3a000 	C:\Users\DELL\.p2\pool\plugins\org.eclipse.justj.openjdk.hotspot.jre.full.win32.x86_64_18.0.1.v20220515-1614\jre\bin\jimage.dll
0x00007ffcb6680000 - 0x00007ffcb6864000 	C:\Windows\SYSTEM32\DBGHELP.DLL
0x00007ffcb6650000 - 0x00007ffcb667c000 	C:\Windows\SYSTEM32\dbgcore.DLL
0x00007ffcb91a0000 - 0x00007ffcb9222000 	C:\Windows\System32\bcryptPrimitives.dll
0x00007ffca1dc0000 - 0x00007ffca1de5000 	C:\Users\DELL\.p2\pool\plugins\org.eclipse.justj.openjdk.hotspot.jre.full.win32.x86_64_18.0.1.v20220515-1614\jre\bin\java.dll
0x00007ffca1da0000 - 0x00007ffca1db8000 	C:\Users\DELL\.p2\pool\plugins\org.eclipse.justj.openjdk.hotspot.jre.full.win32.x86_64_18.0.1.v20220515-1614\jre\bin\zip.dll
0x00007ffcb9520000 - 0x00007ffcb9c64000 	C:\Windows\System32\SHELL32.dll
0x00007ffcb6ad0000 - 0x00007ffcb7264000 	C:\Windows\SYSTEM32\windows.storage.dll
0x00007ffcb9fe0000 - 0x00007ffcba334000 	C:\Windows\System32\combase.dll
0x00007ffcb8490000 - 0x00007ffcb84bc000 	C:\Windows\SYSTEM32\Wldp.dll
0x00007ffcba500000 - 0x00007ffcba5ad000 	C:\Windows\System32\SHCORE.dll
0x00007ffcbae60000 - 0x00007ffcbaeb5000 	C:\Windows\System32\shlwapi.dll
0x00007ffcb8970000 - 0x00007ffcb898f000 	C:\Windows\SYSTEM32\profapi.dll
0x00007ffca1c80000 - 0x00007ffca1c93000 	C:\Users\DELL\.p2\pool\plugins\org.eclipse.justj.openjdk.hotspot.jre.full.win32.x86_64_18.0.1.v20220515-1614\jre\bin\net.dll
0x00007ffca3d50000 - 0x00007ffca3e5a000 	C:\Windows\SYSTEM32\WINHTTP.dll
0x00007ffcb81f0000 - 0x00007ffcb825a000 	C:\Windows\system32\mswsock.dll
0x00007ffca1c60000 - 0x00007ffca1c76000 	C:\Users\DELL\.p2\pool\plugins\org.eclipse.justj.openjdk.hotspot.jre.full.win32.x86_64_18.0.1.v20220515-1614\jre\bin\nio.dll
0x00007ffcb2f20000 - 0x00007ffcb2f30000 	C:\Users\DELL\.p2\pool\plugins\org.eclipse.justj.openjdk.hotspot.jre.full.win32.x86_64_18.0.1.v20220515-1614\jre\bin\verify.dll
0x00007ffcb7e90000 - 0x00007ffcb7ecb000 	C:\Windows\SYSTEM32\IPHLPAPI.DLL
0x00007ffcb9e20000 - 0x00007ffcb9e28000 	C:\Windows\System32\NSI.dll
0x00007ffcaece0000 - 0x00007ffcaecf7000 	C:\Windows\SYSTEM32\dhcpcsvc6.DLL
0x00007ffcaf050000 - 0x00007ffcaf06d000 	C:\Windows\SYSTEM32\dhcpcsvc.DLL
0x00007ffcb7ed0000 - 0x00007ffcb7f9b000 	C:\Windows\SYSTEM32\DNSAPI.dll
0x00007ffcb1280000 - 0x00007ffcb128a000 	C:\Windows\System32\rasadhlp.dll
0x00007ffca1ec0000 - 0x00007ffca1f40000 	C:\Windows\System32\fwpuclnt.dll
0x00007ffcb9340000 - 0x00007ffcb9367000 	C:\Windows\System32\bcrypt.dll
0x00007ffca1d90000 - 0x00007ffca1d99000 	C:\Users\DELL\.p2\pool\plugins\org.eclipse.justj.openjdk.hotspot.jre.full.win32.x86_64_18.0.1.v20220515-1614\jre\bin\management.dll
0x00007ffca1c50000 - 0x00007ffca1c5b000 	C:\Users\DELL\.p2\pool\plugins\org.eclipse.justj.openjdk.hotspot.jre.full.win32.x86_64_18.0.1.v20220515-1614\jre\bin\management_ext.dll
0x00007ffc91eb0000 - 0x00007ffc91ec7000 	C:\Windows\system32\napinsp.dll
0x00007ffc91e90000 - 0x00007ffc91eab000 	C:\Windows\system32\pnrpnsp.dll
0x00007ffcb3330000 - 0x00007ffcb3345000 	C:\Windows\system32\wshbth.dll
0x00007ffcb3d20000 - 0x00007ffcb3d3d000 	C:\Windows\system32\NLAapi.dll
0x00007ffc8f1e0000 - 0x00007ffc8f1f2000 	C:\Windows\System32\winrnr.dll
0x00007ffcb83e0000 - 0x00007ffcb83f8000 	C:\Windows\SYSTEM32\CRYPTSP.dll
0x00007ffcb7b00000 - 0x00007ffcb7b34000 	C:\Windows\system32\rsaenh.dll
0x00007ffcb88f0000 - 0x00007ffcb891e000 	C:\Windows\SYSTEM32\USERENV.dll
0x00007ffcb8400000 - 0x00007ffcb840c000 	C:\Windows\SYSTEM32\CRYPTBASE.dll
0x00007ffca0600000 - 0x00007ffca060e000 	C:\Users\DELL\.p2\pool\plugins\org.eclipse.justj.openjdk.hotspot.jre.full.win32.x86_64_18.0.1.v20220515-1614\jre\bin\sunmscapi.dll
0x00007ffcb8c80000 - 0x00007ffcb8dd6000 	C:\Windows\System32\CRYPT32.dll
0x00007ffcb8500000 - 0x00007ffcb8527000 	C:\Windows\SYSTEM32\ncrypt.dll
0x00007ffcb84c0000 - 0x00007ffcb84fb000 	C:\Windows\SYSTEM32\NTASN1.dll

dbghelp: loaded successfully - version: 4.0.5 - missing functions: none
symbol engine: initialized successfully - sym options: 0x614 - pdb path: .;C:\Users\DELL\.p2\pool\plugins\org.eclipse.justj.openjdk.hotspot.jre.full.win32.x86_64_18.0.1.v20220515-1614\jre\bin;C:\Windows\SYSTEM32;C:\Windows\WinSxS\amd64_microsoft.windows.common-controls_6595b64144ccf1df_6.0.19041.1110_none_60b5254171f9507e;C:\Users\DELL\.p2\pool\plugins\org.eclipse.justj.openjdk.hotspot.jre.full.win32.x86_64_18.0.1.v20220515-1614\jre\bin\server

VM Arguments:
jvm_args: -Dfile.encoding=UTF-8 -XX:+ShowCodeDetailsInExceptionMessages 
java_command: com.patientservice.PatientServiceApplication
java_class_path (initial): D:\Comprehnesive\Back End\Back End\Patient-service\target\classes;C:\Users\DELL\.m2\repository\org\springframework\boot\spring-boot-starter-data-jpa\2.7.0\spring-boot-starter-data-jpa-2.7.0.jar;C:\Users\DELL\.m2\repository\org\springframework\boot\spring-boot-starter-aop\2.7.0\spring-boot-starter-aop-2.7.0.jar;C:\Users\DELL\.m2\repository\org\springframework\spring-aop\5.3.20\spring-aop-5.3.20.jar;C:\Users\DELL\.m2\repository\org\aspectj\aspectjweaver\1.9.7\aspectjweaver-1.9.7.jar;C:\Users\DELL\.m2\repository\org\springframework\boot\spring-boot-starter-jdbc\2.7.0\spring-boot-starter-jdbc-2.7.0.jar;C:\Users\DELL\.m2\repository\com\zaxxer\HikariCP\4.0.3\HikariCP-4.0.3.jar;C:\Users\DELL\.m2\repository\org\springframework\spring-jdbc\5.3.20\spring-jdbc-5.3.20.jar;C:\Users\DELL\.m2\repository\jakarta\transaction\jakarta.transaction-api\1.3.3\jakarta.transaction-api-1.3.3.jar;C:\Users\DELL\.m2\repository\jakarta\persistence\jakarta.persistence-api\2.2.3\jakarta.persistence-api-2.2.3.jar;C:\Users\DELL\.m2\repository\org\hibernate\hibernate-core\5.6.9.Final\hibernate-core-5.6.9.Final.jar;C:\Users\DELL\.m2\repository\org\jboss\logging\jboss-logging\3.4.3.Final\jboss-logging-3.4.3.Final.jar;C:\Users\DELL\.m2\repository\net\bytebuddy\byte-buddy\1.12.10\byte-buddy-1.12.10.jar;C:\Users\DELL\.m2\repository\antlr\antlr\2.7.7\antlr-2.7.7.jar;C:\Users\DELL\.m2\repository\org\jboss\jandex\2.4.2.Final\jandex-2.4.2.Final.jar;C:\Users\DELL\.m2\repository\com\fasterxml\classmate\1.5.1\classmate-1.5.1.jar;C:\Users\DELL\.m2\repository\org\hibernate\common\hibernate-commons-annotations\5.1.2.Final\hibernate-commons-annotations-5.1.2.Final.jar;C:\Users\DELL\.m2\repository\org\glassfish\jaxb\jaxb-runtime\2.3.6\jaxb-runtime-2.3.6.jar;C:\Users\DELL\.m2\repository\org\glassfish\jaxb\txw2\2.3.6\txw2-2.3.6.jar;C:\Users\DELL\.m2\repository\com\sun\istack\istack-commons-runtime\3.0.12\istack-commons-runtime-3.0.12.jar;C:\Users\DELL\.m2\repository\com\sun\activation\jakarta.activation\1.2.2\jakarta.activation-1.2.2.jar;C:\Users\DELL\.m2\repository\org\springframework\data\spring-data-jpa\2.7.0\spring-data-jpa-2.7.0.jar;C:\Users\DELL\.m2\repository\org\springframework\data\spring-data-commons\2.7.0\spring-data-commons-2.7.0.jar;C:\Users\DELL\.m2\repository\org\springframework\spring-orm\5.3.20\spring-orm-5.3.20.jar;C:\Users\DELL\.m2\repository\org\springframework\spring-context\5.3.20\spring-context-5.3.20.jar;C:\Users\DELL\.m2\repository\org\springframework\spring-tx\5.3.20\spring-tx-5.3.20.jar;C:\Users\DELL\.m2\repository\org\springframework\spring-beans\5.3.20\spring-beans-5.3.20.jar;C:\Users\DELL\.m2\repository\org\slf4j\slf4j-api\1.7.36\slf4j-api-1.7.36.jar;C:\Users\DELL\.m2\repository\org\springframework\spring-aspects\5.3.20\spring-aspects-5.3.20.jar;C:\Users\DELL\.m2\repository\org\springframework\boot\spring-boot-starter-web\2.7.0\spring-boot-starter-web-2.7.0.jar;C:\Users\DELL\.m2\repository\org\springframework\boot\spring-boot-starter\2.7.0\spring-boot-starter-2.7.0.jar;C:\Users\DELL\.m2\repository\org\springframework\boot\spring-boot\2.7.0\spring-boot-2.7.0.jar;C:\Users\DELL\.m2\repository\org\springframework\boot\spring-boot-autoconfigure\2.7.0\spring-boot-autoconfigure-2.7.0.jar;C:\Users\DELL\.m2\repository\org\springframework\boot\spring-boot-starter-logging\2.7.0\spring-boot-starter-logging-2.7.0.jar;C:\Users\DELL\.m2\repository\ch\qos\logback\logback-classic\1.2.11\logback-classic-1.2.11.jar;C:\Users\DELL\.m2\repository\ch\qos\logback\logback-core\1.2.11\logback-core-1.2.11.jar;C:\Users\DELL\.m2\repository\org\apache\logging\log4j\log4j-to-slf4j\2.17.2\log4j-to-slf4j-2.17.2.jar;C:\Users\DELL\.m2\repository\org\apache\logging\log4j\log4j-api\2.17.2\log4j-api-2.17.2.jar;C:\Users\DELL\.m2\repository\org\slf4j\jul-to-slf4j\1.7.36\jul-to-slf4j-1.7.36.jar;C:\Users\DELL\.m2\repository\jakarta\annotation\jakarta.annotation-api\1.3.5\jakarta.annotation-api-1.3.5.jar;C:\Users\DELL\.m2\repository\org\yaml\snakeyaml\1.30\snakeyaml-1.30.jar;C:\Users\DELL\.m2\repository\org\springframework\boot\spring-boot-starter-json\2.7.0\spring-boot-starter-json-2.7.0.jar;C:\Users\DELL\.m2\repository\com\fasterxml\jackson\core\jackson-databind\2.13.3\jackson-databind-2.13.3.jar;C:\Users\DELL\.m2\repository\com\fasterxml\jackson\datatype\jackson-datatype-jdk8\2.13.3\jackson-datatype-jdk8-2.13.3.jar;C:\Users\DELL\.m2\repository\com\fasterxml\jackson\datatype\jackson-datatype-jsr310\2.13.3\jackson-datatype-jsr310-2.13.3.jar;C:\Users\DELL\.m2\repository\com\fasterxml\jackson\module\jackson-module-parameter-names\2.13.3\jackson-module-parameter-names-2.13.3.jar;C:\Users\DELL\.m2\repository\org\springframework\boot\spring-boot-starter-tomcat\2.7.0\spring-boot-starter-tomcat-2.7.0.jar;C:\Users\DELL\.m2\repository\org\apache\tomcat\embed\tomcat-embed-core\9.0.63\tomcat-embed-core-9.0.63.jar;C:\Users\DELL\.m2\repository\org\apache\tomcat\embed\tomcat-embed-el\9.0.63\tomcat-embed-el-9.0.63.jar;C:\Users\DELL\.m2\repository\org\apache\tomcat\embed\tomcat-embed-websocket\9.0.63\tomcat-embed-websocket-9.0.63.jar;C:\Users\DELL\.m2\repository\org\springframework\spring-web\5.3.20\spring-web-5.3.20.jar;C:\Users\DELL\.m2\repository\org\springframework\spring-webmvc\5.3.20\spring-webmvc-5.3.20.jar;C:\Users\DELL\.m2\repository\org\springframework\spring-expression\5.3.20\spring-expression-5.3.20.jar;C:\Users\DELL\.m2\repository\org\springframework\cloud\spring-cloud-starter-netflix-eureka-client\3.1.3\spring-cloud-starter-netflix-eureka-client-3.1.3.jar;C:\Users\DELL\.m2\repository\org\springframework\cloud\spring-cloud-starter\3.1.3\spring-cloud-starter-3.1.3.jar;C:\Users\DELL\.m2\repository\org\springframework\cloud\spring-cloud-context\3.1.3\spring-cloud-context-3.1.3.jar;C:\Users\DELL\.m2\repository\org\springframework\security\spring-security-crypto\5.7.1\spring-security-crypto-5.7.1.jar;C:\Users\DELL\.m2\repository\org\springframework\cloud\spring-cloud-commons\3.1.3\spring-cloud-commons-3.1.3.jar;C:\Users\DELL\.m2\repository\org\springframework\security\spring-security-rsa\1.0.10.RELEASE\spring-security-rsa-1.0.10.RELEASE.jar;C:\Users\DELL\.m2\repository\org\bouncycastle\bcpkix-jdk15on\1.68\bcpkix-jdk15on-1.68.jar;C:\Users\DELL\.m2\repository\org\bouncycastle\bcprov-jdk15on\1.68\bcprov-jdk15on-1.68.jar;C:\Users\DELL\.m2\repository\org\springframework\cloud\spring-cloud-netflix-eureka-client\3.1.3\spring-cloud-netflix-eureka-client-3.1.3.jar;C:\Users\DELL\.m2\repository\com\netflix\eureka\eureka-client\1.10.17\eureka-client-1.10.17.jar;C:\Users\DELL\.m2\repository\com\netflix\netflix-commons\netflix-eventbus\0.3.0\netflix-eventbus-0.3.0.jar;C:\Users\DELL\.m2\repository\com\netflix\netflix-commons\netflix-infix\0.3.0\netflix-infix-0.3.0.jar;C:\Users\DELL\.m2\repository\commons-jxpath\commons-jxpath\1.3\commons-jxpath-1.3.jar;C:\Users\DELL\.m2\repository\joda-time\joda-time\2.3\joda-time-2.3.jar;C:\Users\DELL\.m2\repository\org\antlr\antlr-runtime\3.4\antlr-runtime-3.4.jar;C:\Users\DELL\.m2\repository\org\antlr\stringtemplate\3.2.1\stringtemplate-3.2.1.jar;C:\Users\DELL\.m2\repository\com\google\code\gson\gson\2.9.0\gson-2.9.0.jar;C:\Users\DELL\.m2\repository\org\apache\commons\commons-math\2.2\commons-math-2.2.jar;C:\Users\DELL\.m2\repository\com\thoughtworks\xstream\xstream\1.4.18\xstream-1.4.18.jar;C:\Users\DELL\.m2\repository\io\github\x-stream\mxparser\1.2.2\mxparser-1.2.2.jar;C:\Users\DELL\.m2\repository\xmlpull\xmlpull\1.1.3.1\xmlpull-1.1.3.1.jar;C:\Users\DELL\.m2\repository\javax\ws\rs\jsr311-api\1.1.1\jsr311-api-1.1.1.jar;C:\Users\DELL\.m2\repository\com\netflix\servo\servo-core\0.12.21\servo-core-0.12.21.jar;C:\Users\DELL\.m2\repository\com\google\guava\guava\19.0\guava-19.0.jar;C:\Users\DELL\.m2\repository\org\apache\httpcomponents\httpclient\4.5.13\httpclient-4.5.13.jar;C:\Users\DELL\.m2\repository\org\apache\httpcomponents\httpcore\4.4.15\httpcore-4.4.15.jar;C:\Users\DELL\.m2\repository\commons-codec\commons-codec\1.15\commons-codec-1.15.jar;C:\Users\DELL\.m2\repository\commons-configuration\commons-configuration\1.10\commons-configuration-1.10.jar;C:\Users\DELL\.m2\repository\commons-lang\commons-lang\2.6\commons-lang-2.6.jar;C:\Users\DELL\.m2\repository\com\google\inject\guice\4.1.0\guice-4.1.0.jar;C:\Users\DELL\.m2\repository\javax\inject\javax.inject\1\javax.inject-1.jar;C:\Users\DELL\.m2\repository\com\fasterxml\jackson\core\jackson-annotations\2.13.3\jackson-annotations-2.13.3.jar;C:\Users\DELL\.m2\repository\com\fasterxml\jackson\core\jackson-core\2.13.3\jackson-core-2.13.3.jar;C:\Users\DELL\.m2\repository\org\codehaus\jettison\jettison\1.4.0\jettison-1.4.0.jar;C:\Users\DELL\.m2\repository\com\netflix\eureka\eureka-core\1.10.17\eureka-core-1.10.17.jar;C:\Users\DELL\.m2\repository\com\fasterxml\woodstox\woodstox-core\6.2.1\woodstox-core-6.2.1.jar;C:\Users\DELL\.m2\repository\org\codehaus\woodstox\stax2-api\4.2.1\stax2-api-4.2.1.jar;C:\Users\DELL\.m2\repository\org\springframework\cloud\spring-cloud-starter-loadbalancer\3.1.3\spring-cloud-starter-loadbalancer-3.1.3.jar;C:\Users\DELL\.m2\repository\org\springframework\cloud\spring-cloud-loadbalancer\3.1.3\spring-cloud-loadbalancer-3.1.3.jar;C:\Users\DELL\.m2\repository\io\projectreactor\reactor-core\3.4.18\reactor-core-3.4.18.jar;C:\Users\DELL\.m2\repository\org\reactivestreams\reactive-streams\1.0.3\reactive-streams-1.0.3.jar;C:\Users\DELL\.m2\repository\io\projectreactor\addons\reactor-extra\3.4.8\reactor-extra-3.4.8.jar;C:\Users\DELL\.m2\repository\org\springframework\boot\spring-boot-starter-cache\2.7.0\spring-boot-starter-cache-2.7.0.jar;C:\Users\DELL\.m2\repository\org\springframework\spring-context-support\5.3.20\spring-context-support-5.3.20.jar;C:\Users\DELL\.m2\repository\com\stoyanr\evictor\1.0.0\evictor-1.0.0.jar;C:\Users\DELL\.m2\repository\mysql\mysql-connector-java\8.0.29\mysql-connector-java-8.0.29.jar;C:\Users\DELL\.m2\repository\org\projectlombok\lombok\1.18.24\lombok-1.18.24.jar;C:\Users\DELL\.m2\repository\jakarta\xml\bind\jakarta.xml.bind-api\2.3.3\jakarta.xml.bind-api-2.3.3.jar;C:\Users\DELL\.m2\repository\jakarta\activation\jakarta.activation-api\1.2.2\jakarta.activation-api-1.2.2.jar;C:\Users\DELL\.m2\repository\org\springframework\spring-core\5.3.20\spring-core-5.3.20.jar;C:\Users\DELL\.m2\repository\org\springframework\spring-jcl\5.3.20\spring-jcl-5.3.20.jar
Launcher Type: SUN_STANDARD

[Global flags]
     intx CICompilerCount                          = 4                                         {product} {ergonomic}
     uint ConcGCThreads                            = 2                                         {product} {ergonomic}
     uint G1ConcRefinementThreads                  = 8                                         {product} {ergonomic}
   size_t G1HeapRegionSize                         = 1048576                                   {product} {ergonomic}
    uintx GCDrainStackTargetSize                   = 64                                        {product} {ergonomic}
   size_t InitialHeapSize                          = 132120576                                 {product} {ergonomic}
   size_t MarkStackSize                            = 4194304                                   {product} {ergonomic}
   size_t MaxHeapSize                              = 2086666240                                {product} {ergonomic}
   size_t MaxNewSize                               = 1251999744                                {product} {ergonomic}
   size_t MinHeapDeltaBytes                        = 1048576                                   {product} {ergonomic}
   size_t MinHeapSize                              = 8388608                                   {product} {ergonomic}
    uintx NonNMethodCodeHeapSize                   = 5839372                                {pd product} {ergonomic}
    uintx NonProfiledCodeHeapSize                  = 122909434                              {pd product} {ergonomic}
    uintx ProfiledCodeHeapSize                     = 122909434                              {pd product} {ergonomic}
    uintx ReservedCodeCacheSize                    = 251658240                              {pd product} {ergonomic}
     bool SegmentedCodeCache                       = true                                      {product} {ergonomic}
     bool ShowCodeDetailsInExceptionMessages       = true                                   {manageable} {command line}
   size_t SoftMaxHeapSize                          = 2086666240                             {manageable} {ergonomic}
     bool UseCompressedClassPointers               = true                           {product lp64_product} {ergonomic}
     bool UseCompressedOops                        = true                           {product lp64_product} {ergonomic}
     bool UseG1GC                                  = true                                      {product} {ergonomic}
     bool UseLargePagesIndividualAllocation        = false                                  {pd product} {ergonomic}

Logging:
Log output configuration:
 #0: stdout all=warning uptime,level,tags foldmultilines=false
 #1: stderr all=off uptime,level,tags foldmultilines=false

Environment Variables:
PATH=C:/Users/DELL/.p2/pool/plugins/org.eclipse.justj.openjdk.hotspot.jre.full.win32.x86_64_18.0.1.v20220515-1614/jre/bin/server;C:/Users/DELL/.p2/pool/plugins/org.eclipse.justj.openjdk.hotspot.jre.full.win32.x86_64_18.0.1.v20220515-1614/jre/bin;C:\Program Files\Common Files\Oracle\Java\javapath;C:\Python310\Scripts\;C:\Python310\;C:\Program Files (x86)\Common Files\Oracle\Java\javapath;C:\Windows\system32;C:\Windows;C:\Windows\System32\Wbem;"C:\Windows\System32\WindowsPowerShell\v1.0\C:\Program Files\Java\jdk\bin;";C:\Windows\System32\OpenSSH\;C:\Maven\apache-maven-3.8.5\bin;C:\Program Files\nodejs\;C:\ProgramData\chocolatey\bin;C:\Program Files\MySQL\MySQL Shell 8.0\bin\;C:\Users\DELL\AppData\Local\Microsoft\WindowsApps;C:\Maven\bin\;C:\Users\DELL\AppData\Roaming\npm;C:\Program Files\JetBrains\IntelliJ IDEA Community Edition 2022.1.2\bin;;C:\Users\DELL\AppData\Local\Programs\Microsoft VS Code\bin;C:\Users\DELL\OneDrive\Desktop;
USERNAME=DELL
OS=Windows_NT
PROCESSOR_IDENTIFIER=Intel64 Family 6 Model 126 Stepping 5, GenuineIntel



---------------  S Y S T E M  ---------------

OS:
 Windows 10 , 64 bit Build 19041 (10.0.19041.1741)
OS uptime: 0 days 0:42 hours

CPU: total 8 (initial active 8) (4 cores per cpu, 2 threads per core) family 6 model 126 stepping 5 microcode 0xa8, cx8, cmov, fxsr, ht, mmx, 3dnowpref, sse, sse2, sse3, ssse3, sse4.1, sse4.2, popcnt, lzcnt, tsc, tscinvbit, avx, avx2, aes, erms, clmul, bmi1, bmi2, adx, avx512f, avx512dq, avx512cd, avx512bw, avx512vl, sha, fma, vzeroupper, avx512_vpopcntdq, avx512_vpclmulqdq, avx512_vaes, avx512_vnni, clflush, clflushopt, avx512_vbmi2, avx512_vbmi

Memory: 4k page, system-wide physical 7959M (858M free)
TotalPageFile size 9959M (AvailPageFile size 4M)
current process WorkingSet (physical memory assigned to process): 192M, peak: 283M
current process commit charge ("private bytes"): 286M, peak: 313M

vm_info: OpenJDK 64-Bit Server VM (18.0.1+10) for windows-amd64 JRE (18.0.1+10), built on Apr 20 2022 05:04:48 by "" with MS VC++ 16.7 (VS2019)

END.
