#
# There is insufficient memory for the Java Runtime Environment to continue.
# Native memory allocation (malloc) failed to allocate 883216 bytes for Chunk::new
# Possible reasons:
#   The system is out of physical RAM or swap space
#   The process is running with CompressedOops enabled, and the Java Heap may be blocking the growth of the native heap
# Possible solutions:
#   Reduce memory load on the system
#   Increase physical memory or swap space
#   Check if swap backing store is full
#   Decrease Java heap size (-Xmx/-Xms)
#   Decrease number of Java threads
#   Decrease Java thread stack sizes (-Xss)
#   Set larger code cache with -XX:ReservedCodeCacheSize=
#   JVM is running with Unscaled Compressed Oops mode in which the Java heap is
#     placed in the first 4GB address space. The Java Heap base address is the
#     maximum limit for the native heap growth. Please use -XX:HeapBaseMinAddress
#     to set the Java Heap base and to place the Java Heap above 4GB virtual address.
# This output file may be truncated or incomplete.
#
#  Out of Memory Error (arena.cpp:184), pid=1132, tid=13376
#
# JRE version: OpenJDK Runtime Environment Temurin-18.0.1+10 (18.0.1+10) (build 18.0.1+10)
# Java VM: OpenJDK 64-Bit Server VM Temurin-18.0.1+10 (18.0.1+10, mixed mode, tiered, compressed oops, compressed class ptrs, g1 gc, windows-amd64)
# No core dump will be written. Minidumps are not enabled by default on client versions of Windows
#

---------------  S U M M A R Y ------------

Command Line: -Dfile.encoding=UTF-8 -XX:+ShowCodeDetailsInExceptionMessages com.doctorservice.DoctorServiceApplication

Host: Intel(R) Core(TM) i5-1035G1 CPU @ 1.00GHz, 8 cores, 7G,  Windows 10 , 64 bit Build 19041 (10.0.19041.1741)
Time: Wed Jun 22 23:26:29 2022 India Standard Time elapsed time: 3.847157 seconds (0d 0h 0m 3s)

---------------  T H R E A D  ---------------

Current thread (0x00000219a60c9ed0):  JavaThread "C2 CompilerThread1" daemon [_thread_in_native, id=13376, stack(0x000000872f600000,0x000000872f700000)]


Current CompileTask:
C2:   3847 1777       4       org.springframework.boot.context.config.ConfigDataEnvironmentContributor$ContributorIterator::fetchIfNecessary (153 bytes)

Stack: [0x000000872f600000,0x000000872f700000]
Native frames: (J=compiled Java code, j=interpreted, Vv=VM code, C=native code)
V  [jvm.dll+0x69cd4a]
V  [jvm.dll+0x84b63d]
V  [jvm.dll+0x84cf4e]
V  [jvm.dll+0x84d603]
V  [jvm.dll+0x25f19f]
V  [jvm.dll+0xba54f]
V  [jvm.dll+0xba8c5]
V  [jvm.dll+0x388841]
V  [jvm.dll+0x3528e1]
V  [jvm.dll+0x351d8a]
V  [jvm.dll+0x232141]
V  [jvm.dll+0x231511]
V  [jvm.dll+0x1bbd3c]
V  [jvm.dll+0x240faa]
V  [jvm.dll+0x23f275]
V  [jvm.dll+0x7fdcfb]
V  [jvm.dll+0x7f814a]
V  [jvm.dll+0x69bba5]
C  [ucrtbase.dll+0x21bb2]
C  [KERNEL32.DLL+0x17034]
C  [ntdll.dll+0x52651]


---------------  P R O C E S S  ---------------

Threads class SMR info:
_java_thread_list=0x00000219a6065540, length=14, elements={
0x0000021987090dd0, 0x00000219a0ee32a0, 0x00000219a0ee47f0, 0x00000219a0f19c30,
0x00000219a0f1a4e0, 0x00000219a0f1d680, 0x00000219a0f1e810, 0x00000219a5104440,
0x00000219a5121050, 0x00000219a5176450, 0x00000219a5294010, 0x00000219a52a29b0,
0x00000219a60c9ed0, 0x00000219a612d390
}

Java Threads: ( => current thread )
  0x0000021987090dd0 JavaThread "main" [_thread_in_Java, id=4844, stack(0x000000872e300000,0x000000872e400000)]
  0x00000219a0ee32a0 JavaThread "Reference Handler" daemon [_thread_blocked, id=13260, stack(0x000000872ea00000,0x000000872eb00000)]
  0x00000219a0ee47f0 JavaThread "Finalizer" daemon [_thread_blocked, id=15920, stack(0x000000872eb00000,0x000000872ec00000)]
  0x00000219a0f19c30 JavaThread "Signal Dispatcher" daemon [_thread_blocked, id=15152, stack(0x000000872ec00000,0x000000872ed00000)]
  0x00000219a0f1a4e0 JavaThread "Attach Listener" daemon [_thread_blocked, id=4780, stack(0x000000872ed00000,0x000000872ee00000)]
  0x00000219a0f1d680 JavaThread "Service Thread" daemon [_thread_blocked, id=8936, stack(0x000000872ee00000,0x000000872ef00000)]
  0x00000219a0f1e810 JavaThread "Monitor Deflation Thread" daemon [_thread_blocked, id=8020, stack(0x000000872ef00000,0x000000872f000000)]
  0x00000219a5104440 JavaThread "C2 CompilerThread0" daemon [_thread_in_native, id=1536, stack(0x000000872f000000,0x000000872f100000)]
  0x00000219a5121050 JavaThread "C1 CompilerThread0" daemon [_thread_blocked, id=7756, stack(0x000000872f100000,0x000000872f200000)]
  0x00000219a5176450 JavaThread "Sweeper thread" daemon [_thread_blocked, id=15648, stack(0x000000872f200000,0x000000872f300000)]
  0x00000219a5294010 JavaThread "Notification Thread" daemon [_thread_blocked, id=10904, stack(0x000000872f300000,0x000000872f400000)]
  0x00000219a52a29b0 JavaThread "Common-Cleaner" daemon [_thread_blocked, id=14804, stack(0x000000872f500000,0x000000872f600000)]
=>0x00000219a60c9ed0 JavaThread "C2 CompilerThread1" daemon [_thread_in_native, id=13376, stack(0x000000872f600000,0x000000872f700000)]
  0x00000219a612d390 JavaThread "background-preinit" [_thread_in_Java, id=1712, stack(0x000000872fd00000,0x000000872fe00000)]

Other Threads:
  0x00000219a0ecbfd0 VMThread "VM Thread" [stack: 0x000000872e900000,0x000000872ea00000] [id=1728]
  0x00000219a529c4f0 WatcherThread "VM Periodic Task Thread" [stack: 0x000000872f400000,0x000000872f500000] [id=15020]
  0x00000219870f06f0 WorkerThread "GC Thread#0" [stack: 0x000000872e400000,0x000000872e500000] [id=16104]
  0x00000219a5c0eab0 WorkerThread "GC Thread#1" [stack: 0x000000872f700000,0x000000872f800000] [id=7140]
  0x00000219a5a18030 WorkerThread "GC Thread#2" [stack: 0x000000872f800000,0x000000872f900000] [id=5324]
  0x00000219a61848f0 WorkerThread "GC Thread#3" [stack: 0x000000872f900000,0x000000872fa00000] [id=10924]
  0x00000219a6184b90 WorkerThread "GC Thread#4" [stack: 0x000000872fa00000,0x000000872fb00000] [id=12104]
  0x00000219a6184e30 WorkerThread "GC Thread#5" [stack: 0x000000872fb00000,0x000000872fc00000] [id=8404]
  0x00000219a61850d0 WorkerThread "GC Thread#6" [stack: 0x000000872fc00000,0x000000872fd00000] [id=6380]
  0x00000219a6215eb0 WorkerThread "GC Thread#7" [stack: 0x000000872fe00000,0x000000872ff00000] [id=11912]
  0x0000021987100df0 ConcurrentGCThread "G1 Main Marker" [stack: 0x000000872e500000,0x000000872e600000] [id=9388]
  0x0000021987102630 WorkerThread "G1 Conc#0" [stack: 0x000000872e600000,0x000000872e700000] [id=15912]
  0x00000219a682d690 WorkerThread "G1 Conc#1" [stack: 0x000000872ff00000,0x0000008730000000] [id=10456]
  0x000002198714ec40 ConcurrentGCThread "G1 Refine#0" [stack: 0x000000872e700000,0x000000872e800000] [id=5028]
  0x00000219a0d25540 ConcurrentGCThread "G1 Service" [stack: 0x000000872e800000,0x000000872e900000] [id=15860]

Threads with active compile tasks:
C2 CompilerThread0     3871 1823       4       jdk.internal.org.objectweb.asm.Frame::execute (2305 bytes)
C2 CompilerThread1     3871 1777       4       org.springframework.boot.context.config.ConfigDataEnvironmentContributor$ContributorIterator::fetchIfNecessary (153 bytes)

VM state: not at safepoint (normal execution)

VM Mutex/Monitor currently owned by a thread: None

Heap address: 0x0000000083a00000, size: 1990 MB, Compressed Oops mode: 32-bit

CDS archive(s) not mapped
Compressed class space mapped at: 0x0000000100000000-0x0000000140000000, reserved size: 1073741824
Narrow klass base: 0x0000000000000000, Narrow klass shift: 3, Narrow klass range: 0x140000000

GC Precious Log:
 CardTable entry size: 512
 Card Set container configuration: InlinePtr #cards 5 size 8 Array Of Cards #cards 12 size 40 Howl #buckets 4 coarsen threshold 1843 Howl Bitmap #cards 512 size 80 coarsen threshold 460 Card regions per heap region 1 cards per card region 2048
 CPUs: 8 total, 8 available
 Memory: 7959M
 Large Page Support: Disabled
 NUMA Support: Disabled
 Compressed Oops: Enabled (32-bit)
 Heap Region Size: 1M
 Heap Min Capacity: 8M
 Heap Initial Capacity: 126M
 Heap Max Capacity: 1990M
 Pre-touch: Disabled
 Parallel Workers: 8
 Concurrent Workers: 2
 Concurrent Refinement Workers: 8
 Periodic GC: Disabled

Heap:
 garbage-first heap   total 40960K, used 10515K [0x0000000083a00000, 0x0000000100000000)
  region size 1024K, 3 young (3072K), 2 survivors (2048K)
 Metaspace       used 21424K, committed 21696K, reserved 1114112K
  class space    used 2254K, committed 2368K, reserved 1048576K

Heap Regions: E=young(eden), S=young(survivor), O=old, HS=humongous(starts), HC=humongous(continues), CS=collection set, F=free, OA=open archive, CA=closed archive, TAMS=top-at-mark-start (previous, next)
|   0|0x0000000083a00000, 0x0000000083b00000, 0x0000000083b00000|100%|HS|  |TAMS 0x0000000083b00000, 0x0000000083a00000| Complete 
|   1|0x0000000083b00000, 0x0000000083c00000, 0x0000000083c00000|100%| O|  |TAMS 0x0000000083c00000, 0x0000000083b00000| Untracked 
|   2|0x0000000083c00000, 0x0000000083d00000, 0x0000000083d00000|100%| O|  |TAMS 0x0000000083d00000, 0x0000000083c00000| Untracked 
|   3|0x0000000083d00000, 0x0000000083e00000, 0x0000000083e00000|100%| O|  |TAMS 0x0000000083e00000, 0x0000000083d00000| Untracked 
|   4|0x0000000083e00000, 0x0000000083f00000, 0x0000000083f00000|100%| O|  |TAMS 0x0000000083f00000, 0x0000000083e00000| Untracked 
|   5|0x0000000083f00000, 0x0000000084000000, 0x0000000084000000|100%| O|  |TAMS 0x0000000084000000, 0x0000000083f00000| Untracked 
|   6|0x0000000084000000, 0x0000000084100000, 0x0000000084100000|100%| O|  |TAMS 0x0000000084100000, 0x0000000084000000| Untracked 
|   7|0x0000000084100000, 0x0000000084200000, 0x0000000084200000|100%| O|  |TAMS 0x0000000084200000, 0x0000000084100000| Untracked 
|   8|0x0000000084200000, 0x000000008428c000, 0x0000000084300000| 54%| O|  |TAMS 0x000000008428c000, 0x0000000084200000| Untracked 
|   9|0x0000000084300000, 0x0000000084300000, 0x0000000084400000|  0%| F|  |TAMS 0x0000000084300000, 0x0000000084300000| Untracked 
|  10|0x0000000084400000, 0x0000000084400000, 0x0000000084500000|  0%| F|  |TAMS 0x0000000084400000, 0x0000000084400000| Untracked 
|  11|0x0000000084500000, 0x0000000084500000, 0x0000000084600000|  0%| F|  |TAMS 0x0000000084500000, 0x0000000084500000| Untracked 
|  12|0x0000000084600000, 0x0000000084600000, 0x0000000084700000|  0%| F|  |TAMS 0x0000000084600000, 0x0000000084600000| Untracked 
|  13|0x0000000084700000, 0x0000000084700000, 0x0000000084800000|  0%| F|  |TAMS 0x0000000084700000, 0x0000000084700000| Untracked 
|  14|0x0000000084800000, 0x0000000084800000, 0x0000000084900000|  0%| F|  |TAMS 0x0000000084800000, 0x0000000084800000| Untracked 
|  15|0x0000000084900000, 0x0000000084900000, 0x0000000084a00000|  0%| F|  |TAMS 0x0000000084900000, 0x0000000084900000| Untracked 
|  16|0x0000000084a00000, 0x0000000084a00000, 0x0000000084b00000|  0%| F|  |TAMS 0x0000000084a00000, 0x0000000084a00000| Untracked 
|  17|0x0000000084b00000, 0x0000000084b00000, 0x0000000084c00000|  0%| F|  |TAMS 0x0000000084b00000, 0x0000000084b00000| Untracked 
|  18|0x0000000084c00000, 0x0000000084c00000, 0x0000000084d00000|  0%| F|  |TAMS 0x0000000084c00000, 0x0000000084c00000| Untracked 
|  19|0x0000000084d00000, 0x0000000084d00000, 0x0000000084e00000|  0%| F|  |TAMS 0x0000000084d00000, 0x0000000084d00000| Untracked 
|  20|0x0000000084e00000, 0x0000000084e00000, 0x0000000084f00000|  0%| F|  |TAMS 0x0000000084e00000, 0x0000000084e00000| Untracked 
|  21|0x0000000084f00000, 0x0000000084f00000, 0x0000000085000000|  0%| F|  |TAMS 0x0000000084f00000, 0x0000000084f00000| Untracked 
|  22|0x0000000085000000, 0x0000000085000000, 0x0000000085100000|  0%| F|  |TAMS 0x0000000085000000, 0x0000000085000000| Untracked 
|  23|0x0000000085100000, 0x0000000085100000, 0x0000000085200000|  0%| F|  |TAMS 0x0000000085100000, 0x0000000085100000| Untracked 
|  24|0x0000000085200000, 0x0000000085200000, 0x0000000085300000|  0%| F|  |TAMS 0x0000000085200000, 0x0000000085200000| Untracked 
|  25|0x0000000085300000, 0x0000000085300000, 0x0000000085400000|  0%| F|  |TAMS 0x0000000085300000, 0x0000000085300000| Untracked 
|  26|0x0000000085400000, 0x0000000085400000, 0x0000000085500000|  0%| F|  |TAMS 0x0000000085400000, 0x0000000085400000| Untracked 
|  27|0x0000000085500000, 0x0000000085500000, 0x0000000085600000|  0%| F|  |TAMS 0x0000000085500000, 0x0000000085500000| Untracked 
|  28|0x0000000085600000, 0x0000000085600000, 0x0000000085700000|  0%| F|  |TAMS 0x0000000085600000, 0x0000000085600000| Untracked 
|  29|0x0000000085700000, 0x0000000085700000, 0x0000000085800000|  0%| F|  |TAMS 0x0000000085700000, 0x0000000085700000| Untracked 
|  30|0x0000000085800000, 0x0000000085800000, 0x0000000085900000|  0%| F|  |TAMS 0x0000000085800000, 0x0000000085800000| Untracked 
|  31|0x0000000085900000, 0x0000000085900000, 0x0000000085a00000|  0%| F|  |TAMS 0x0000000085900000, 0x0000000085900000| Untracked 
|  32|0x0000000085a00000, 0x0000000085a00000, 0x0000000085b00000|  0%| F|  |TAMS 0x0000000085a00000, 0x0000000085a00000| Untracked 
|  33|0x0000000085b00000, 0x0000000085b00000, 0x0000000085c00000|  0%| F|  |TAMS 0x0000000085b00000, 0x0000000085b00000| Untracked 
|  34|0x0000000085c00000, 0x0000000085c00000, 0x0000000085d00000|  0%| F|  |TAMS 0x0000000085c00000, 0x0000000085c00000| Untracked 
|  35|0x0000000085d00000, 0x0000000085d00000, 0x0000000085e00000|  0%| F|  |TAMS 0x0000000085d00000, 0x0000000085d00000| Untracked 
|  36|0x0000000085e00000, 0x0000000085e6da08, 0x0000000085f00000| 42%| E|  |TAMS 0x0000000085e00000, 0x0000000085e00000| Complete 
| 119|0x000000008b100000, 0x000000008b1b8ce0, 0x000000008b200000| 72%| S|CS|TAMS 0x000000008b100000, 0x000000008b100000| Complete 
| 120|0x000000008b200000, 0x000000008b300000, 0x000000008b300000|100%| S|CS|TAMS 0x000000008b200000, 0x000000008b200000| Complete 
| 125|0x000000008b700000, 0x000000008b800000, 0x000000008b800000|100%| E|CS|TAMS 0x000000008b700000, 0x000000008b700000| Complete 

Card table byte_map: [0x0000021999e80000,0x000002199a270000] _byte_map_base: 0x0000021999a63000

Marking Bits (Prev, Next): (CMBitMap*) 0x00000219870f0c40, (CMBitMap*) 0x00000219870f0c00
 Prev Bits: [0x000002199c580000, 0x000002199e498000)
 Next Bits: [0x000002199a660000, 0x000002199c578000)

Polling page: 0x0000021984e90000

Metaspace:

Usage:
  Non-class:     18.73 MB used.
      Class:      2.20 MB used.
       Both:     20.93 MB used.

Virtual space:
  Non-class space:       64.00 MB reserved,      18.88 MB ( 29%) committed,  1 nodes.
      Class space:        1.00 GB reserved,       2.31 MB ( <1%) committed,  1 nodes.
             Both:        1.06 GB reserved,      21.19 MB (  2%) committed. 

Chunk freelists:
   Non-Class:  976.00 KB
       Class:  1.64 MB
        Both:  2.59 MB

MaxMetaspaceSize: unlimited
CompressedClassSpaceSize: 1.00 GB
Initial GC threshold: 21.00 MB
Current GC threshold: 35.25 MB
CDS: off
MetaspaceReclaimPolicy: balanced
 - commit_granule_bytes: 65536.
 - commit_granule_words: 8192.
 - virtual_space_node_default_size: 8388608.
 - enlarge_chunks_in_place: 1.
 - new_chunks_are_fully_committed: 0.
 - uncommit_free_chunks: 1.
 - use_allocation_guard: 0.


Internal statistics:

num_allocs_failed_limit: 3.
num_arena_births: 212.
num_arena_deaths: 0.
num_vsnodes_births: 2.
num_vsnodes_deaths: 0.
num_space_committed: 340.
num_space_uncommitted: 0.
num_chunks_returned_to_freelist: 3.
num_chunks_taken_from_freelist: 627.
num_chunk_merges: 3.
num_chunk_splits: 406.
num_chunks_enlarged: 315.
num_inconsistent_stats: 0.

CodeHeap 'non-profiled nmethods': size=120000Kb used=666Kb max_used=666Kb free=119334Kb
 bounds [0x0000021992230000, 0x00000219924a0000, 0x0000021999760000]
CodeHeap 'profiled nmethods': size=120000Kb used=3481Kb max_used=3481Kb free=116518Kb
 bounds [0x000002198ad00000, 0x000002198b070000, 0x0000021992230000]
CodeHeap 'non-nmethods': size=5760Kb used=1188Kb max_used=1213Kb free=4571Kb
 bounds [0x000002198a760000, 0x000002198a9d0000, 0x000002198ad00000]
 total_blobs=2323 nmethods=1861 adapters=374
 compilation: enabled
              stopped_count=0, restarted_count=0
 full_count=0

Compilation events (20 events):
Event: 3.773 Thread 0x00000219a5121050 nmethod 1806 0x000002198b046510 code [0x000002198b0466a0, 0x000002198b0467b8]
Event: 3.774 Thread 0x00000219a5121050 1807       3       sun.reflect.generics.factory.CoreReflectionFactory::getDeclsLoader (85 bytes)
Event: 3.775 Thread 0x00000219a5121050 nmethod 1807 0x000002198b046890 code [0x000002198b046ae0, 0x000002198b047678]
Event: 3.775 Thread 0x00000219a5121050 1809       3       java.lang.AbstractStringBuilder::<init> (63 bytes)
Event: 3.775 Thread 0x00000219a5121050 nmethod 1809 0x000002198b047910 code [0x000002198b047b00, 0x000002198b048098]
Event: 3.775 Thread 0x00000219a5121050 1808       3       jdk.internal.misc.Unsafe::pickPos (14 bytes)
Event: 3.776 Thread 0x00000219a5121050 nmethod 1808 0x000002198b048290 code [0x000002198b048420, 0x000002198b048518]
Event: 3.776 Thread 0x00000219a5121050 1810   !   3       sun.reflect.generics.factory.CoreReflectionFactory::makeNamedType (21 bytes)
Event: 3.776 Thread 0x00000219a5121050 nmethod 1810 0x000002198b048590 code [0x000002198b048760, 0x000002198b0489c8]
Event: 3.778 Thread 0x00000219a5121050 1811       3       jdk.internal.org.objectweb.asm.MethodWriter::computeAllFrames (510 bytes)
Event: 3.780 Thread 0x00000219a5121050 nmethod 1811 0x000002198b048b10 code [0x000002198b048e60, 0x000002198b04a2c8]
Event: 3.780 Thread 0x00000219a5121050 1812       3       jdk.internal.org.objectweb.asm.MethodWriter::visitLdcInsn (215 bytes)
Event: 3.781 Thread 0x00000219a5121050 nmethod 1812 0x000002198b04ad90 code [0x000002198b04b000, 0x000002198b04bb08]
Event: 3.784 Thread 0x00000219a5104440 1813       4       jdk.internal.org.objectweb.asm.ByteVector::put12 (64 bytes)
Event: 3.785 Thread 0x00000219a5121050 1814       3       java.lang.invoke.LambdaFormEditor$TransformKey::bval (26 bytes)
Event: 3.785 Thread 0x00000219a5121050 nmethod 1814 0x000002198b04bf90 code [0x000002198b04c120, 0x000002198b04c218]
Event: 3.786 Thread 0x00000219a5121050 1815       1       java.lang.invoke.MethodHandle::internalForm (5 bytes)
Event: 3.786 Thread 0x00000219a5104440 nmethod 1813 0x00000219922d5090 code [0x00000219922d5220, 0x00000219922d53c8]
Event: 3.786 Thread 0x00000219a5121050 nmethod 1815 0x00000219922d5510 code [0x00000219922d56a0, 0x00000219922d5778]
Event: 3.788 Thread 0x00000219a5121050 1816       3       org.springframework.util.ConcurrentReferenceHashMap$1::<init> (23 bytes)

GC Heap History (4 events):
Event: 2.305 GC heap before
{Heap before GC invocations=0 (full 0):
 garbage-first heap   total 129024K, used 24576K [0x0000000083a00000, 0x0000000100000000)
  region size 1024K, 23 young (23552K), 0 survivors (0K)
 Metaspace       used 13724K, committed 13888K, reserved 1114112K
  class space    used 1298K, committed 1408K, reserved 1048576K
}
Event: 2.314 GC heap after
{Heap after GC invocations=1 (full 0):
 garbage-first heap   total 129024K, used 8868K [0x0000000083a00000, 0x0000000100000000)
  region size 1024K, 3 young (3072K), 3 survivors (3072K)
 Metaspace       used 13724K, committed 13888K, reserved 1114112K
  class space    used 1298K, committed 1408K, reserved 1048576K
}
Event: 3.703 GC heap before
{Heap before GC invocations=1 (full 0):
 garbage-first heap   total 129024K, used 30372K [0x0000000083a00000, 0x0000000100000000)
  region size 1024K, 25 young (25600K), 3 survivors (3072K)
 Metaspace       used 20216K, committed 20480K, reserved 1114112K
  class space    used 2104K, committed 2240K, reserved 1048576K
}
Event: 3.710 GC heap after
{Heap after GC invocations=2 (full 0):
 garbage-first heap   total 129024K, used 10388K [0x0000000083a00000, 0x0000000100000000)
  region size 1024K, 2 young (2048K), 2 survivors (2048K)
 Metaspace       used 20216K, committed 20480K, reserved 1114112K
  class space    used 2104K, committed 2240K, reserved 1048576K
}

Deoptimization events (20 events):
Event: 3.458 Thread 0x0000021987090dd0 Uncommon trap: trap_request=0xffffffc6 fr.pc=0x0000021992292b60 relative=0x0000000000000300
Event: 3.458 Thread 0x0000021987090dd0 Uncommon trap: reason=bimorphic_or_optimized_type_check action=maybe_recompile pc=0x0000021992292b60 method=java.util.HashMap.getNode(Ljava/lang/Object;)Ljava/util/HashMap$Node; @ 63 c2
Event: 3.458 Thread 0x0000021987090dd0 DEOPT PACKING pc=0x0000021992292b60 sp=0x000000872e3fe860
Event: 3.458 Thread 0x0000021987090dd0 DEOPT UNPACKING pc=0x000002198a7b5c23 sp=0x000000872e3fe7c8 mode 2
Event: 3.469 Thread 0x00000219a612d390 DEOPT PACKING pc=0x000002198af6ff4e sp=0x000000872fdf9750
Event: 3.469 Thread 0x00000219a612d390 DEOPT UNPACKING pc=0x000002198a7b6763 sp=0x000000872fdf8b98 mode 0
Event: 3.518 Thread 0x0000021987090dd0 DEOPT PACKING pc=0x000002198af6ff4e sp=0x000000872e3fdfe0
Event: 3.518 Thread 0x0000021987090dd0 DEOPT UNPACKING pc=0x000002198a7b6763 sp=0x000000872e3fd428 mode 0
Event: 3.560 Thread 0x0000021987090dd0 DEOPT PACKING pc=0x000002198ae0e4f5 sp=0x000000872e3fa630
Event: 3.560 Thread 0x0000021987090dd0 DEOPT UNPACKING pc=0x000002198a7b6763 sp=0x000000872e3f9ab8 mode 0
Event: 3.570 Thread 0x00000219a612d390 DEOPT PACKING pc=0x000002198af6ff4e sp=0x000000872fdf4a10
Event: 3.570 Thread 0x00000219a612d390 DEOPT UNPACKING pc=0x000002198a7b6763 sp=0x000000872fdf3e58 mode 0
Event: 3.663 Thread 0x0000021987090dd0 Uncommon trap: trap_request=0xffffff45 fr.pc=0x0000021992293b70 relative=0x00000000000001b0
Event: 3.663 Thread 0x0000021987090dd0 Uncommon trap: reason=unstable_if action=reinterpret pc=0x0000021992293b70 method=java.util.concurrent.ConcurrentHashMap.addCount(JI)V @ 171 c2
Event: 3.663 Thread 0x0000021987090dd0 DEOPT PACKING pc=0x0000021992293b70 sp=0x000000872e3fdac0
Event: 3.663 Thread 0x0000021987090dd0 DEOPT UNPACKING pc=0x000002198a7b5c23 sp=0x000000872e3fda00 mode 2
Event: 3.735 Thread 0x0000021987090dd0 Uncommon trap: trap_request=0xffffff45 fr.pc=0x0000021992279970 relative=0x00000000000013d0
Event: 3.735 Thread 0x0000021987090dd0 Uncommon trap: reason=unstable_if action=reinterpret pc=0x0000021992279970 method=java.io.WinNTFileSystem.normalize(Ljava/lang/String;II)Ljava/lang/String; @ 87 c2
Event: 3.735 Thread 0x0000021987090dd0 DEOPT PACKING pc=0x0000021992279970 sp=0x000000872e3fe660
Event: 3.735 Thread 0x0000021987090dd0 DEOPT UNPACKING pc=0x000002198a7b5c23 sp=0x000000872e3fe598 mode 2

Classes loaded (20 events):
Event: 3.744 Loading class java/text/DontCareFieldPosition
Event: 3.744 Loading class java/text/DontCareFieldPosition done
Event: 3.744 Loading class java/text/DontCareFieldPosition$1
Event: 3.744 Loading class java/text/Format$FieldDelegate
Event: 3.744 Loading class java/text/Format$FieldDelegate done
Event: 3.744 Loading class java/text/DontCareFieldPosition$1 done
Event: 3.745 Loading class java/text/NumberFormat$Field
Event: 3.745 Loading class java/text/NumberFormat$Field done
Event: 3.752 Loading class org/xml/sax/ErrorHandler
Event: 3.752 Loading class org/xml/sax/ErrorHandler done
Event: 3.753 Loading class org/xml/sax/SAXParseException
Event: 3.753 Loading class org/xml/sax/SAXParseException done
Event: 3.756 Loading class java/lang/invoke/DirectMethodHandle$StaticAccessor
Event: 3.756 Loading class java/lang/invoke/DirectMethodHandle$StaticAccessor done
Event: 3.757 Loading class jdk/internal/reflect/MethodHandleIntegerFieldAccessorImpl
Event: 3.758 Loading class jdk/internal/reflect/MethodHandleFieldAccessorImpl
Event: 3.758 Loading class jdk/internal/reflect/MethodHandleFieldAccessorImpl done
Event: 3.758 Loading class jdk/internal/reflect/MethodHandleIntegerFieldAccessorImpl done
Event: 3.765 Loading class java/io/CharConversionException
Event: 3.765 Loading class java/io/CharConversionException done

Classes unloaded (0 events):
No events

Classes redefined (0 events):
No events

Internal exceptions (20 events):
Event: 3.250 Thread 0x0000021987090dd0 Exception <a 'java/lang/NoSuchMethodError'{0x000000008b1ea348}: 'java.lang.Object java.lang.invoke.DirectMethodHandle$Holder.invokeSpecial(java.lang.Object, java.lang.Object, java.lang.Object, int, java.lang.Object)'> (0x000000008b1ea348) 
thrown [s\src\hotspot\share\interpreter\linkResolver.cpp, line 766]
Event: 3.252 Thread 0x0000021987090dd0 Exception <a 'java/lang/NoSuchMethodError'{0x000000008b1f28b0}: 'java.lang.Object java.lang.invoke.DirectMethodHandle$Holder.newInvokeSpecial(java.lang.Object, java.lang.Object, java.lang.Object, int, java.lang.Object)'> (0x000000008b1f28b0) 
thrown [s\src\hotspot\share\interpreter\linkResolver.cpp, line 766]
Event: 3.255 Thread 0x0000021987090dd0 Exception <a 'java/lang/NoSuchMethodError'{0x000000008b0096c8}: 'java.lang.Object java.lang.invoke.DirectMethodHandle$Holder.newInvokeSpecial(java.lang.Object, int, java.lang.Object)'> (0x000000008b0096c8) 
thrown [s\src\hotspot\share\interpreter\linkResolver.cpp, line 766]
Event: 3.256 Thread 0x0000021987090dd0 Exception <a 'java/lang/NoSuchMethodError'{0x000000008b00e1a8}: 'int java.lang.invoke.DirectMethodHandle$Holder.invokeSpecialIFC(java.lang.Object, java.lang.Object, java.lang.Object, java.lang.Object)'> (0x000000008b00e1a8) 
thrown [s\src\hotspot\share\interpreter\linkResolver.cpp, line 766]
Event: 3.303 Thread 0x0000021987090dd0 Exception <a 'java/lang/NoSuchMethodError'{0x000000008b0d17e8}: 'void java.lang.invoke.DirectMethodHandle$Holder.invokeInterface(java.lang.Object, java.lang.Object, java.lang.Object)'> (0x000000008b0d17e8) 
thrown [s\src\hotspot\share\interpreter\linkResolver.cpp, line 766]
Event: 3.341 Thread 0x0000021987090dd0 Exception <a 'java/lang/NoSuchMethodError'{0x000000008af5d3f8}: 'void java.lang.invoke.DirectMethodHandle$Holder.invokeStaticInit(java.lang.Object, java.lang.Object)'> (0x000000008af5d3f8) 
thrown [s\src\hotspot\share\interpreter\linkResolver.cpp, line 766]
Event: 3.344 Thread 0x0000021987090dd0 Exception <a 'java/lang/NoSuchMethodError'{0x000000008af694b8}: 'void java.lang.invoke.DirectMethodHandle$Holder.invokeStaticInit(java.lang.Object, java.lang.Object, java.lang.Object)'> (0x000000008af694b8) 
thrown [s\src\hotspot\share\interpreter\linkResolver.cpp, line 766]
Event: 3.397 Thread 0x0000021987090dd0 Exception <a 'java/lang/NoSuchMethodError'{0x000000008afff160}: 'void java.lang.invoke.DirectMethodHandle$Holder.invokeVirtual(java.lang.Object, java.lang.Object, java.lang.Object, java.lang.Object)'> (0x000000008afff160) 
thrown [s\src\hotspot\share\interpreter\linkResolver.cpp, line 766]
Event: 3.451 Thread 0x0000021987090dd0 Exception <a 'java/lang/NoSuchMethodError'{0x000000008ad1ef48}: 'void java.lang.invoke.DirectMethodHandle$Holder.invokeSpecial(java.lang.Object, java.lang.Object, java.lang.Object)'> (0x000000008ad1ef48) 
thrown [s\src\hotspot\share\interpreter\linkResolver.cpp, line 766]
Event: 3.452 Thread 0x0000021987090dd0 Exception <a 'java/lang/NoSuchMethodError'{0x000000008ad255f8}: 'void java.lang.invoke.DirectMethodHandle$Holder.invokeSpecial(java.lang.Object, java.lang.Object, java.lang.Object, java.lang.Object, java.lang.Object)'> (0x000000008ad255f8) 
thrown [s\src\hotspot\share\interpreter\linkResolver.cpp, line 766]
Event: 3.462 Thread 0x00000219a612d390 Exception <a 'java/lang/NoClassDefFoundError'{0x000000008ad80770}: javax/validation/Validation> (0x000000008ad80770) 
thrown [s\src\hotspot\share\classfile\systemDictionary.cpp, line 244]
Event: 3.477 Thread 0x0000021987090dd0 Exception <a 'java/lang/NoSuchMethodError'{0x000000008ac4ebd0}: 'java.lang.Object java.lang.invoke.DirectMethodHandle$Holder.invokeVirtual(java.lang.Object, java.lang.Object, java.lang.Object)'> (0x000000008ac4ebd0) 
thrown [s\src\hotspot\share\interpreter\linkResolver.cpp, line 766]
Event: 3.503 Thread 0x0000021987090dd0 Exception <a 'java/lang/NoSuchMethodError'{0x000000008ab6b458}: 'void java.lang.invoke.DirectMethodHandle$Holder.invokeVirtual(java.lang.Object, java.lang.Object, int)'> (0x000000008ab6b458) 
thrown [s\src\hotspot\share\interpreter\linkResolver.cpp, line 766]
Event: 3.504 Thread 0x0000021987090dd0 Exception <a 'java/lang/NoSuchMethodError'{0x000000008ab6f540}: 'int java.lang.invoke.DirectMethodHandle$Holder.invokeSpecial(java.lang.Object, java.lang.Object, java.lang.Object, int)'> (0x000000008ab6f540) 
thrown [s\src\hotspot\share\interpreter\linkResolver.cpp, line 766]
Event: 3.507 Thread 0x0000021987090dd0 Exception <a 'java/lang/NoSuchMethodError'{0x000000008ab815f8}: 'java.lang.Object java.lang.invoke.DirectMethodHandle$Holder.invokeStatic(java.lang.Object, java.lang.Object, java.lang.Object, java.lang.Object, int)'> (0x000000008ab815f8) 
thrown [s\src\hotspot\share\interpreter\linkResolver.cpp, line 766]
Event: 3.510 Thread 0x0000021987090dd0 Exception <a 'java/lang/NoSuchMethodError'{0x000000008ab8c980}: 'void java.lang.invoke.DelegatingMethodHandle$Holder.reinvoke_L(java.lang.Object, java.lang.Object, int)'> (0x000000008ab8c980) 
thrown [s\src\hotspot\share\interpreter\linkResolver.cpp, line 766]
Event: 3.511 Thread 0x00000219a612d390 Exception <a 'java/lang/NoSuchMethodError'{0x000000008abd8708}: 'java.lang.Object java.lang.invoke.DirectMethodHandle$Holder.invokeStaticInit(java.lang.Object, java.lang.Object, java.lang.Object)'> (0x000000008abd8708) 
thrown [s\src\hotspot\share\interpreter\linkResolver.cpp, line 766]
Event: 3.512 Thread 0x00000219a612d390 Exception <a 'java/lang/NoSuchMethodError'{0x000000008abde720}: 'java.lang.Object java.lang.invoke.DirectMethodHandle$Holder.invokeStaticInit(java.lang.Object, java.lang.Object, java.lang.Object, java.lang.Object, java.lang.Object)'> (0x000000008abde720) 
thrown [s\src\hotspot\share\interpreter\linkResolver.cpp, line 766]
Event: 3.743 Thread 0x0000021987090dd0 Exception <a 'java/lang/NoSuchMethodError'{0x000000008b6641b0}: 'org.slf4j.impl.StaticMDCBinder org.slf4j.impl.StaticMDCBinder.getSingleton()'> (0x000000008b6641b0) 
thrown [s\src\hotspot\share\interpreter\linkResolver.cpp, line 766]
Event: 3.758 Thread 0x0000021987090dd0 Exception <a 'java/lang/NoSuchMethodError'{0x000000008b6a7528}: 'int java.lang.invoke.Invokers$Holder.invokeExact_MT(java.lang.Object, java.lang.Object)'> (0x000000008b6a7528) 
thrown [s\src\hotspot\share\interpreter\linkResolver.cpp, line 766]

VM Operations (20 events):
Event: 2.052 Executing VM operation: HandshakeAllThreads
Event: 2.052 Executing VM operation: HandshakeAllThreads done
Event: 2.276 Executing VM operation: HandshakeAllThreads
Event: 2.276 Executing VM operation: HandshakeAllThreads done
Event: 2.304 Executing VM operation: G1CollectForAllocation
Event: 2.314 Executing VM operation: G1CollectForAllocation done
Event: 2.513 Executing VM operation: HandshakeAllThreads
Event: 2.513 Executing VM operation: HandshakeAllThreads done
Event: 2.566 Executing VM operation: HandshakeAllThreads
Event: 2.566 Executing VM operation: HandshakeAllThreads done
Event: 2.574 Executing VM operation: HandshakeAllThreads
Event: 2.574 Executing VM operation: HandshakeAllThreads done
Event: 2.982 Executing VM operation: HandshakeAllThreads
Event: 2.982 Executing VM operation: HandshakeAllThreads done
Event: 3.403 Executing VM operation: ICBufferFull
Event: 3.404 Executing VM operation: ICBufferFull done
Event: 3.442 Executing VM operation: HandshakeAllThreads
Event: 3.442 Executing VM operation: HandshakeAllThreads done
Event: 3.703 Executing VM operation: G1CollectForAllocation
Event: 3.710 Executing VM operation: G1CollectForAllocation done

Events (20 events):
Event: 0.478 Thread 0x00000219a0f1d680 Thread added: 0x00000219a0f1d680
Event: 0.509 Thread 0x00000219a0f1e810 Thread added: 0x00000219a0f1e810
Event: 0.532 Thread 0x00000219a5104440 Thread added: 0x00000219a5104440
Event: 0.549 Thread 0x00000219a5121050 Thread added: 0x00000219a5121050
Event: 0.572 Thread 0x00000219a5176450 Thread added: 0x00000219a5176450
Event: 0.775 Thread 0x00000219a5294010 Thread added: 0x00000219a5294010
Event: 0.788 Thread 0x00000219a52a29b0 Thread added: 0x00000219a52a29b0
Event: 0.827 Loaded shared library C:\Users\DELL\.p2\pool\plugins\org.eclipse.justj.openjdk.hotspot.jre.full.win32.x86_64_18.0.1.v20220515-1614\jre\bin\net.dll
Event: 0.831 Loaded shared library C:\Users\DELL\.p2\pool\plugins\org.eclipse.justj.openjdk.hotspot.jre.full.win32.x86_64_18.0.1.v20220515-1614\jre\bin\nio.dll
Event: 0.842 Loaded shared library C:\Users\DELL\.p2\pool\plugins\org.eclipse.justj.openjdk.hotspot.jre.full.win32.x86_64_18.0.1.v20220515-1614\jre\bin\zip.dll
Event: 0.962 Thread 0x00000219a5462f30 Thread added: 0x00000219a5462f30
Event: 1.070 Loaded shared library C:\Users\DELL\.p2\pool\plugins\org.eclipse.justj.openjdk.hotspot.jre.full.win32.x86_64_18.0.1.v20220515-1614\jre\bin\verify.dll
Event: 1.087 Loaded shared library C:\Users\DELL\.p2\pool\plugins\org.eclipse.justj.openjdk.hotspot.jre.full.win32.x86_64_18.0.1.v20220515-1614\jre\bin\jimage.dll
Event: 2.849 Thread 0x00000219a5c6f0c0 Thread added: 0x00000219a5c6f0c0
Event: 2.850 Thread 0x00000219a5462f30 Thread exited: 0x00000219a5462f30
Event: 2.866 Thread 0x00000219a5c6f0c0 Thread exited: 0x00000219a5c6f0c0
Event: 3.262 Thread 0x00000219a60c9ed0 Thread added: 0x00000219a60c9ed0
Event: 3.350 Loaded shared library C:\Users\DELL\.p2\pool\plugins\org.eclipse.justj.openjdk.hotspot.jre.full.win32.x86_64_18.0.1.v20220515-1614\jre\bin\management.dll
Event: 3.354 Loaded shared library C:\Users\DELL\.p2\pool\plugins\org.eclipse.justj.openjdk.hotspot.jre.full.win32.x86_64_18.0.1.v20220515-1614\jre\bin\management_ext.dll
Event: 3.457 Thread 0x00000219a612d390 Thread added: 0x00000219a612d390


Dynamic libraries:
0x00007ff624e20000 - 0x00007ff624e2e000 	C:\Users\DELL\.p2\pool\plugins\org.eclipse.justj.openjdk.hotspot.jre.full.win32.x86_64_18.0.1.v20220515-1614\jre\bin\javaw.exe
0x00007ffcbb310000 - 0x00007ffcbb507000 	C:\Windows\SYSTEM32\ntdll.dll
0x00007ffcba340000 - 0x00007ffcba3fd000 	C:\Windows\System32\KERNEL32.DLL
0x00007ffcb8de0000 - 0x00007ffcb90ad000 	C:\Windows\System32\KERNELBASE.dll
0x00007ffcb8b80000 - 0x00007ffcb8c80000 	C:\Windows\System32\ucrtbase.dll
0x00007ffcb3ed0000 - 0x00007ffcb3ee9000 	C:\Users\DELL\.p2\pool\plugins\org.eclipse.justj.openjdk.hotspot.jre.full.win32.x86_64_18.0.1.v20220515-1614\jre\bin\VCRUNTIME140.dll
0x00007ffcb3ef0000 - 0x00007ffcb3f07000 	C:\Users\DELL\.p2\pool\plugins\org.eclipse.justj.openjdk.hotspot.jre.full.win32.x86_64_18.0.1.v20220515-1614\jre\bin\jli.dll
0x00007ffcb9c80000 - 0x00007ffcb9e20000 	C:\Windows\System32\USER32.dll
0x00007ffcb8aa0000 - 0x00007ffcb8ac2000 	C:\Windows\System32\win32u.dll
0x00007ffc9e8a0000 - 0x00007ffc9eb3a000 	C:\Windows\WinSxS\amd64_microsoft.windows.common-controls_6595b64144ccf1df_6.0.19041.1110_none_60b5254171f9507e\COMCTL32.dll
0x00007ffcb9fb0000 - 0x00007ffcb9fda000 	C:\Windows\System32\GDI32.dll
0x00007ffcbb190000 - 0x00007ffcbb22e000 	C:\Windows\System32\msvcrt.dll
0x00007ffcb9230000 - 0x00007ffcb933b000 	C:\Windows\System32\gdi32full.dll
0x00007ffcb9100000 - 0x00007ffcb919d000 	C:\Windows\System32\msvcp_win.dll
0x00007ffcba4b0000 - 0x00007ffcba4e0000 	C:\Windows\System32\IMM32.DLL
0x00007ffcb3e50000 - 0x00007ffcb3e5c000 	C:\Users\DELL\.p2\pool\plugins\org.eclipse.justj.openjdk.hotspot.jre.full.win32.x86_64_18.0.1.v20220515-1614\jre\bin\vcruntime140_1.dll
0x00007ffca14a0000 - 0x00007ffca1531000 	C:\Users\DELL\.p2\pool\plugins\org.eclipse.justj.openjdk.hotspot.jre.full.win32.x86_64_18.0.1.v20220515-1614\jre\bin\msvcp140.dll
0x00007ffca0720000 - 0x00007ffca13a9000 	C:\Users\DELL\.p2\pool\plugins\org.eclipse.justj.openjdk.hotspot.jre.full.win32.x86_64_18.0.1.v20220515-1614\jre\bin\server\jvm.dll
0x00007ffcbaf20000 - 0x00007ffcbafce000 	C:\Windows\System32\ADVAPI32.dll
0x00007ffcbb230000 - 0x00007ffcbb2cc000 	C:\Windows\System32\sechost.dll
0x00007ffcbab10000 - 0x00007ffcbac35000 	C:\Windows\System32\RPCRT4.dll
0x00007ffcb9c70000 - 0x00007ffcb9c78000 	C:\Windows\System32\PSAPI.DLL
0x00007ffc96030000 - 0x00007ffc96039000 	C:\Windows\SYSTEM32\WSOCK32.dll
0x00007ffcbadf0000 - 0x00007ffcbae5b000 	C:\Windows\System32\WS2_32.dll
0x00007ffcb6870000 - 0x00007ffcb6897000 	C:\Windows\SYSTEM32\WINMM.dll
0x00007ffcb1270000 - 0x00007ffcb127a000 	C:\Windows\SYSTEM32\VERSION.dll
0x00007ffcb7280000 - 0x00007ffcb7292000 	C:\Windows\SYSTEM32\kernel.appcore.dll
0x00007ffcb2f30000 - 0x00007ffcb2f3a000 	C:\Users\DELL\.p2\pool\plugins\org.eclipse.justj.openjdk.hotspot.jre.full.win32.x86_64_18.0.1.v20220515-1614\jre\bin\jimage.dll
0x00007ffcb6680000 - 0x00007ffcb6864000 	C:\Windows\SYSTEM32\DBGHELP.DLL
0x00007ffcb6650000 - 0x00007ffcb667c000 	C:\Windows\SYSTEM32\dbgcore.DLL
0x00007ffcb91a0000 - 0x00007ffcb9222000 	C:\Windows\System32\bcryptPrimitives.dll
0x00007ffca1dc0000 - 0x00007ffca1de5000 	C:\Users\DELL\.p2\pool\plugins\org.eclipse.justj.openjdk.hotspot.jre.full.win32.x86_64_18.0.1.v20220515-1614\jre\bin\java.dll
0x00007ffca1da0000 - 0x00007ffca1db8000 	C:\Users\DELL\.p2\pool\plugins\org.eclipse.justj.openjdk.hotspot.jre.full.win32.x86_64_18.0.1.v20220515-1614\jre\bin\zip.dll
0x00007ffcb9520000 - 0x00007ffcb9c64000 	C:\Windows\System32\SHELL32.dll
0x00007ffcb6ad0000 - 0x00007ffcb7264000 	C:\Windows\SYSTEM32\windows.storage.dll
0x00007ffcb9fe0000 - 0x00007ffcba334000 	C:\Windows\System32\combase.dll
0x00007ffcb8490000 - 0x00007ffcb84bc000 	C:\Windows\SYSTEM32\Wldp.dll
0x00007ffcba500000 - 0x00007ffcba5ad000 	C:\Windows\System32\SHCORE.dll
0x00007ffcbae60000 - 0x00007ffcbaeb5000 	C:\Windows\System32\shlwapi.dll
0x00007ffcb8970000 - 0x00007ffcb898f000 	C:\Windows\SYSTEM32\profapi.dll
0x00007ffca1c80000 - 0x00007ffca1c93000 	C:\Users\DELL\.p2\pool\plugins\org.eclipse.justj.openjdk.hotspot.jre.full.win32.x86_64_18.0.1.v20220515-1614\jre\bin\net.dll
0x00007ffca3d50000 - 0x00007ffca3e5a000 	C:\Windows\SYSTEM32\WINHTTP.dll
0x00007ffcb81f0000 - 0x00007ffcb825a000 	C:\Windows\system32\mswsock.dll
0x00007ffca1c60000 - 0x00007ffca1c76000 	C:\Users\DELL\.p2\pool\plugins\org.eclipse.justj.openjdk.hotspot.jre.full.win32.x86_64_18.0.1.v20220515-1614\jre\bin\nio.dll
0x00007ffcb2f20000 - 0x00007ffcb2f30000 	C:\Users\DELL\.p2\pool\plugins\org.eclipse.justj.openjdk.hotspot.jre.full.win32.x86_64_18.0.1.v20220515-1614\jre\bin\verify.dll
0x00007ffcb7e90000 - 0x00007ffcb7ecb000 	C:\Windows\SYSTEM32\IPHLPAPI.DLL
0x00007ffcb9e20000 - 0x00007ffcb9e28000 	C:\Windows\System32\NSI.dll
0x00007ffcaece0000 - 0x00007ffcaecf7000 	C:\Windows\SYSTEM32\dhcpcsvc6.DLL
0x00007ffcaf050000 - 0x00007ffcaf06d000 	C:\Windows\SYSTEM32\dhcpcsvc.DLL
0x00007ffcb7ed0000 - 0x00007ffcb7f9b000 	C:\Windows\SYSTEM32\DNSAPI.dll
0x00007ffcb1280000 - 0x00007ffcb128a000 	C:\Windows\System32\rasadhlp.dll
0x00007ffca1ec0000 - 0x00007ffca1f40000 	C:\Windows\System32\fwpuclnt.dll
0x00007ffcb9340000 - 0x00007ffcb9367000 	C:\Windows\System32\bcrypt.dll
0x00007ffca1d90000 - 0x00007ffca1d99000 	C:\Users\DELL\.p2\pool\plugins\org.eclipse.justj.openjdk.hotspot.jre.full.win32.x86_64_18.0.1.v20220515-1614\jre\bin\management.dll
0x00007ffca1c50000 - 0x00007ffca1c5b000 	C:\Users\DELL\.p2\pool\plugins\org.eclipse.justj.openjdk.hotspot.jre.full.win32.x86_64_18.0.1.v20220515-1614\jre\bin\management_ext.dll
0x00007ffc91eb0000 - 0x00007ffc91ec7000 	C:\Windows\system32\napinsp.dll
0x00007ffc91e90000 - 0x00007ffc91eab000 	C:\Windows\system32\pnrpnsp.dll
0x00007ffcb3330000 - 0x00007ffcb3345000 	C:\Windows\system32\wshbth.dll
0x00007ffcb3d20000 - 0x00007ffcb3d3d000 	C:\Windows\system32\NLAapi.dll
0x00007ffc8f1e0000 - 0x00007ffc8f1f2000 	C:\Windows\System32\winrnr.dll

dbghelp: loaded successfully - version: 4.0.5 - missing functions: none
symbol engine: initialized successfully - sym options: 0x614 - pdb path: .;C:\Users\DELL\.p2\pool\plugins\org.eclipse.justj.openjdk.hotspot.jre.full.win32.x86_64_18.0.1.v20220515-1614\jre\bin;C:\Windows\SYSTEM32;C:\Windows\WinSxS\amd64_microsoft.windows.common-controls_6595b64144ccf1df_6.0.19041.1110_none_60b5254171f9507e;C:\Users\DELL\.p2\pool\plugins\org.eclipse.justj.openjdk.hotspot.jre.full.win32.x86_64_18.0.1.v20220515-1614\jre\bin\server

VM Arguments:
jvm_args: -Dfile.encoding=UTF-8 -XX:+ShowCodeDetailsInExceptionMessages 
java_command: com.doctorservice.DoctorServiceApplication
java_class_path (initial): D:\Comprehnesive\Back End\Back End\doctor-service\target\classes;C:\Users\DELL\.m2\repository\org\springframework\boot\spring-boot-starter-data-jpa\2.7.0\spring-boot-starter-data-jpa-2.7.0.jar;C:\Users\DELL\.m2\repository\org\springframework\boot\spring-boot-starter-aop\2.7.0\spring-boot-starter-aop-2.7.0.jar;C:\Users\DELL\.m2\repository\org\springframework\spring-aop\5.3.20\spring-aop-5.3.20.jar;C:\Users\DELL\.m2\repository\org\aspectj\aspectjweaver\1.9.7\aspectjweaver-1.9.7.jar;C:\Users\DELL\.m2\repository\org\springframework\boot\spring-boot-starter-jdbc\2.7.0\spring-boot-starter-jdbc-2.7.0.jar;C:\Users\DELL\.m2\repository\com\zaxxer\HikariCP\4.0.3\HikariCP-4.0.3.jar;C:\Users\DELL\.m2\repository\org\springframework\spring-jdbc\5.3.20\spring-jdbc-5.3.20.jar;C:\Users\DELL\.m2\repository\jakarta\transaction\jakarta.transaction-api\1.3.3\jakarta.transaction-api-1.3.3.jar;C:\Users\DELL\.m2\repository\jakarta\persistence\jakarta.persistence-api\2.2.3\jakarta.persistence-api-2.2.3.jar;C:\Users\DELL\.m2\repository\org\hibernate\hibernate-core\5.6.9.Final\hibernate-core-5.6.9.Final.jar;C:\Users\DELL\.m2\repository\org\jboss\logging\jboss-logging\3.4.3.Final\jboss-logging-3.4.3.Final.jar;C:\Users\DELL\.m2\repository\net\bytebuddy\byte-buddy\1.12.10\byte-buddy-1.12.10.jar;C:\Users\DELL\.m2\repository\antlr\antlr\2.7.7\antlr-2.7.7.jar;C:\Users\DELL\.m2\repository\org\jboss\jandex\2.4.2.Final\jandex-2.4.2.Final.jar;C:\Users\DELL\.m2\repository\com\fasterxml\classmate\1.5.1\classmate-1.5.1.jar;C:\Users\DELL\.m2\repository\org\hibernate\common\hibernate-commons-annotations\5.1.2.Final\hibernate-commons-annotations-5.1.2.Final.jar;C:\Users\DELL\.m2\repository\org\glassfish\jaxb\jaxb-runtime\2.3.6\jaxb-runtime-2.3.6.jar;C:\Users\DELL\.m2\repository\org\glassfish\jaxb\txw2\2.3.6\txw2-2.3.6.jar;C:\Users\DELL\.m2\repository\com\sun\istack\istack-commons-runtime\3.0.12\istack-commons-runtime-3.0.12.jar;C:\Users\DELL\.m2\repository\com\sun\activation\jakarta.activation\1.2.2\jakarta.activation-1.2.2.jar;C:\Users\DELL\.m2\repository\org\springframework\data\spring-data-jpa\2.7.0\spring-data-jpa-2.7.0.jar;C:\Users\DELL\.m2\repository\org\springframework\data\spring-data-commons\2.7.0\spring-data-commons-2.7.0.jar;C:\Users\DELL\.m2\repository\org\springframework\spring-orm\5.3.20\spring-orm-5.3.20.jar;C:\Users\DELL\.m2\repository\org\springframework\spring-context\5.3.20\spring-context-5.3.20.jar;C:\Users\DELL\.m2\repository\org\springframework\spring-tx\5.3.20\spring-tx-5.3.20.jar;C:\Users\DELL\.m2\repository\org\springframework\spring-beans\5.3.20\spring-beans-5.3.20.jar;C:\Users\DELL\.m2\repository\org\slf4j\slf4j-api\1.7.36\slf4j-api-1.7.36.jar;C:\Users\DELL\.m2\repository\org\springframework\spring-aspects\5.3.20\spring-aspects-5.3.20.jar;C:\Users\DELL\.m2\repository\org\springframework\boot\spring-boot-starter-web\2.7.0\spring-boot-starter-web-2.7.0.jar;C:\Users\DELL\.m2\repository\org\springframework\boot\spring-boot-starter\2.7.0\spring-boot-starter-2.7.0.jar;C:\Users\DELL\.m2\repository\org\springframework\boot\spring-boot\2.7.0\spring-boot-2.7.0.jar;C:\Users\DELL\.m2\repository\org\springframework\boot\spring-boot-autoconfigure\2.7.0\spring-boot-autoconfigure-2.7.0.jar;C:\Users\DELL\.m2\repository\org\springframework\boot\spring-boot-starter-logging\2.7.0\spring-boot-starter-logging-2.7.0.jar;C:\Users\DELL\.m2\repository\ch\qos\logback\logback-classic\1.2.11\logback-classic-1.2.11.jar;C:\Users\DELL\.m2\repository\ch\qos\logback\logback-core\1.2.11\logback-core-1.2.11.jar;C:\Users\DELL\.m2\repository\org\apache\logging\log4j\log4j-to-slf4j\2.17.2\log4j-to-slf4j-2.17.2.jar;C:\Users\DELL\.m2\repository\org\apache\logging\log4j\log4j-api\2.17.2\log4j-api-2.17.2.jar;C:\Users\DELL\.m2\repository\org\slf4j\jul-to-slf4j\1.7.36\jul-to-slf4j-1.7.36.jar;C:\Users\DELL\.m2\repository\jakarta\annotation\jakarta.annotation-api\1.3.5\jakarta.annotation-api-1.3.5.jar;C:\Users\DELL\.m2\repository\org\yaml\snakeyaml\1.30\snakeyaml-1.30.jar;C:\Users\DELL\.m2\repository\org\springframework\boot\spring-boot-starter-json\2.7.0\spring-boot-starter-json-2.7.0.jar;C:\Users\DELL\.m2\repository\com\fasterxml\jackson\core\jackson-databind\2.13.3\jackson-databind-2.13.3.jar;C:\Users\DELL\.m2\repository\com\fasterxml\jackson\datatype\jackson-datatype-jdk8\2.13.3\jackson-datatype-jdk8-2.13.3.jar;C:\Users\DELL\.m2\repository\com\fasterxml\jackson\datatype\jackson-datatype-jsr310\2.13.3\jackson-datatype-jsr310-2.13.3.jar;C:\Users\DELL\.m2\repository\com\fasterxml\jackson\module\jackson-module-parameter-names\2.13.3\jackson-module-parameter-names-2.13.3.jar;C:\Users\DELL\.m2\repository\org\springframework\boot\spring-boot-starter-tomcat\2.7.0\spring-boot-starter-tomcat-2.7.0.jar;C:\Users\DELL\.m2\repository\org\apache\tomcat\embed\tomcat-embed-core\9.0.63\tomcat-embed-core-9.0.63.jar;C:\Users\DELL\.m2\repository\org\apache\tomcat\embed\tomcat-embed-el\9.0.63\tomcat-embed-el-9.0.63.jar;C:\Users\DELL\.m2\repository\org\apache\tomcat\embed\tomcat-embed-websocket\9.0.63\tomcat-embed-websocket-9.0.63.jar;C:\Users\DELL\.m2\repository\org\springframework\spring-web\5.3.20\spring-web-5.3.20.jar;C:\Users\DELL\.m2\repository\org\springframework\spring-webmvc\5.3.20\spring-webmvc-5.3.20.jar;C:\Users\DELL\.m2\repository\org\springframework\spring-expression\5.3.20\spring-expression-5.3.20.jar;C:\Users\DELL\.m2\repository\org\springframework\cloud\spring-cloud-starter-netflix-eureka-client\3.1.3\spring-cloud-starter-netflix-eureka-client-3.1.3.jar;C:\Users\DELL\.m2\repository\org\springframework\cloud\spring-cloud-starter\3.1.3\spring-cloud-starter-3.1.3.jar;C:\Users\DELL\.m2\repository\org\springframework\cloud\spring-cloud-context\3.1.3\spring-cloud-context-3.1.3.jar;C:\Users\DELL\.m2\repository\org\springframework\security\spring-security-crypto\5.7.1\spring-security-crypto-5.7.1.jar;C:\Users\DELL\.m2\repository\org\springframework\cloud\spring-cloud-commons\3.1.3\spring-cloud-commons-3.1.3.jar;C:\Users\DELL\.m2\repository\org\springframework\security\spring-security-rsa\1.0.10.RELEASE\spring-security-rsa-1.0.10.RELEASE.jar;C:\Users\DELL\.m2\repository\org\bouncycastle\bcpkix-jdk15on\1.68\bcpkix-jdk15on-1.68.jar;C:\Users\DELL\.m2\repository\org\bouncycastle\bcprov-jdk15on\1.68\bcprov-jdk15on-1.68.jar;C:\Users\DELL\.m2\repository\org\springframework\cloud\spring-cloud-netflix-eureka-client\3.1.3\spring-cloud-netflix-eureka-client-3.1.3.jar;C:\Users\DELL\.m2\repository\com\netflix\eureka\eureka-client\1.10.17\eureka-client-1.10.17.jar;C:\Users\DELL\.m2\repository\com\netflix\netflix-commons\netflix-eventbus\0.3.0\netflix-eventbus-0.3.0.jar;C:\Users\DELL\.m2\repository\com\netflix\netflix-commons\netflix-infix\0.3.0\netflix-infix-0.3.0.jar;C:\Users\DELL\.m2\repository\commons-jxpath\commons-jxpath\1.3\commons-jxpath-1.3.jar;C:\Users\DELL\.m2\repository\joda-time\joda-time\2.3\joda-time-2.3.jar;C:\Users\DELL\.m2\repository\org\antlr\antlr-runtime\3.4\antlr-runtime-3.4.jar;C:\Users\DELL\.m2\repository\org\antlr\stringtemplate\3.2.1\stringtemplate-3.2.1.jar;C:\Users\DELL\.m2\repository\com\google\code\gson\gson\2.9.0\gson-2.9.0.jar;C:\Users\DELL\.m2\repository\org\apache\commons\commons-math\2.2\commons-math-2.2.jar;C:\Users\DELL\.m2\repository\com\thoughtworks\xstream\xstream\1.4.18\xstream-1.4.18.jar;C:\Users\DELL\.m2\repository\io\github\x-stream\mxparser\1.2.2\mxparser-1.2.2.jar;C:\Users\DELL\.m2\repository\xmlpull\xmlpull\1.1.3.1\xmlpull-1.1.3.1.jar;C:\Users\DELL\.m2\repository\javax\ws\rs\jsr311-api\1.1.1\jsr311-api-1.1.1.jar;C:\Users\DELL\.m2\repository\com\netflix\servo\servo-core\0.12.21\servo-core-0.12.21.jar;C:\Users\DELL\.m2\repository\com\google\guava\guava\19.0\guava-19.0.jar;C:\Users\DELL\.m2\repository\org\apache\httpcomponents\httpclient\4.5.13\httpclient-4.5.13.jar;C:\Users\DELL\.m2\repository\org\apache\httpcomponents\httpcore\4.4.15\httpcore-4.4.15.jar;C:\Users\DELL\.m2\repository\commons-codec\commons-codec\1.15\commons-codec-1.15.jar;C:\Users\DELL\.m2\repository\commons-configuration\commons-configuration\1.10\commons-configuration-1.10.jar;C:\Users\DELL\.m2\repository\commons-lang\commons-lang\2.6\commons-lang-2.6.jar;C:\Users\DELL\.m2\repository\com\google\inject\guice\4.1.0\guice-4.1.0.jar;C:\Users\DELL\.m2\repository\javax\inject\javax.inject\1\javax.inject-1.jar;C:\Users\DELL\.m2\repository\com\fasterxml\jackson\core\jackson-annotations\2.13.3\jackson-annotations-2.13.3.jar;C:\Users\DELL\.m2\repository\com\fasterxml\jackson\core\jackson-core\2.13.3\jackson-core-2.13.3.jar;C:\Users\DELL\.m2\repository\org\codehaus\jettison\jettison\1.4.0\jettison-1.4.0.jar;C:\Users\DELL\.m2\repository\com\netflix\eureka\eureka-core\1.10.17\eureka-core-1.10.17.jar;C:\Users\DELL\.m2\repository\com\fasterxml\woodstox\woodstox-core\6.2.1\woodstox-core-6.2.1.jar;C:\Users\DELL\.m2\repository\org\codehaus\woodstox\stax2-api\4.2.1\stax2-api-4.2.1.jar;C:\Users\DELL\.m2\repository\org\springframework\cloud\spring-cloud-starter-loadbalancer\3.1.3\spring-cloud-starter-loadbalancer-3.1.3.jar;C:\Users\DELL\.m2\repository\org\springframework\cloud\spring-cloud-loadbalancer\3.1.3\spring-cloud-loadbalancer-3.1.3.jar;C:\Users\DELL\.m2\repository\io\projectreactor\reactor-core\3.4.18\reactor-core-3.4.18.jar;C:\Users\DELL\.m2\repository\org\reactivestreams\reactive-streams\1.0.3\reactive-streams-1.0.3.jar;C:\Users\DELL\.m2\repository\io\projectreactor\addons\reactor-extra\3.4.8\reactor-extra-3.4.8.jar;C:\Users\DELL\.m2\repository\org\springframework\boot\spring-boot-starter-cache\2.7.0\spring-boot-starter-cache-2.7.0.jar;C:\Users\DELL\.m2\repository\org\springframework\spring-context-support\5.3.20\spring-context-support-5.3.20.jar;C:\Users\DELL\.m2\repository\com\stoyanr\evictor\1.0.0\evictor-1.0.0.jar;C:\Users\DELL\.m2\repository\mysql\mysql-connector-java\8.0.29\mysql-connector-java-8.0.29.jar;C:\Users\DELL\.m2\repository\org\projectlombok\lombok\1.18.24\lombok-1.18.24.jar;C:\Users\DELL\.m2\repository\jakarta\xml\bind\jakarta.xml.bind-api\2.3.3\jakarta.xml.bind-api-2.3.3.jar;C:\Users\DELL\.m2\repository\jakarta\activation\jakarta.activation-api\1.2.2\jakarta.activation-api-1.2.2.jar;C:\Users\DELL\.m2\repository\org\springframework\spring-core\5.3.20\spring-core-5.3.20.jar;C:\Users\DELL\.m2\repository\org\springframework\spring-jcl\5.3.20\spring-jcl-5.3.20.jar
Launcher Type: SUN_STANDARD

[Global flags]
     intx CICompilerCount                          = 4                                         {product} {ergonomic}
     uint ConcGCThreads                            = 2                                         {product} {ergonomic}
     uint G1ConcRefinementThreads                  = 8                                         {product} {ergonomic}
   size_t G1HeapRegionSize                         = 1048576                                   {product} {ergonomic}
    uintx GCDrainStackTargetSize                   = 64                                        {product} {ergonomic}
   size_t InitialHeapSize                          = 132120576                                 {product} {ergonomic}
   size_t MarkStackSize                            = 4194304                                   {product} {ergonomic}
   size_t MaxHeapSize                              = 2086666240                                {product} {ergonomic}
   size_t MaxNewSize                               = 1251999744                                {product} {ergonomic}
   size_t MinHeapDeltaBytes                        = 1048576                                   {product} {ergonomic}
   size_t MinHeapSize                              = 8388608                                   {product} {ergonomic}
    uintx NonNMethodCodeHeapSize                   = 5839372                                {pd product} {ergonomic}
    uintx NonProfiledCodeHeapSize                  = 122909434                              {pd product} {ergonomic}
    uintx ProfiledCodeHeapSize                     = 122909434                              {pd product} {ergonomic}
    uintx ReservedCodeCacheSize                    = 251658240                              {pd product} {ergonomic}
     bool SegmentedCodeCache                       = true                                      {product} {ergonomic}
     bool ShowCodeDetailsInExceptionMessages       = true                                   {manageable} {command line}
   size_t SoftMaxHeapSize                          = 2086666240                             {manageable} {ergonomic}
     bool UseCompressedClassPointers               = true                           {product lp64_product} {ergonomic}
     bool UseCompressedOops                        = true                           {product lp64_product} {ergonomic}
     bool UseG1GC                                  = true                                      {product} {ergonomic}
     bool UseLargePagesIndividualAllocation        = false                                  {pd product} {ergonomic}

Logging:
Log output configuration:
 #0: stdout all=warning uptime,level,tags foldmultilines=false
 #1: stderr all=off uptime,level,tags foldmultilines=false

Environment Variables:
PATH=C:/Users/DELL/.p2/pool/plugins/org.eclipse.justj.openjdk.hotspot.jre.full.win32.x86_64_18.0.1.v20220515-1614/jre/bin/server;C:/Users/DELL/.p2/pool/plugins/org.eclipse.justj.openjdk.hotspot.jre.full.win32.x86_64_18.0.1.v20220515-1614/jre/bin;C:\Program Files\Common Files\Oracle\Java\javapath;C:\Python310\Scripts\;C:\Python310\;C:\Program Files (x86)\Common Files\Oracle\Java\javapath;C:\Windows\system32;C:\Windows;C:\Windows\System32\Wbem;"C:\Windows\System32\WindowsPowerShell\v1.0\C:\Program Files\Java\jdk\bin;";C:\Windows\System32\OpenSSH\;C:\Maven\apache-maven-3.8.5\bin;C:\Program Files\nodejs\;C:\ProgramData\chocolatey\bin;C:\Program Files\MySQL\MySQL Shell 8.0\bin\;C:\Users\DELL\AppData\Local\Microsoft\WindowsApps;C:\Maven\bin\;C:\Users\DELL\AppData\Roaming\npm;C:\Program Files\JetBrains\IntelliJ IDEA Community Edition 2022.1.2\bin;;C:\Users\DELL\AppData\Local\Programs\Microsoft VS Code\bin;C:\Users\DELL\OneDrive\Desktop;
USERNAME=DELL
OS=Windows_NT
PROCESSOR_IDENTIFIER=Intel64 Family 6 Model 126 Stepping 5, GenuineIntel



---------------  S Y S T E M  ---------------

OS:
 Windows 10 , 64 bit Build 19041 (10.0.19041.1741)
OS uptime: 0 days 0:48 hours

CPU: total 8 (initial active 8) (4 cores per cpu, 2 threads per core) family 6 model 126 stepping 5 microcode 0xa8, cx8, cmov, fxsr, ht, mmx, 3dnowpref, sse, sse2, sse3, ssse3, sse4.1, sse4.2, popcnt, lzcnt, tsc, tscinvbit, avx, avx2, aes, erms, clmul, bmi1, bmi2, adx, avx512f, avx512dq, avx512cd, avx512bw, avx512vl, sha, fma, vzeroupper, avx512_vpopcntdq, avx512_vpclmulqdq, avx512_vaes, avx512_vnni, clflush, clflushopt, avx512_vbmi2, avx512_vbmi

Memory: 4k page, system-wide physical 7959M (1068M free)
TotalPageFile size 9959M (AvailPageFile size 91M)
current process WorkingSet (physical memory assigned to process): 88M, peak: 110M
current process commit charge ("private bytes"): 151M, peak: 240M

vm_info: OpenJDK 64-Bit Server VM (18.0.1+10) for windows-amd64 JRE (18.0.1+10), built on Apr 20 2022 05:04:48 by "" with MS VC++ 16.7 (VS2019)

END.
